Compilación iniciada a las 28/10/2013 13:16:17.
     1>Proyecto "D:\Xavi\Workspaces\Visual Studio 2012\IGr\practica1\freeglut project 2D\freeglut project 2D.vcxproj" en el nodo 2 (Build destinos).
     1>ClCompile:
         D:\Aplicaciones\Programacion\IDEs\Microsoft Visual Studio 11.0\VC\bin\CL.exe /c /I"D:\Xavi\Workspaces\Visual Studio 2012\IGr\practica1\freeglut\include\\" /Zi /nologo /W3 /WX- /O2 /Oi /Oy- /GL /D _MBCS /Gm- /EHsc /MD /GS /Gy /fp:precise /Zc:wchar_t /Zc:forScope /Fo"Release\\" /Fd"Release\vc110.pdb" /Gd /TP /analyze- /errorReport:prompt main.cpp
         main.cpp
     1>main.cpp(37): warning C4305: 'argumento' : truncamiento de 'double' a 'GLclampf'
     1>main.cpp(38): warning C4305: 'argumento' : truncamiento de 'double' a 'GLclampf'
     1>main.cpp(85): warning C4305: 'argumento' : truncamiento de 'double' a 'GLfloat'
       Link:
         D:\Aplicaciones\Programacion\IDEs\Microsoft Visual Studio 11.0\VC\bin\link.exe /ERRORREPORT:PROMPT /OUT:"D:\Xavi\Workspaces\Visual Studio 2012\IGr\practica1\Release\Practica1.exe" /NOLOGO /LIBPATH:"D:\Xavi\Workspaces\Visual Studio 2012\IGr\practica1\freeglut\lib\\" kernel32.lib user32.lib gdi32.lib winspool.lib comdlg32.lib advapi32.lib shell32.lib ole32.lib oleaut32.lib uuid.lib odbc32.lib odbccp32.lib /MANIFEST /MANIFESTUAC:"level='asInvoker' uiAccess='false'" /manifest:embed /DEBUG /PDB:"D:\Xavi\Workspaces\Visual Studio 2012\IGr\practica1\Release\Practica1.pdb" /OPT:REF /OPT:ICF /LTCG /TLBID:1 /DYNAMICBASE /NXCOMPAT /IMPLIB:"D:\Xavi\Workspaces\Visual Studio 2012\IGr\practica1\Release\Practica1.lib" /MACHINE:X86 /SAFESEH Release\Color.obj
         Release\main.obj
         Release\PV2D.obj
         Release\Scene.obj
         Release\Square.obj
         Release\Tree.obj
         Release\Turtle.obj
         Generando código
         Generación de código finalizada
         freeglut project 2D.vcxproj -> D:\Xavi\Workspaces\Visual Studio 2012\IGr\practica1\Release\Practica1.exe
     1>Compilación del proyecto terminada "D:\Xavi\Workspaces\Visual Studio 2012\IGr\practica1\freeglut project 2D\freeglut project 2D.vcxproj" (Build destinos).

Compilación correcta.

Tiempo transcurrido 00:00:01.42
