D:\XAVI\WORKSPACES\VISUAL STUDIO 2012\FREEGLUT PROJECT 2D\FREEGLUT PROJECT 2D\DEBUG\MAIN.OBJ
D:\XAVI\WORKSPACES\VISUAL STUDIO 2012\FREEGLUT PROJECT 2D\FREEGLUT PROJECT 2D\DEBUG\PV2D.OBJ
D:\XAVI\WORKSPACES\VISUAL STUDIO 2012\FREEGLUT PROJECT 2D\FREEGLUT PROJECT 2D\DEBUG\SQUARE.OBJ
D:\XAVI\WORKSPACES\VISUAL STUDIO 2012\FREEGLUT PROJECT 2D\FREEGLUT PROJECT 2D\DEBUG\TREE.OBJ
D:\XAVI\WORKSPACES\VISUAL STUDIO 2012\FREEGLUT PROJECT 2D\FREEGLUT PROJECT 2D\DEBUG\TURTLE.OBJ
D:\XAVI\WORKSPACES\VISUAL STUDIO 2012\FREEGLUT PROJECT 2D\FREEGLUT PROJECT 2D\DEBUG\VC110.PDB
D:\XAVI\WORKSPACES\VISUAL STUDIO 2012\FREEGLUT PROJECT 2D\DEBUG\FREEGLUT PROJECT 2D.ILK
D:\XAVI\WORKSPACES\VISUAL STUDIO 2012\FREEGLUT PROJECT 2D\DEBUG\FREEGLUT PROJECT 2D.EXE
D:\XAVI\WORKSPACES\VISUAL STUDIO 2012\FREEGLUT PROJECT 2D\DEBUG\FREEGLUT PROJECT 2D.PDB
D:\Xavi\Workspaces\Visual Studio 2012\freeglut project 2D\freeglut project 2D\Debug\main.obj
D:\Xavi\Workspaces\Visual Studio 2012\freeglut project 2D\freeglut project 2D\Debug\Prueba.obj
D:\Xavi\Workspaces\Visual Studio 2012\freeglut project 2D\freeglut project 2D\Debug\PV2D.obj
D:\Xavi\Workspaces\Visual Studio 2012\freeglut project 2D\freeglut project 2D\Debug\Square.obj
D:\Xavi\Workspaces\Visual Studio 2012\freeglut project 2D\freeglut project 2D\Debug\Tree.obj
D:\Xavi\Workspaces\Visual Studio 2012\freeglut project 2D\freeglut project 2D\Debug\Turtle.obj
D:\Xavi\Workspaces\Visual Studio 2012\freeglut project 2D\freeglut project 2D\Debug\cl.command.1.tlog
D:\Xavi\Workspaces\Visual Studio 2012\freeglut project 2D\freeglut project 2D\Debug\CL.read.1.tlog
D:\Xavi\Workspaces\Visual Studio 2012\freeglut project 2D\freeglut project 2D\Debug\CL.write.1.tlog
D:\Xavi\Workspaces\Visual Studio 2012\freeglut project 2D\freeglut project 2D\Debug\link-cvtres.read.1.tlog
D:\Xavi\Workspaces\Visual Studio 2012\freeglut project 2D\freeglut project 2D\Debug\link-cvtres.write.1.tlog
D:\Xavi\Workspaces\Visual Studio 2012\freeglut project 2D\freeglut project 2D\Debug\link-rc.read.1.tlog
D:\Xavi\Workspaces\Visual Studio 2012\freeglut project 2D\freeglut project 2D\Debug\link-rc.write.1.tlog
D:\Xavi\Workspaces\Visual Studio 2012\freeglut project 2D\freeglut project 2D\Debug\link.1624-cvtres.read.1.tlog
D:\Xavi\Workspaces\Visual Studio 2012\freeglut project 2D\freeglut project 2D\Debug\link.1624-cvtres.write.1.tlog
D:\Xavi\Workspaces\Visual Studio 2012\freeglut project 2D\freeglut project 2D\Debug\link.1624-rc.read.1.tlog
D:\Xavi\Workspaces\Visual Studio 2012\freeglut project 2D\freeglut project 2D\Debug\link.1624-rc.write.1.tlog
D:\Xavi\Workspaces\Visual Studio 2012\freeglut project 2D\freeglut project 2D\Debug\link.1624.read.1.tlog
D:\Xavi\Workspaces\Visual Studio 2012\freeglut project 2D\freeglut project 2D\Debug\link.1624.write.1.tlog
D:\Xavi\Workspaces\Visual Studio 2012\freeglut project 2D\freeglut project 2D\Debug\link.4776-cvtres.read.1.tlog
D:\Xavi\Workspaces\Visual Studio 2012\freeglut project 2D\freeglut project 2D\Debug\link.4776-cvtres.write.1.tlog
D:\Xavi\Workspaces\Visual Studio 2012\freeglut project 2D\freeglut project 2D\Debug\link.4776-rc.read.1.tlog
D:\Xavi\Workspaces\Visual Studio 2012\freeglut project 2D\freeglut project 2D\Debug\link.4776-rc.write.1.tlog
D:\Xavi\Workspaces\Visual Studio 2012\freeglut project 2D\freeglut project 2D\Debug\link.4776.read.1.tlog
D:\Xavi\Workspaces\Visual Studio 2012\freeglut project 2D\freeglut project 2D\Debug\link.4776.write.1.tlog
D:\Xavi\Workspaces\Visual Studio 2012\freeglut project 2D\freeglut project 2D\Debug\link.command.1.tlog
D:\Xavi\Workspaces\Visual Studio 2012\freeglut project 2D\freeglut project 2D\Debug\link.read.1.tlog
D:\Xavi\Workspaces\Visual Studio 2012\freeglut project 2D\freeglut project 2D\Debug\link.write.1.tlog
D:\Xavi\Workspaces\Visual Studio 2012\freeglut project 2D\freeglut project 2D\Debug\vc110.idb
D:\Xavi\Workspaces\Visual Studio 2012\freeglut project 2D\freeglut project 2D\Debug\vc110.pdb
D:\Xavi\Workspaces\Visual Studio 2012\freeglut project 2D\Debug\freeglut project 2D.pdb
D:\Xavi\Workspaces\Visual Studio 2012\freeglut project 2D\Debug\freeglut project 2D.exe
D:\Xavi\Workspaces\Visual Studio 2012\freeglut project 2D\Debug\freeglut project 2D.ilk
