D:\XAVI\WORKSPACES\VISUAL STUDIO 2012\IGR\PRACTICA6\FREEGLUT PROJECT 3D\DEBUG\CAMERA.OBJ
D:\XAVI\WORKSPACES\VISUAL STUDIO 2012\IGR\PRACTICA6\FREEGLUT PROJECT 3D\DEBUG\CAR.OBJ
D:\XAVI\WORKSPACES\VISUAL STUDIO 2012\IGR\PRACTICA6\FREEGLUT PROJECT 3D\DEBUG\CURVECIRC.OBJ
D:\XAVI\WORKSPACES\VISUAL STUDIO 2012\IGR\PRACTICA6\FREEGLUT PROJECT 3D\DEBUG\CURVEP5.OBJ
D:\XAVI\WORKSPACES\VISUAL STUDIO 2012\IGR\PRACTICA6\FREEGLUT PROJECT 3D\DEBUG\FACE.OBJ
D:\XAVI\WORKSPACES\VISUAL STUDIO 2012\IGR\PRACTICA6\FREEGLUT PROJECT 3D\DEBUG\MESH.OBJ
D:\XAVI\WORKSPACES\VISUAL STUDIO 2012\IGR\PRACTICA6\FREEGLUT PROJECT 3D\DEBUG\PAIR_VERTEXNORMAL.OBJ
D:\XAVI\WORKSPACES\VISUAL STUDIO 2012\IGR\PRACTICA6\FREEGLUT PROJECT 3D\DEBUG\PARAMETRICCURVE.OBJ
D:\XAVI\WORKSPACES\VISUAL STUDIO 2012\IGR\PRACTICA6\FREEGLUT PROJECT 3D\DEBUG\POLYGON.OBJ
D:\XAVI\WORKSPACES\VISUAL STUDIO 2012\IGR\PRACTICA6\FREEGLUT PROJECT 3D\DEBUG\PV3D.OBJ
D:\XAVI\WORKSPACES\VISUAL STUDIO 2012\IGR\PRACTICA6\FREEGLUT PROJECT 3D\DEBUG\REGULARPOLYGON.OBJ
D:\XAVI\WORKSPACES\VISUAL STUDIO 2012\IGR\PRACTICA6\FREEGLUT PROJECT 3D\DEBUG\ROLLERCOASTER.OBJ
D:\XAVI\WORKSPACES\VISUAL STUDIO 2012\IGR\PRACTICA6\FREEGLUT PROJECT 3D\DEBUG\WHEEL.OBJ
D:\XAVI\WORKSPACES\VISUAL STUDIO 2012\IGR\PRACTICA6\FREEGLUT PROJECT 3D\DEBUG\VC110.PDB
D:\XAVI\WORKSPACES\VISUAL STUDIO 2012\IGR\PRACTICA6\FREEGLUT PROJECT 3D\DEBUG\MAIN.OBJ
D:\XAVI\WORKSPACES\VISUAL STUDIO 2012\IGR\PRACTICA6\FREEGLUT PROJECT 3D\DEBUG\OBJECT3D.OBJ
D:\XAVI\WORKSPACES\VISUAL STUDIO 2012\IGR\PRACTICA6\FREEGLUT PROJECT 3D\DEBUG\AFFINET.OBJ
D:\XAVI\WORKSPACES\VISUAL STUDIO 2012\IGR\PRACTICA6\FREEGLUT PROJECT 3D\DEBUG\COMPOSITEOBJECT.OBJ
D:\XAVI\WORKSPACES\VISUAL STUDIO 2012\IGR\PRACTICA6\FREEGLUT PROJECT 3D\DEBUG\SCENE.OBJ
D:\XAVI\WORKSPACES\VISUAL STUDIO 2012\IGR\PRACTICA6\DEBUG\PRACTICA6.ILK
D:\XAVI\WORKSPACES\VISUAL STUDIO 2012\IGR\PRACTICA6\DEBUG\PRACTICA6.EXE
D:\XAVI\WORKSPACES\VISUAL STUDIO 2012\IGR\PRACTICA6\DEBUG\PRACTICA6.PDB
D:\Xavi\Workspaces\Visual Studio 2012\IGr\practica6\freeglut project 3D\Debug\AffineT.obj
D:\Xavi\Workspaces\Visual Studio 2012\IGr\practica6\freeglut project 3D\Debug\Camera.obj
D:\Xavi\Workspaces\Visual Studio 2012\IGr\practica6\freeglut project 3D\Debug\Car.obj
D:\Xavi\Workspaces\Visual Studio 2012\IGr\practica6\freeglut project 3D\Debug\CompositeObject.obj
D:\Xavi\Workspaces\Visual Studio 2012\IGr\practica6\freeglut project 3D\Debug\CurveCirc.obj
D:\Xavi\Workspaces\Visual Studio 2012\IGr\practica6\freeglut project 3D\Debug\CurveP5.obj
D:\Xavi\Workspaces\Visual Studio 2012\IGr\practica6\freeglut project 3D\Debug\Face.obj
D:\Xavi\Workspaces\Visual Studio 2012\IGr\practica6\freeglut project 3D\Debug\main.obj
D:\Xavi\Workspaces\Visual Studio 2012\IGr\practica6\freeglut project 3D\Debug\Mesh.obj
D:\Xavi\Workspaces\Visual Studio 2012\IGr\practica6\freeglut project 3D\Debug\Object3D.obj
D:\Xavi\Workspaces\Visual Studio 2012\IGr\practica6\freeglut project 3D\Debug\Pair_VertexNormal.obj
D:\Xavi\Workspaces\Visual Studio 2012\IGr\practica6\freeglut project 3D\Debug\ParametricCurve.obj
D:\Xavi\Workspaces\Visual Studio 2012\IGr\practica6\freeglut project 3D\Debug\Polygon.obj
D:\Xavi\Workspaces\Visual Studio 2012\IGr\practica6\freeglut project 3D\Debug\PV3D.obj
D:\Xavi\Workspaces\Visual Studio 2012\IGr\practica6\freeglut project 3D\Debug\RegularPolygon.obj
D:\Xavi\Workspaces\Visual Studio 2012\IGr\practica6\freeglut project 3D\Debug\RollerCoaster.obj
D:\Xavi\Workspaces\Visual Studio 2012\IGr\practica6\freeglut project 3D\Debug\Scene.obj
D:\Xavi\Workspaces\Visual Studio 2012\IGr\practica6\freeglut project 3D\Debug\Wheel.obj
D:\Xavi\Workspaces\Visual Studio 2012\IGr\practica6\freeglut project 3D\Debug\cl.command.1.tlog
D:\Xavi\Workspaces\Visual Studio 2012\IGr\practica6\freeglut project 3D\Debug\CL.read.1.tlog
D:\Xavi\Workspaces\Visual Studio 2012\IGr\practica6\freeglut project 3D\Debug\CL.write.1.tlog
D:\Xavi\Workspaces\Visual Studio 2012\IGr\practica6\freeglut project 3D\Debug\link-cvtres.read.1.tlog
D:\Xavi\Workspaces\Visual Studio 2012\IGr\practica6\freeglut project 3D\Debug\link-cvtres.write.1.tlog
D:\Xavi\Workspaces\Visual Studio 2012\IGr\practica6\freeglut project 3D\Debug\link-rc.read.1.tlog
D:\Xavi\Workspaces\Visual Studio 2012\IGr\practica6\freeglut project 3D\Debug\link-rc.write.1.tlog
D:\Xavi\Workspaces\Visual Studio 2012\IGr\practica6\freeglut project 3D\Debug\link.2768-cvtres.read.1.tlog
D:\Xavi\Workspaces\Visual Studio 2012\IGr\practica6\freeglut project 3D\Debug\link.2768-cvtres.write.1.tlog
D:\Xavi\Workspaces\Visual Studio 2012\IGr\practica6\freeglut project 3D\Debug\link.2768-rc.read.1.tlog
D:\Xavi\Workspaces\Visual Studio 2012\IGr\practica6\freeglut project 3D\Debug\link.2768-rc.write.1.tlog
D:\Xavi\Workspaces\Visual Studio 2012\IGr\practica6\freeglut project 3D\Debug\link.2768.read.1.tlog
D:\Xavi\Workspaces\Visual Studio 2012\IGr\practica6\freeglut project 3D\Debug\link.2768.write.1.tlog
D:\Xavi\Workspaces\Visual Studio 2012\IGr\practica6\freeglut project 3D\Debug\link.3636-cvtres.read.1.tlog
D:\Xavi\Workspaces\Visual Studio 2012\IGr\practica6\freeglut project 3D\Debug\link.3636-cvtres.write.1.tlog
D:\Xavi\Workspaces\Visual Studio 2012\IGr\practica6\freeglut project 3D\Debug\link.3636-rc.read.1.tlog
D:\Xavi\Workspaces\Visual Studio 2012\IGr\practica6\freeglut project 3D\Debug\link.3636-rc.write.1.tlog
D:\Xavi\Workspaces\Visual Studio 2012\IGr\practica6\freeglut project 3D\Debug\link.3636.read.1.tlog
D:\Xavi\Workspaces\Visual Studio 2012\IGr\practica6\freeglut project 3D\Debug\link.3636.write.1.tlog
D:\Xavi\Workspaces\Visual Studio 2012\IGr\practica6\freeglut project 3D\Debug\link.428-cvtres.read.1.tlog
D:\Xavi\Workspaces\Visual Studio 2012\IGr\practica6\freeglut project 3D\Debug\link.428-cvtres.write.1.tlog
D:\Xavi\Workspaces\Visual Studio 2012\IGr\practica6\freeglut project 3D\Debug\link.428-rc.read.1.tlog
D:\Xavi\Workspaces\Visual Studio 2012\IGr\practica6\freeglut project 3D\Debug\link.428-rc.write.1.tlog
D:\Xavi\Workspaces\Visual Studio 2012\IGr\practica6\freeglut project 3D\Debug\link.428.read.1.tlog
D:\Xavi\Workspaces\Visual Studio 2012\IGr\practica6\freeglut project 3D\Debug\link.428.write.1.tlog
D:\Xavi\Workspaces\Visual Studio 2012\IGr\practica6\freeglut project 3D\Debug\link.6132-cvtres.read.1.tlog
D:\Xavi\Workspaces\Visual Studio 2012\IGr\practica6\freeglut project 3D\Debug\link.6132-cvtres.write.1.tlog
D:\Xavi\Workspaces\Visual Studio 2012\IGr\practica6\freeglut project 3D\Debug\link.6132-rc.read.1.tlog
D:\Xavi\Workspaces\Visual Studio 2012\IGr\practica6\freeglut project 3D\Debug\link.6132-rc.write.1.tlog
D:\Xavi\Workspaces\Visual Studio 2012\IGr\practica6\freeglut project 3D\Debug\link.6132.read.1.tlog
D:\Xavi\Workspaces\Visual Studio 2012\IGr\practica6\freeglut project 3D\Debug\link.6132.write.1.tlog
D:\Xavi\Workspaces\Visual Studio 2012\IGr\practica6\freeglut project 3D\Debug\link.6280-cvtres.read.1.tlog
D:\Xavi\Workspaces\Visual Studio 2012\IGr\practica6\freeglut project 3D\Debug\link.6280-cvtres.write.1.tlog
D:\Xavi\Workspaces\Visual Studio 2012\IGr\practica6\freeglut project 3D\Debug\link.6280-rc.read.1.tlog
D:\Xavi\Workspaces\Visual Studio 2012\IGr\practica6\freeglut project 3D\Debug\link.6280-rc.write.1.tlog
D:\Xavi\Workspaces\Visual Studio 2012\IGr\practica6\freeglut project 3D\Debug\link.6280.read.1.tlog
D:\Xavi\Workspaces\Visual Studio 2012\IGr\practica6\freeglut project 3D\Debug\link.6280.write.1.tlog
D:\Xavi\Workspaces\Visual Studio 2012\IGr\practica6\freeglut project 3D\Debug\link.7332-cvtres.read.1.tlog
D:\Xavi\Workspaces\Visual Studio 2012\IGr\practica6\freeglut project 3D\Debug\link.7332-cvtres.write.1.tlog
D:\Xavi\Workspaces\Visual Studio 2012\IGr\practica6\freeglut project 3D\Debug\link.7332-rc.read.1.tlog
D:\Xavi\Workspaces\Visual Studio 2012\IGr\practica6\freeglut project 3D\Debug\link.7332-rc.write.1.tlog
D:\Xavi\Workspaces\Visual Studio 2012\IGr\practica6\freeglut project 3D\Debug\link.7332.read.1.tlog
D:\Xavi\Workspaces\Visual Studio 2012\IGr\practica6\freeglut project 3D\Debug\link.7332.write.1.tlog
D:\Xavi\Workspaces\Visual Studio 2012\IGr\practica6\freeglut project 3D\Debug\link.command.1.tlog
D:\Xavi\Workspaces\Visual Studio 2012\IGr\practica6\freeglut project 3D\Debug\link.read.1.tlog
D:\Xavi\Workspaces\Visual Studio 2012\IGr\practica6\freeglut project 3D\Debug\link.write.1.tlog
D:\Xavi\Workspaces\Visual Studio 2012\IGr\practica6\freeglut project 3D\Debug\vc110.idb
D:\Xavi\Workspaces\Visual Studio 2012\IGr\practica6\freeglut project 3D\Debug\vc110.pdb
D:\Xavi\Workspaces\Visual Studio 2012\IGr\practica6\Debug\practica6.pdb
D:\Xavi\Workspaces\Visual Studio 2012\IGr\practica6\Debug\practica6.exe
D:\Xavi\Workspaces\Visual Studio 2012\IGr\practica6\Debug\practica6.ilk
