Compilación iniciada a las 23/10/2013 14:08:30.
     1>Proyecto "C:\hlocal\igr\practica1\freeglut project 2D\freeglut project 2D.vcxproj" en el nodo 2 (Build destinos).
     1>ClCompile:
         C:\software\programacion\MSVStudio2012\VC\bin\CL.exe /c /IC:\hlocal\igr\practica1\freeglut\include\ /ZI /nologo /W3 /WX- /Od /Oy- /D _MBCS /Gm /EHsc /RTC1 /MDd /GS /fp:precise /Zc:wchar_t /Zc:forScope /Fo"Debug\\" /Fd"Debug\vc110.pdb" /Gd /TP /analyze- /errorReport:prompt Scene.cpp main.cpp
         main.cpp
     1>c:\hlocal\igr\practica1\freeglut project 2d\main.cpp(94): warning C4305: 'argumento' : truncamiento de 'double' a 'GLfloat'
         Scene.cpp
         Generando código...
     1>c:\hlocal\igr\practica1\freeglut project 2d\scene.cpp(59): warning C4700: se utilizó la variable local 'sva_y' sin inicializar
     1>c:\hlocal\igr\practica1\freeglut project 2d\scene.cpp(59): warning C4700: se utilizó la variable local 'sva_x' sin inicializar
       Link:
         C:\software\programacion\MSVStudio2012\VC\bin\link.exe /ERRORREPORT:PROMPT /OUT:"C:\hlocal\igr\practica1\Debug\Practica1.exe" /INCREMENTAL /NOLOGO /LIBPATH:C:\hlocal\igr\practica1\freeglut\lib\ kernel32.lib user32.lib gdi32.lib winspool.lib comdlg32.lib advapi32.lib shell32.lib ole32.lib oleaut32.lib uuid.lib odbc32.lib odbccp32.lib /MANIFEST /MANIFESTUAC:"level='asInvoker' uiAccess='false'" /manifest:embed /DEBUG /PDB:"C:\hlocal\igr\practica1\Debug\Practica1.pdb" /TLBID:1 /DYNAMICBASE /NXCOMPAT /IMPLIB:"C:\hlocal\igr\practica1\Debug\Practica1.lib" /MACHINE:X86 Debug\Color.obj
         Debug\main.obj
         Debug\PV2D.obj
         Debug\Scene.obj
         Debug\Square.obj
         Debug\Tree.obj
         Debug\Turtle.obj
         freeglut project 2D.vcxproj -> C:\hlocal\igr\practica1\Debug\Practica1.exe
     1>Compilación del proyecto terminada "C:\hlocal\igr\practica1\freeglut project 2D\freeglut project 2D.vcxproj" (Build destinos).

Compilación correcta.

Tiempo transcurrido 00:00:02.16
