D:\XAVI\WORKSPACES\VISUAL STUDIO 2012\IGR\PRACTICA1\FREEGLUT PROJECT 2D\DEBUG\MAIN.OBJ
D:\XAVI\WORKSPACES\VISUAL STUDIO 2012\IGR\PRACTICA1\FREEGLUT PROJECT 2D\DEBUG\PV2D.OBJ
D:\XAVI\WORKSPACES\VISUAL STUDIO 2012\IGR\PRACTICA1\FREEGLUT PROJECT 2D\DEBUG\SCENE.OBJ
D:\XAVI\WORKSPACES\VISUAL STUDIO 2012\IGR\PRACTICA1\FREEGLUT PROJECT 2D\DEBUG\SQUARE.OBJ
D:\XAVI\WORKSPACES\VISUAL STUDIO 2012\IGR\PRACTICA1\FREEGLUT PROJECT 2D\DEBUG\TREE.OBJ
D:\XAVI\WORKSPACES\VISUAL STUDIO 2012\IGR\PRACTICA1\FREEGLUT PROJECT 2D\DEBUG\TURTLE.OBJ
D:\XAVI\WORKSPACES\VISUAL STUDIO 2012\IGR\PRACTICA1\FREEGLUT PROJECT 2D\DEBUG\VC110.PDB
D:\XAVI\WORKSPACES\VISUAL STUDIO 2012\IGR\PRACTICA1\FREEGLUT PROJECT 2D\DEBUG\COLOR.OBJ
D:\XAVI\WORKSPACES\VISUAL STUDIO 2012\IGR\PRACTICA1\DEBUG\PRACTICA1.ILK
D:\XAVI\WORKSPACES\VISUAL STUDIO 2012\IGR\PRACTICA1\DEBUG\PRACTICA1.EXE
D:\XAVI\WORKSPACES\VISUAL STUDIO 2012\IGR\PRACTICA1\DEBUG\PRACTICA1.PDB
D:\Xavi\Workspaces\Visual Studio 2012\IGr\practica1\freeglut project 2D\Debug\Color.obj
D:\Xavi\Workspaces\Visual Studio 2012\IGr\practica1\freeglut project 2D\Debug\main.obj
D:\Xavi\Workspaces\Visual Studio 2012\IGr\practica1\freeglut project 2D\Debug\PV2D.obj
D:\Xavi\Workspaces\Visual Studio 2012\IGr\practica1\freeglut project 2D\Debug\Scene.obj
D:\Xavi\Workspaces\Visual Studio 2012\IGr\practica1\freeglut project 2D\Debug\Square.obj
D:\Xavi\Workspaces\Visual Studio 2012\IGr\practica1\freeglut project 2D\Debug\Tree.obj
D:\Xavi\Workspaces\Visual Studio 2012\IGr\practica1\freeglut project 2D\Debug\Turtle.obj
D:\Xavi\Workspaces\Visual Studio 2012\IGr\practica1\freeglut project 2D\Debug\cl.command.1.tlog
D:\Xavi\Workspaces\Visual Studio 2012\IGr\practica1\freeglut project 2D\Debug\CL.read.1.tlog
D:\Xavi\Workspaces\Visual Studio 2012\IGr\practica1\freeglut project 2D\Debug\CL.write.1.tlog
D:\Xavi\Workspaces\Visual Studio 2012\IGr\practica1\freeglut project 2D\Debug\link-cvtres.read.1.tlog
D:\Xavi\Workspaces\Visual Studio 2012\IGr\practica1\freeglut project 2D\Debug\link-cvtres.write.1.tlog
D:\Xavi\Workspaces\Visual Studio 2012\IGr\practica1\freeglut project 2D\Debug\link-rc.read.1.tlog
D:\Xavi\Workspaces\Visual Studio 2012\IGr\practica1\freeglut project 2D\Debug\link-rc.write.1.tlog
D:\Xavi\Workspaces\Visual Studio 2012\IGr\practica1\freeglut project 2D\Debug\link.2788-cvtres.read.1.tlog
D:\Xavi\Workspaces\Visual Studio 2012\IGr\practica1\freeglut project 2D\Debug\link.2788-cvtres.write.1.tlog
D:\Xavi\Workspaces\Visual Studio 2012\IGr\practica1\freeglut project 2D\Debug\link.2788-rc.read.1.tlog
D:\Xavi\Workspaces\Visual Studio 2012\IGr\practica1\freeglut project 2D\Debug\link.2788-rc.write.1.tlog
D:\Xavi\Workspaces\Visual Studio 2012\IGr\practica1\freeglut project 2D\Debug\link.2788.read.1.tlog
D:\Xavi\Workspaces\Visual Studio 2012\IGr\practica1\freeglut project 2D\Debug\link.2788.write.1.tlog
D:\Xavi\Workspaces\Visual Studio 2012\IGr\practica1\freeglut project 2D\Debug\link.6108-cvtres.read.1.tlog
D:\Xavi\Workspaces\Visual Studio 2012\IGr\practica1\freeglut project 2D\Debug\link.6108-cvtres.write.1.tlog
D:\Xavi\Workspaces\Visual Studio 2012\IGr\practica1\freeglut project 2D\Debug\link.6108-rc.read.1.tlog
D:\Xavi\Workspaces\Visual Studio 2012\IGr\practica1\freeglut project 2D\Debug\link.6108-rc.write.1.tlog
D:\Xavi\Workspaces\Visual Studio 2012\IGr\practica1\freeglut project 2D\Debug\link.6108.read.1.tlog
D:\Xavi\Workspaces\Visual Studio 2012\IGr\practica1\freeglut project 2D\Debug\link.6108.write.1.tlog
D:\Xavi\Workspaces\Visual Studio 2012\IGr\practica1\freeglut project 2D\Debug\link.command.1.tlog
D:\Xavi\Workspaces\Visual Studio 2012\IGr\practica1\freeglut project 2D\Debug\link.read.1.tlog
D:\Xavi\Workspaces\Visual Studio 2012\IGr\practica1\freeglut project 2D\Debug\link.write.1.tlog
D:\Xavi\Workspaces\Visual Studio 2012\IGr\practica1\freeglut project 2D\Debug\vc110.idb
D:\Xavi\Workspaces\Visual Studio 2012\IGr\practica1\freeglut project 2D\Debug\vc110.pdb
D:\Xavi\Workspaces\Visual Studio 2012\IGr\practica1\Debug\Practica1.pdb
D:\Xavi\Workspaces\Visual Studio 2012\IGr\practica1\Debug\Practica1.exe
D:\Xavi\Workspaces\Visual Studio 2012\IGr\practica1\Debug\Practica1.ilk
