D:\XAVI\WORKSPACES\VISUAL STUDIO 2012\IGR\PRACTICA3\DEBUG\WINCLIOPENGL.OBJ
D:\XAVI\WORKSPACES\VISUAL STUDIO 2012\IGR\PRACTICA3\DEBUG\WFORMGL.OBJ
D:\XAVI\WORKSPACES\VISUAL STUDIO 2012\IGR\PRACTICA3\DEBUG\SCENE.OBJ
D:\XAVI\WORKSPACES\VISUAL STUDIO 2012\IGR\PRACTICA3\DEBUG\TURTLE.OBJ
D:\XAVI\WORKSPACES\VISUAL STUDIO 2012\IGR\PRACTICA3\DEBUG\TRIANGLE.OBJ
D:\XAVI\WORKSPACES\VISUAL STUDIO 2012\IGR\PRACTICA3\DEBUG\RGBCOLOR.OBJ
D:\XAVI\WORKSPACES\VISUAL STUDIO 2012\IGR\PRACTICA3\DEBUG\REGPOL.OBJ
D:\XAVI\WORKSPACES\VISUAL STUDIO 2012\IGR\PRACTICA3\DEBUG\PV2D.OBJ
D:\XAVI\WORKSPACES\VISUAL STUDIO 2012\IGR\PRACTICA3\DEBUG\ELIPSE.OBJ
D:\XAVI\WORKSPACES\VISUAL STUDIO 2012\IGR\PRACTICA3\DEBUG\CONVEXPOLYGON.OBJ
D:\XAVI\WORKSPACES\VISUAL STUDIO 2012\IGR\PRACTICA3\DEBUG\CIRCLE.OBJ
D:\XAVI\WORKSPACES\VISUAL STUDIO 2012\IGR\PRACTICA3\DEBUG\BALL.OBJ
D:\XAVI\WORKSPACES\VISUAL STUDIO 2012\IGR\PRACTICA3\DEBUG\VC110.PDB
D:\XAVI\WORKSPACES\VISUAL STUDIO 2012\IGR\PRACTICA3\DEBUG\.NETFRAMEWORK,VERSION=V4.5.ASSEMBLYATTRIBUTES.OBJ
D:\XAVI\WORKSPACES\VISUAL STUDIO 2012\IGR\PRACTICA3\DEBUG\PRACTICA3.ILK
D:\XAVI\WORKSPACES\VISUAL STUDIO 2012\IGR\PRACTICA3\DEBUG\PRACTICA3.EXE
D:\XAVI\WORKSPACES\VISUAL STUDIO 2012\IGR\PRACTICA3\DEBUG\PRACTICA3.PDB
D:\Xavi\Workspaces\Visual Studio 2012\IGr\practica3\Debug\WinCLI1.WFormGL.resources
D:\Xavi\Workspaces\Visual Studio 2012\IGr\practica3\Debug\WinCLI1.vcxproj.GenerateResource.Cache
D:\Xavi\Workspaces\Visual Studio 2012\IGr\practica3\Debug\WinCLI1.vcxprojResolveAssemblyReference.cache
D:\Xavi\Workspaces\Visual Studio 2012\IGr\practica3\Debug\.NETFramework,Version=v4.5.AssemblyAttributes.obj
D:\Xavi\Workspaces\Visual Studio 2012\IGr\practica3\Debug\Ball.obj
D:\Xavi\Workspaces\Visual Studio 2012\IGr\practica3\Debug\Circle.obj
D:\Xavi\Workspaces\Visual Studio 2012\IGr\practica3\Debug\ConvexPolygon.obj
D:\Xavi\Workspaces\Visual Studio 2012\IGr\practica3\Debug\Elipse.obj
D:\Xavi\Workspaces\Visual Studio 2012\IGr\practica3\Debug\PV2D.obj
D:\Xavi\Workspaces\Visual Studio 2012\IGr\practica3\Debug\RegPol.obj
D:\Xavi\Workspaces\Visual Studio 2012\IGr\practica3\Debug\RGBColor.obj
D:\Xavi\Workspaces\Visual Studio 2012\IGr\practica3\Debug\Scene.obj
D:\Xavi\Workspaces\Visual Studio 2012\IGr\practica3\Debug\Triangle.obj
D:\Xavi\Workspaces\Visual Studio 2012\IGr\practica3\Debug\Turtle.obj
D:\Xavi\Workspaces\Visual Studio 2012\IGr\practica3\Debug\WFormGL.obj
D:\Xavi\Workspaces\Visual Studio 2012\IGr\practica3\Debug\WinCliOpenGL.obj
D:\Xavi\Workspaces\Visual Studio 2012\IGr\practica3\Debug\practica3.ilk
D:\Xavi\Workspaces\Visual Studio 2012\IGr\practica3\Debug\cl.command.1.tlog
D:\Xavi\Workspaces\Visual Studio 2012\IGr\practica3\Debug\CL.read.1.tlog
D:\Xavi\Workspaces\Visual Studio 2012\IGr\practica3\Debug\CL.write.1.tlog
D:\Xavi\Workspaces\Visual Studio 2012\IGr\practica3\Debug\link.10368-cvtres.read.1.tlog
D:\Xavi\Workspaces\Visual Studio 2012\IGr\practica3\Debug\link.10368-cvtres.write.1.tlog
D:\Xavi\Workspaces\Visual Studio 2012\IGr\practica3\Debug\link.10368-rc.read.1.tlog
D:\Xavi\Workspaces\Visual Studio 2012\IGr\practica3\Debug\link.10368-rc.write.1.tlog
D:\Xavi\Workspaces\Visual Studio 2012\IGr\practica3\Debug\link.10368.read.1.tlog
D:\Xavi\Workspaces\Visual Studio 2012\IGr\practica3\Debug\link.10368.write.1.tlog
D:\Xavi\Workspaces\Visual Studio 2012\IGr\practica3\Debug\link.10440-cvtres.read.1.tlog
D:\Xavi\Workspaces\Visual Studio 2012\IGr\practica3\Debug\link.10440-cvtres.write.1.tlog
D:\Xavi\Workspaces\Visual Studio 2012\IGr\practica3\Debug\link.10440-rc.read.1.tlog
D:\Xavi\Workspaces\Visual Studio 2012\IGr\practica3\Debug\link.10440-rc.write.1.tlog
D:\Xavi\Workspaces\Visual Studio 2012\IGr\practica3\Debug\link.10440.read.1.tlog
D:\Xavi\Workspaces\Visual Studio 2012\IGr\practica3\Debug\link.10440.write.1.tlog
D:\Xavi\Workspaces\Visual Studio 2012\IGr\practica3\Debug\link.10456-cvtres.read.1.tlog
D:\Xavi\Workspaces\Visual Studio 2012\IGr\practica3\Debug\link.10456-cvtres.write.1.tlog
D:\Xavi\Workspaces\Visual Studio 2012\IGr\practica3\Debug\link.10456-rc.read.1.tlog
D:\Xavi\Workspaces\Visual Studio 2012\IGr\practica3\Debug\link.10456-rc.write.1.tlog
D:\Xavi\Workspaces\Visual Studio 2012\IGr\practica3\Debug\link.10456.read.1.tlog
D:\Xavi\Workspaces\Visual Studio 2012\IGr\practica3\Debug\link.10456.write.1.tlog
D:\Xavi\Workspaces\Visual Studio 2012\IGr\practica3\Debug\link.10748-cvtres.read.1.tlog
D:\Xavi\Workspaces\Visual Studio 2012\IGr\practica3\Debug\link.10748-cvtres.write.1.tlog
D:\Xavi\Workspaces\Visual Studio 2012\IGr\practica3\Debug\link.10748-rc.read.1.tlog
D:\Xavi\Workspaces\Visual Studio 2012\IGr\practica3\Debug\link.10748-rc.write.1.tlog
D:\Xavi\Workspaces\Visual Studio 2012\IGr\practica3\Debug\link.10748.read.1.tlog
D:\Xavi\Workspaces\Visual Studio 2012\IGr\practica3\Debug\link.10748.write.1.tlog
D:\Xavi\Workspaces\Visual Studio 2012\IGr\practica3\Debug\link.10892-cvtres.read.1.tlog
D:\Xavi\Workspaces\Visual Studio 2012\IGr\practica3\Debug\link.10892-cvtres.write.1.tlog
D:\Xavi\Workspaces\Visual Studio 2012\IGr\practica3\Debug\link.10892-rc.read.1.tlog
D:\Xavi\Workspaces\Visual Studio 2012\IGr\practica3\Debug\link.10892-rc.write.1.tlog
D:\Xavi\Workspaces\Visual Studio 2012\IGr\practica3\Debug\link.10892.read.1.tlog
D:\Xavi\Workspaces\Visual Studio 2012\IGr\practica3\Debug\link.10892.write.1.tlog
D:\Xavi\Workspaces\Visual Studio 2012\IGr\practica3\Debug\link.11144-cvtres.read.1.tlog
D:\Xavi\Workspaces\Visual Studio 2012\IGr\practica3\Debug\link.11144-cvtres.write.1.tlog
D:\Xavi\Workspaces\Visual Studio 2012\IGr\practica3\Debug\link.11144-rc.read.1.tlog
D:\Xavi\Workspaces\Visual Studio 2012\IGr\practica3\Debug\link.11144-rc.write.1.tlog
D:\Xavi\Workspaces\Visual Studio 2012\IGr\practica3\Debug\link.11144.read.1.tlog
D:\Xavi\Workspaces\Visual Studio 2012\IGr\practica3\Debug\link.11144.write.1.tlog
D:\Xavi\Workspaces\Visual Studio 2012\IGr\practica3\Debug\link.11184-cvtres.read.1.tlog
D:\Xavi\Workspaces\Visual Studio 2012\IGr\practica3\Debug\link.11184-cvtres.write.1.tlog
D:\Xavi\Workspaces\Visual Studio 2012\IGr\practica3\Debug\link.11184-rc.read.1.tlog
D:\Xavi\Workspaces\Visual Studio 2012\IGr\practica3\Debug\link.11184-rc.write.1.tlog
D:\Xavi\Workspaces\Visual Studio 2012\IGr\practica3\Debug\link.11184.read.1.tlog
D:\Xavi\Workspaces\Visual Studio 2012\IGr\practica3\Debug\link.11184.write.1.tlog
D:\Xavi\Workspaces\Visual Studio 2012\IGr\practica3\Debug\link.11212-cvtres.read.1.tlog
D:\Xavi\Workspaces\Visual Studio 2012\IGr\practica3\Debug\link.11212-cvtres.write.1.tlog
D:\Xavi\Workspaces\Visual Studio 2012\IGr\practica3\Debug\link.11212-rc.read.1.tlog
D:\Xavi\Workspaces\Visual Studio 2012\IGr\practica3\Debug\link.11212-rc.write.1.tlog
D:\Xavi\Workspaces\Visual Studio 2012\IGr\practica3\Debug\link.11212.read.1.tlog
D:\Xavi\Workspaces\Visual Studio 2012\IGr\practica3\Debug\link.11212.write.1.tlog
D:\Xavi\Workspaces\Visual Studio 2012\IGr\practica3\Debug\link.11652-cvtres.read.1.tlog
D:\Xavi\Workspaces\Visual Studio 2012\IGr\practica3\Debug\link.11652-cvtres.write.1.tlog
D:\Xavi\Workspaces\Visual Studio 2012\IGr\practica3\Debug\link.11652-rc.read.1.tlog
D:\Xavi\Workspaces\Visual Studio 2012\IGr\practica3\Debug\link.11652-rc.write.1.tlog
D:\Xavi\Workspaces\Visual Studio 2012\IGr\practica3\Debug\link.11652.read.1.tlog
D:\Xavi\Workspaces\Visual Studio 2012\IGr\practica3\Debug\link.11652.write.1.tlog
D:\Xavi\Workspaces\Visual Studio 2012\IGr\practica3\Debug\link.11656-cvtres.read.1.tlog
D:\Xavi\Workspaces\Visual Studio 2012\IGr\practica3\Debug\link.11656-cvtres.write.1.tlog
D:\Xavi\Workspaces\Visual Studio 2012\IGr\practica3\Debug\link.11656-rc.read.1.tlog
D:\Xavi\Workspaces\Visual Studio 2012\IGr\practica3\Debug\link.11656-rc.write.1.tlog
D:\Xavi\Workspaces\Visual Studio 2012\IGr\practica3\Debug\link.11656.read.1.tlog
D:\Xavi\Workspaces\Visual Studio 2012\IGr\practica3\Debug\link.11656.write.1.tlog
D:\Xavi\Workspaces\Visual Studio 2012\IGr\practica3\Debug\link.11684-cvtres.read.1.tlog
D:\Xavi\Workspaces\Visual Studio 2012\IGr\practica3\Debug\link.11684-cvtres.write.1.tlog
D:\Xavi\Workspaces\Visual Studio 2012\IGr\practica3\Debug\link.11684-rc.read.1.tlog
D:\Xavi\Workspaces\Visual Studio 2012\IGr\practica3\Debug\link.11684-rc.write.1.tlog
D:\Xavi\Workspaces\Visual Studio 2012\IGr\practica3\Debug\link.11684.read.1.tlog
D:\Xavi\Workspaces\Visual Studio 2012\IGr\practica3\Debug\link.11684.write.1.tlog
D:\Xavi\Workspaces\Visual Studio 2012\IGr\practica3\Debug\link.11756-cvtres.read.1.tlog
D:\Xavi\Workspaces\Visual Studio 2012\IGr\practica3\Debug\link.11756-cvtres.write.1.tlog
D:\Xavi\Workspaces\Visual Studio 2012\IGr\practica3\Debug\link.11756-rc.read.1.tlog
D:\Xavi\Workspaces\Visual Studio 2012\IGr\practica3\Debug\link.11756-rc.write.1.tlog
D:\Xavi\Workspaces\Visual Studio 2012\IGr\practica3\Debug\link.11756.read.1.tlog
D:\Xavi\Workspaces\Visual Studio 2012\IGr\practica3\Debug\link.11756.write.1.tlog
D:\Xavi\Workspaces\Visual Studio 2012\IGr\practica3\Debug\link.11900-cvtres.read.1.tlog
D:\Xavi\Workspaces\Visual Studio 2012\IGr\practica3\Debug\link.11900-cvtres.write.1.tlog
D:\Xavi\Workspaces\Visual Studio 2012\IGr\practica3\Debug\link.11900-rc.read.1.tlog
D:\Xavi\Workspaces\Visual Studio 2012\IGr\practica3\Debug\link.11900-rc.write.1.tlog
D:\Xavi\Workspaces\Visual Studio 2012\IGr\practica3\Debug\link.11900.read.1.tlog
D:\Xavi\Workspaces\Visual Studio 2012\IGr\practica3\Debug\link.11900.write.1.tlog
D:\Xavi\Workspaces\Visual Studio 2012\IGr\practica3\Debug\link.12396-cvtres.read.1.tlog
D:\Xavi\Workspaces\Visual Studio 2012\IGr\practica3\Debug\link.12396-cvtres.write.1.tlog
D:\Xavi\Workspaces\Visual Studio 2012\IGr\practica3\Debug\link.12396-rc.read.1.tlog
D:\Xavi\Workspaces\Visual Studio 2012\IGr\practica3\Debug\link.12396-rc.write.1.tlog
D:\Xavi\Workspaces\Visual Studio 2012\IGr\practica3\Debug\link.12396.read.1.tlog
D:\Xavi\Workspaces\Visual Studio 2012\IGr\practica3\Debug\link.12396.write.1.tlog
D:\Xavi\Workspaces\Visual Studio 2012\IGr\practica3\Debug\link.12752-cvtres.read.1.tlog
D:\Xavi\Workspaces\Visual Studio 2012\IGr\practica3\Debug\link.12752-cvtres.write.1.tlog
D:\Xavi\Workspaces\Visual Studio 2012\IGr\practica3\Debug\link.12752-rc.read.1.tlog
D:\Xavi\Workspaces\Visual Studio 2012\IGr\practica3\Debug\link.12752-rc.write.1.tlog
D:\Xavi\Workspaces\Visual Studio 2012\IGr\practica3\Debug\link.12752.read.1.tlog
D:\Xavi\Workspaces\Visual Studio 2012\IGr\practica3\Debug\link.12752.write.1.tlog
D:\Xavi\Workspaces\Visual Studio 2012\IGr\practica3\Debug\link.12768-cvtres.read.1.tlog
D:\Xavi\Workspaces\Visual Studio 2012\IGr\practica3\Debug\link.12768-cvtres.write.1.tlog
D:\Xavi\Workspaces\Visual Studio 2012\IGr\practica3\Debug\link.12768-rc.read.1.tlog
D:\Xavi\Workspaces\Visual Studio 2012\IGr\practica3\Debug\link.12768-rc.write.1.tlog
D:\Xavi\Workspaces\Visual Studio 2012\IGr\practica3\Debug\link.12768.read.1.tlog
D:\Xavi\Workspaces\Visual Studio 2012\IGr\practica3\Debug\link.12768.write.1.tlog
D:\Xavi\Workspaces\Visual Studio 2012\IGr\practica3\Debug\link.13192-cvtres.read.1.tlog
D:\Xavi\Workspaces\Visual Studio 2012\IGr\practica3\Debug\link.13192-cvtres.write.1.tlog
D:\Xavi\Workspaces\Visual Studio 2012\IGr\practica3\Debug\link.13192-rc.read.1.tlog
D:\Xavi\Workspaces\Visual Studio 2012\IGr\practica3\Debug\link.13192-rc.write.1.tlog
D:\Xavi\Workspaces\Visual Studio 2012\IGr\practica3\Debug\link.13192.read.1.tlog
D:\Xavi\Workspaces\Visual Studio 2012\IGr\practica3\Debug\link.13192.write.1.tlog
D:\Xavi\Workspaces\Visual Studio 2012\IGr\practica3\Debug\link.13352-cvtres.read.1.tlog
D:\Xavi\Workspaces\Visual Studio 2012\IGr\practica3\Debug\link.13352-cvtres.write.1.tlog
D:\Xavi\Workspaces\Visual Studio 2012\IGr\practica3\Debug\link.13352-rc.read.1.tlog
D:\Xavi\Workspaces\Visual Studio 2012\IGr\practica3\Debug\link.13352-rc.write.1.tlog
D:\Xavi\Workspaces\Visual Studio 2012\IGr\practica3\Debug\link.13352.read.1.tlog
D:\Xavi\Workspaces\Visual Studio 2012\IGr\practica3\Debug\link.13352.write.1.tlog
D:\Xavi\Workspaces\Visual Studio 2012\IGr\practica3\Debug\link.13704-cvtres.read.1.tlog
D:\Xavi\Workspaces\Visual Studio 2012\IGr\practica3\Debug\link.13704-cvtres.write.1.tlog
D:\Xavi\Workspaces\Visual Studio 2012\IGr\practica3\Debug\link.13704-rc.read.1.tlog
D:\Xavi\Workspaces\Visual Studio 2012\IGr\practica3\Debug\link.13704-rc.write.1.tlog
D:\Xavi\Workspaces\Visual Studio 2012\IGr\practica3\Debug\link.13704.read.1.tlog
D:\Xavi\Workspaces\Visual Studio 2012\IGr\practica3\Debug\link.13704.write.1.tlog
D:\Xavi\Workspaces\Visual Studio 2012\IGr\practica3\Debug\link.14140-cvtres.read.1.tlog
D:\Xavi\Workspaces\Visual Studio 2012\IGr\practica3\Debug\link.14140-cvtres.write.1.tlog
D:\Xavi\Workspaces\Visual Studio 2012\IGr\practica3\Debug\link.14140-rc.read.1.tlog
D:\Xavi\Workspaces\Visual Studio 2012\IGr\practica3\Debug\link.14140-rc.write.1.tlog
D:\Xavi\Workspaces\Visual Studio 2012\IGr\practica3\Debug\link.14140.read.1.tlog
D:\Xavi\Workspaces\Visual Studio 2012\IGr\practica3\Debug\link.14140.write.1.tlog
D:\Xavi\Workspaces\Visual Studio 2012\IGr\practica3\Debug\link.14440-cvtres.read.1.tlog
D:\Xavi\Workspaces\Visual Studio 2012\IGr\practica3\Debug\link.14440-cvtres.write.1.tlog
D:\Xavi\Workspaces\Visual Studio 2012\IGr\practica3\Debug\link.14440-rc.read.1.tlog
D:\Xavi\Workspaces\Visual Studio 2012\IGr\practica3\Debug\link.14440-rc.write.1.tlog
D:\Xavi\Workspaces\Visual Studio 2012\IGr\practica3\Debug\link.14440.read.1.tlog
D:\Xavi\Workspaces\Visual Studio 2012\IGr\practica3\Debug\link.14440.write.1.tlog
D:\Xavi\Workspaces\Visual Studio 2012\IGr\practica3\Debug\link.14776-cvtres.read.1.tlog
D:\Xavi\Workspaces\Visual Studio 2012\IGr\practica3\Debug\link.14776-cvtres.write.1.tlog
D:\Xavi\Workspaces\Visual Studio 2012\IGr\practica3\Debug\link.14776-rc.read.1.tlog
D:\Xavi\Workspaces\Visual Studio 2012\IGr\practica3\Debug\link.14776-rc.write.1.tlog
D:\Xavi\Workspaces\Visual Studio 2012\IGr\practica3\Debug\link.14776.read.1.tlog
D:\Xavi\Workspaces\Visual Studio 2012\IGr\practica3\Debug\link.14776.write.1.tlog
D:\Xavi\Workspaces\Visual Studio 2012\IGr\practica3\Debug\link.14856-cvtres.read.1.tlog
D:\Xavi\Workspaces\Visual Studio 2012\IGr\practica3\Debug\link.14856-cvtres.write.1.tlog
D:\Xavi\Workspaces\Visual Studio 2012\IGr\practica3\Debug\link.14856-rc.read.1.tlog
D:\Xavi\Workspaces\Visual Studio 2012\IGr\practica3\Debug\link.14856-rc.write.1.tlog
D:\Xavi\Workspaces\Visual Studio 2012\IGr\practica3\Debug\link.14856.read.1.tlog
D:\Xavi\Workspaces\Visual Studio 2012\IGr\practica3\Debug\link.14856.write.1.tlog
D:\Xavi\Workspaces\Visual Studio 2012\IGr\practica3\Debug\link.14968-cvtres.read.1.tlog
D:\Xavi\Workspaces\Visual Studio 2012\IGr\practica3\Debug\link.14968-cvtres.write.1.tlog
D:\Xavi\Workspaces\Visual Studio 2012\IGr\practica3\Debug\link.14968-rc.read.1.tlog
D:\Xavi\Workspaces\Visual Studio 2012\IGr\practica3\Debug\link.14968-rc.write.1.tlog
D:\Xavi\Workspaces\Visual Studio 2012\IGr\practica3\Debug\link.14968.read.1.tlog
D:\Xavi\Workspaces\Visual Studio 2012\IGr\practica3\Debug\link.14968.write.1.tlog
D:\Xavi\Workspaces\Visual Studio 2012\IGr\practica3\Debug\link.1992-cvtres.read.1.tlog
D:\Xavi\Workspaces\Visual Studio 2012\IGr\practica3\Debug\link.1992-cvtres.write.1.tlog
D:\Xavi\Workspaces\Visual Studio 2012\IGr\practica3\Debug\link.1992-rc.read.1.tlog
D:\Xavi\Workspaces\Visual Studio 2012\IGr\practica3\Debug\link.1992-rc.write.1.tlog
D:\Xavi\Workspaces\Visual Studio 2012\IGr\practica3\Debug\link.1992.read.1.tlog
D:\Xavi\Workspaces\Visual Studio 2012\IGr\practica3\Debug\link.1992.write.1.tlog
D:\Xavi\Workspaces\Visual Studio 2012\IGr\practica3\Debug\link.2296-cvtres.read.1.tlog
D:\Xavi\Workspaces\Visual Studio 2012\IGr\practica3\Debug\link.2296-cvtres.write.1.tlog
D:\Xavi\Workspaces\Visual Studio 2012\IGr\practica3\Debug\link.2296-rc.read.1.tlog
D:\Xavi\Workspaces\Visual Studio 2012\IGr\practica3\Debug\link.2296-rc.write.1.tlog
D:\Xavi\Workspaces\Visual Studio 2012\IGr\practica3\Debug\link.2296.read.1.tlog
D:\Xavi\Workspaces\Visual Studio 2012\IGr\practica3\Debug\link.2296.write.1.tlog
D:\Xavi\Workspaces\Visual Studio 2012\IGr\practica3\Debug\link.2524-cvtres.read.1.tlog
D:\Xavi\Workspaces\Visual Studio 2012\IGr\practica3\Debug\link.2524-cvtres.write.1.tlog
D:\Xavi\Workspaces\Visual Studio 2012\IGr\practica3\Debug\link.2524-rc.read.1.tlog
D:\Xavi\Workspaces\Visual Studio 2012\IGr\practica3\Debug\link.2524-rc.write.1.tlog
D:\Xavi\Workspaces\Visual Studio 2012\IGr\practica3\Debug\link.2524.read.1.tlog
D:\Xavi\Workspaces\Visual Studio 2012\IGr\practica3\Debug\link.2524.write.1.tlog
D:\Xavi\Workspaces\Visual Studio 2012\IGr\practica3\Debug\link.2532-cvtres.read.1.tlog
D:\Xavi\Workspaces\Visual Studio 2012\IGr\practica3\Debug\link.2532-cvtres.write.1.tlog
D:\Xavi\Workspaces\Visual Studio 2012\IGr\practica3\Debug\link.2532-rc.read.1.tlog
D:\Xavi\Workspaces\Visual Studio 2012\IGr\practica3\Debug\link.2532-rc.write.1.tlog
D:\Xavi\Workspaces\Visual Studio 2012\IGr\practica3\Debug\link.2532.read.1.tlog
D:\Xavi\Workspaces\Visual Studio 2012\IGr\practica3\Debug\link.2532.write.1.tlog
D:\Xavi\Workspaces\Visual Studio 2012\IGr\practica3\Debug\link.2676-cvtres.read.1.tlog
D:\Xavi\Workspaces\Visual Studio 2012\IGr\practica3\Debug\link.2676-cvtres.write.1.tlog
D:\Xavi\Workspaces\Visual Studio 2012\IGr\practica3\Debug\link.2676-rc.read.1.tlog
D:\Xavi\Workspaces\Visual Studio 2012\IGr\practica3\Debug\link.2676-rc.write.1.tlog
D:\Xavi\Workspaces\Visual Studio 2012\IGr\practica3\Debug\link.2676.read.1.tlog
D:\Xavi\Workspaces\Visual Studio 2012\IGr\practica3\Debug\link.2676.write.1.tlog
D:\Xavi\Workspaces\Visual Studio 2012\IGr\practica3\Debug\link.2720-cvtres.read.1.tlog
D:\Xavi\Workspaces\Visual Studio 2012\IGr\practica3\Debug\link.2720-cvtres.write.1.tlog
D:\Xavi\Workspaces\Visual Studio 2012\IGr\practica3\Debug\link.2720-rc.read.1.tlog
D:\Xavi\Workspaces\Visual Studio 2012\IGr\practica3\Debug\link.2720-rc.write.1.tlog
D:\Xavi\Workspaces\Visual Studio 2012\IGr\practica3\Debug\link.2720.read.1.tlog
D:\Xavi\Workspaces\Visual Studio 2012\IGr\practica3\Debug\link.2720.write.1.tlog
D:\Xavi\Workspaces\Visual Studio 2012\IGr\practica3\Debug\link.3036-cvtres.read.1.tlog
D:\Xavi\Workspaces\Visual Studio 2012\IGr\practica3\Debug\link.3036-cvtres.write.1.tlog
D:\Xavi\Workspaces\Visual Studio 2012\IGr\practica3\Debug\link.3036-rc.read.1.tlog
D:\Xavi\Workspaces\Visual Studio 2012\IGr\practica3\Debug\link.3036-rc.write.1.tlog
D:\Xavi\Workspaces\Visual Studio 2012\IGr\practica3\Debug\link.3036.read.1.tlog
D:\Xavi\Workspaces\Visual Studio 2012\IGr\practica3\Debug\link.3036.write.1.tlog
D:\Xavi\Workspaces\Visual Studio 2012\IGr\practica3\Debug\link.3920-cvtres.read.1.tlog
D:\Xavi\Workspaces\Visual Studio 2012\IGr\practica3\Debug\link.3920-cvtres.write.1.tlog
D:\Xavi\Workspaces\Visual Studio 2012\IGr\practica3\Debug\link.3920-rc.read.1.tlog
D:\Xavi\Workspaces\Visual Studio 2012\IGr\practica3\Debug\link.3920-rc.write.1.tlog
D:\Xavi\Workspaces\Visual Studio 2012\IGr\practica3\Debug\link.3920.read.1.tlog
D:\Xavi\Workspaces\Visual Studio 2012\IGr\practica3\Debug\link.3920.write.1.tlog
D:\Xavi\Workspaces\Visual Studio 2012\IGr\practica3\Debug\link.4700-cvtres.read.1.tlog
D:\Xavi\Workspaces\Visual Studio 2012\IGr\practica3\Debug\link.4700-cvtres.write.1.tlog
D:\Xavi\Workspaces\Visual Studio 2012\IGr\practica3\Debug\link.4700-rc.read.1.tlog
D:\Xavi\Workspaces\Visual Studio 2012\IGr\practica3\Debug\link.4700-rc.write.1.tlog
D:\Xavi\Workspaces\Visual Studio 2012\IGr\practica3\Debug\link.4700.read.1.tlog
D:\Xavi\Workspaces\Visual Studio 2012\IGr\practica3\Debug\link.4700.write.1.tlog
D:\Xavi\Workspaces\Visual Studio 2012\IGr\practica3\Debug\link.4800-cvtres.read.1.tlog
D:\Xavi\Workspaces\Visual Studio 2012\IGr\practica3\Debug\link.4800-cvtres.write.1.tlog
D:\Xavi\Workspaces\Visual Studio 2012\IGr\practica3\Debug\link.4800-rc.read.1.tlog
D:\Xavi\Workspaces\Visual Studio 2012\IGr\practica3\Debug\link.4800-rc.write.1.tlog
D:\Xavi\Workspaces\Visual Studio 2012\IGr\practica3\Debug\link.4800.read.1.tlog
D:\Xavi\Workspaces\Visual Studio 2012\IGr\practica3\Debug\link.4800.write.1.tlog
D:\Xavi\Workspaces\Visual Studio 2012\IGr\practica3\Debug\link.5024-cvtres.read.1.tlog
D:\Xavi\Workspaces\Visual Studio 2012\IGr\practica3\Debug\link.5024-cvtres.write.1.tlog
D:\Xavi\Workspaces\Visual Studio 2012\IGr\practica3\Debug\link.5024-rc.read.1.tlog
D:\Xavi\Workspaces\Visual Studio 2012\IGr\practica3\Debug\link.5024-rc.write.1.tlog
D:\Xavi\Workspaces\Visual Studio 2012\IGr\practica3\Debug\link.5024.read.1.tlog
D:\Xavi\Workspaces\Visual Studio 2012\IGr\practica3\Debug\link.5024.write.1.tlog
D:\Xavi\Workspaces\Visual Studio 2012\IGr\practica3\Debug\link.5596-cvtres.read.1.tlog
D:\Xavi\Workspaces\Visual Studio 2012\IGr\practica3\Debug\link.5596-cvtres.write.1.tlog
D:\Xavi\Workspaces\Visual Studio 2012\IGr\practica3\Debug\link.5596-rc.read.1.tlog
D:\Xavi\Workspaces\Visual Studio 2012\IGr\practica3\Debug\link.5596-rc.write.1.tlog
D:\Xavi\Workspaces\Visual Studio 2012\IGr\practica3\Debug\link.5596.read.1.tlog
D:\Xavi\Workspaces\Visual Studio 2012\IGr\practica3\Debug\link.5596.write.1.tlog
D:\Xavi\Workspaces\Visual Studio 2012\IGr\practica3\Debug\link.5944-cvtres.read.1.tlog
D:\Xavi\Workspaces\Visual Studio 2012\IGr\practica3\Debug\link.5944-cvtres.write.1.tlog
D:\Xavi\Workspaces\Visual Studio 2012\IGr\practica3\Debug\link.5944-rc.read.1.tlog
D:\Xavi\Workspaces\Visual Studio 2012\IGr\practica3\Debug\link.5944-rc.write.1.tlog
D:\Xavi\Workspaces\Visual Studio 2012\IGr\practica3\Debug\link.5944.read.1.tlog
D:\Xavi\Workspaces\Visual Studio 2012\IGr\practica3\Debug\link.5944.write.1.tlog
D:\Xavi\Workspaces\Visual Studio 2012\IGr\practica3\Debug\link.6012-cvtres.read.1.tlog
D:\Xavi\Workspaces\Visual Studio 2012\IGr\practica3\Debug\link.6012-cvtres.write.1.tlog
D:\Xavi\Workspaces\Visual Studio 2012\IGr\practica3\Debug\link.6012-rc.read.1.tlog
D:\Xavi\Workspaces\Visual Studio 2012\IGr\practica3\Debug\link.6012-rc.write.1.tlog
D:\Xavi\Workspaces\Visual Studio 2012\IGr\practica3\Debug\link.6012.read.1.tlog
D:\Xavi\Workspaces\Visual Studio 2012\IGr\practica3\Debug\link.6012.write.1.tlog
D:\Xavi\Workspaces\Visual Studio 2012\IGr\practica3\Debug\link.6044-cvtres.read.1.tlog
D:\Xavi\Workspaces\Visual Studio 2012\IGr\practica3\Debug\link.6044-cvtres.write.1.tlog
D:\Xavi\Workspaces\Visual Studio 2012\IGr\practica3\Debug\link.6044-rc.read.1.tlog
D:\Xavi\Workspaces\Visual Studio 2012\IGr\practica3\Debug\link.6044-rc.write.1.tlog
D:\Xavi\Workspaces\Visual Studio 2012\IGr\practica3\Debug\link.6044.read.1.tlog
D:\Xavi\Workspaces\Visual Studio 2012\IGr\practica3\Debug\link.6044.write.1.tlog
D:\Xavi\Workspaces\Visual Studio 2012\IGr\practica3\Debug\link.6108-cvtres.read.1.tlog
D:\Xavi\Workspaces\Visual Studio 2012\IGr\practica3\Debug\link.6108-cvtres.write.1.tlog
D:\Xavi\Workspaces\Visual Studio 2012\IGr\practica3\Debug\link.6108-rc.read.1.tlog
D:\Xavi\Workspaces\Visual Studio 2012\IGr\practica3\Debug\link.6108-rc.write.1.tlog
D:\Xavi\Workspaces\Visual Studio 2012\IGr\practica3\Debug\link.6108.read.1.tlog
D:\Xavi\Workspaces\Visual Studio 2012\IGr\practica3\Debug\link.6108.write.1.tlog
D:\Xavi\Workspaces\Visual Studio 2012\IGr\practica3\Debug\link.6160-cvtres.read.1.tlog
D:\Xavi\Workspaces\Visual Studio 2012\IGr\practica3\Debug\link.6160-cvtres.write.1.tlog
D:\Xavi\Workspaces\Visual Studio 2012\IGr\practica3\Debug\link.6160-rc.read.1.tlog
D:\Xavi\Workspaces\Visual Studio 2012\IGr\practica3\Debug\link.6160-rc.write.1.tlog
D:\Xavi\Workspaces\Visual Studio 2012\IGr\practica3\Debug\link.6160.read.1.tlog
D:\Xavi\Workspaces\Visual Studio 2012\IGr\practica3\Debug\link.6160.write.1.tlog
D:\Xavi\Workspaces\Visual Studio 2012\IGr\practica3\Debug\link.6304-cvtres.read.1.tlog
D:\Xavi\Workspaces\Visual Studio 2012\IGr\practica3\Debug\link.6304-cvtres.write.1.tlog
D:\Xavi\Workspaces\Visual Studio 2012\IGr\practica3\Debug\link.6304-rc.read.1.tlog
D:\Xavi\Workspaces\Visual Studio 2012\IGr\practica3\Debug\link.6304-rc.write.1.tlog
D:\Xavi\Workspaces\Visual Studio 2012\IGr\practica3\Debug\link.6304.read.1.tlog
D:\Xavi\Workspaces\Visual Studio 2012\IGr\practica3\Debug\link.6304.write.1.tlog
D:\Xavi\Workspaces\Visual Studio 2012\IGr\practica3\Debug\link.6336-cvtres.read.1.tlog
D:\Xavi\Workspaces\Visual Studio 2012\IGr\practica3\Debug\link.6336-cvtres.write.1.tlog
D:\Xavi\Workspaces\Visual Studio 2012\IGr\practica3\Debug\link.6336-rc.read.1.tlog
D:\Xavi\Workspaces\Visual Studio 2012\IGr\practica3\Debug\link.6336-rc.write.1.tlog
D:\Xavi\Workspaces\Visual Studio 2012\IGr\practica3\Debug\link.6336.read.1.tlog
D:\Xavi\Workspaces\Visual Studio 2012\IGr\practica3\Debug\link.6336.write.1.tlog
D:\Xavi\Workspaces\Visual Studio 2012\IGr\practica3\Debug\link.640-cvtres.read.1.tlog
D:\Xavi\Workspaces\Visual Studio 2012\IGr\practica3\Debug\link.640-cvtres.write.1.tlog
D:\Xavi\Workspaces\Visual Studio 2012\IGr\practica3\Debug\link.640-rc.read.1.tlog
D:\Xavi\Workspaces\Visual Studio 2012\IGr\practica3\Debug\link.640-rc.write.1.tlog
D:\Xavi\Workspaces\Visual Studio 2012\IGr\practica3\Debug\link.640.read.1.tlog
D:\Xavi\Workspaces\Visual Studio 2012\IGr\practica3\Debug\link.640.write.1.tlog
D:\Xavi\Workspaces\Visual Studio 2012\IGr\practica3\Debug\link.6632-cvtres.read.1.tlog
D:\Xavi\Workspaces\Visual Studio 2012\IGr\practica3\Debug\link.6632-cvtres.write.1.tlog
D:\Xavi\Workspaces\Visual Studio 2012\IGr\practica3\Debug\link.6632-rc.read.1.tlog
D:\Xavi\Workspaces\Visual Studio 2012\IGr\practica3\Debug\link.6632-rc.write.1.tlog
D:\Xavi\Workspaces\Visual Studio 2012\IGr\practica3\Debug\link.6632.read.1.tlog
D:\Xavi\Workspaces\Visual Studio 2012\IGr\practica3\Debug\link.6632.write.1.tlog
D:\Xavi\Workspaces\Visual Studio 2012\IGr\practica3\Debug\link.7692-cvtres.read.1.tlog
D:\Xavi\Workspaces\Visual Studio 2012\IGr\practica3\Debug\link.7692-cvtres.write.1.tlog
D:\Xavi\Workspaces\Visual Studio 2012\IGr\practica3\Debug\link.7692-rc.read.1.tlog
D:\Xavi\Workspaces\Visual Studio 2012\IGr\practica3\Debug\link.7692-rc.write.1.tlog
D:\Xavi\Workspaces\Visual Studio 2012\IGr\practica3\Debug\link.7692.read.1.tlog
D:\Xavi\Workspaces\Visual Studio 2012\IGr\practica3\Debug\link.7692.write.1.tlog
D:\Xavi\Workspaces\Visual Studio 2012\IGr\practica3\Debug\link.8248-cvtres.read.1.tlog
D:\Xavi\Workspaces\Visual Studio 2012\IGr\practica3\Debug\link.8248-cvtres.write.1.tlog
D:\Xavi\Workspaces\Visual Studio 2012\IGr\practica3\Debug\link.8248-rc.read.1.tlog
D:\Xavi\Workspaces\Visual Studio 2012\IGr\practica3\Debug\link.8248-rc.write.1.tlog
D:\Xavi\Workspaces\Visual Studio 2012\IGr\practica3\Debug\link.8248.read.1.tlog
D:\Xavi\Workspaces\Visual Studio 2012\IGr\practica3\Debug\link.8248.write.1.tlog
D:\Xavi\Workspaces\Visual Studio 2012\IGr\practica3\Debug\link.8252-cvtres.read.1.tlog
D:\Xavi\Workspaces\Visual Studio 2012\IGr\practica3\Debug\link.8252-cvtres.write.1.tlog
D:\Xavi\Workspaces\Visual Studio 2012\IGr\practica3\Debug\link.8252-rc.read.1.tlog
D:\Xavi\Workspaces\Visual Studio 2012\IGr\practica3\Debug\link.8252-rc.write.1.tlog
D:\Xavi\Workspaces\Visual Studio 2012\IGr\practica3\Debug\link.8252.read.1.tlog
D:\Xavi\Workspaces\Visual Studio 2012\IGr\practica3\Debug\link.8252.write.1.tlog
D:\Xavi\Workspaces\Visual Studio 2012\IGr\practica3\Debug\link.8288-cvtres.read.1.tlog
D:\Xavi\Workspaces\Visual Studio 2012\IGr\practica3\Debug\link.8288-cvtres.write.1.tlog
D:\Xavi\Workspaces\Visual Studio 2012\IGr\practica3\Debug\link.8288-rc.read.1.tlog
D:\Xavi\Workspaces\Visual Studio 2012\IGr\practica3\Debug\link.8288-rc.write.1.tlog
D:\Xavi\Workspaces\Visual Studio 2012\IGr\practica3\Debug\link.8288.read.1.tlog
D:\Xavi\Workspaces\Visual Studio 2012\IGr\practica3\Debug\link.8288.write.1.tlog
D:\Xavi\Workspaces\Visual Studio 2012\IGr\practica3\Debug\link.8508-cvtres.read.1.tlog
D:\Xavi\Workspaces\Visual Studio 2012\IGr\practica3\Debug\link.8508-cvtres.write.1.tlog
D:\Xavi\Workspaces\Visual Studio 2012\IGr\practica3\Debug\link.8508-rc.read.1.tlog
D:\Xavi\Workspaces\Visual Studio 2012\IGr\practica3\Debug\link.8508-rc.write.1.tlog
D:\Xavi\Workspaces\Visual Studio 2012\IGr\practica3\Debug\link.8508.read.1.tlog
D:\Xavi\Workspaces\Visual Studio 2012\IGr\practica3\Debug\link.8508.write.1.tlog
D:\Xavi\Workspaces\Visual Studio 2012\IGr\practica3\Debug\link.8756-cvtres.read.1.tlog
D:\Xavi\Workspaces\Visual Studio 2012\IGr\practica3\Debug\link.8756-cvtres.write.1.tlog
D:\Xavi\Workspaces\Visual Studio 2012\IGr\practica3\Debug\link.8756-rc.read.1.tlog
D:\Xavi\Workspaces\Visual Studio 2012\IGr\practica3\Debug\link.8756-rc.write.1.tlog
D:\Xavi\Workspaces\Visual Studio 2012\IGr\practica3\Debug\link.8756.read.1.tlog
D:\Xavi\Workspaces\Visual Studio 2012\IGr\practica3\Debug\link.8756.write.1.tlog
D:\Xavi\Workspaces\Visual Studio 2012\IGr\practica3\Debug\link.9256-cvtres.read.1.tlog
D:\Xavi\Workspaces\Visual Studio 2012\IGr\practica3\Debug\link.9256-cvtres.write.1.tlog
D:\Xavi\Workspaces\Visual Studio 2012\IGr\practica3\Debug\link.9256-rc.read.1.tlog
D:\Xavi\Workspaces\Visual Studio 2012\IGr\practica3\Debug\link.9256-rc.write.1.tlog
D:\Xavi\Workspaces\Visual Studio 2012\IGr\practica3\Debug\link.9256.read.1.tlog
D:\Xavi\Workspaces\Visual Studio 2012\IGr\practica3\Debug\link.9256.write.1.tlog
D:\Xavi\Workspaces\Visual Studio 2012\IGr\practica3\Debug\link.9692-cvtres.read.1.tlog
D:\Xavi\Workspaces\Visual Studio 2012\IGr\practica3\Debug\link.9692-cvtres.write.1.tlog
D:\Xavi\Workspaces\Visual Studio 2012\IGr\practica3\Debug\link.9692-rc.read.1.tlog
D:\Xavi\Workspaces\Visual Studio 2012\IGr\practica3\Debug\link.9692-rc.write.1.tlog
D:\Xavi\Workspaces\Visual Studio 2012\IGr\practica3\Debug\link.9692.read.1.tlog
D:\Xavi\Workspaces\Visual Studio 2012\IGr\practica3\Debug\link.9692.write.1.tlog
D:\Xavi\Workspaces\Visual Studio 2012\IGr\practica3\Debug\link.9796-cvtres.read.1.tlog
D:\Xavi\Workspaces\Visual Studio 2012\IGr\practica3\Debug\link.9796-cvtres.write.1.tlog
D:\Xavi\Workspaces\Visual Studio 2012\IGr\practica3\Debug\link.9796-rc.read.1.tlog
D:\Xavi\Workspaces\Visual Studio 2012\IGr\practica3\Debug\link.9796-rc.write.1.tlog
D:\Xavi\Workspaces\Visual Studio 2012\IGr\practica3\Debug\link.9796.read.1.tlog
D:\Xavi\Workspaces\Visual Studio 2012\IGr\practica3\Debug\link.9796.write.1.tlog
D:\Xavi\Workspaces\Visual Studio 2012\IGr\practica3\Debug\link.command.1.tlog
D:\Xavi\Workspaces\Visual Studio 2012\IGr\practica3\Debug\link.read.1.tlog
D:\Xavi\Workspaces\Visual Studio 2012\IGr\practica3\Debug\link.write.1.tlog
D:\Xavi\Workspaces\Visual Studio 2012\IGr\practica3\Debug\metagen.read.1.tlog
D:\Xavi\Workspaces\Visual Studio 2012\IGr\practica3\Debug\metagen.write.1.tlog
D:\Xavi\Workspaces\Visual Studio 2012\IGr\practica3\Debug\practica3.write.1.tlog
D:\Xavi\Workspaces\Visual Studio 2012\IGr\practica3\Debug\practica3.pdb
D:\Xavi\Workspaces\Visual Studio 2012\IGr\practica3\Debug\vc110.pdb
D:\Xavi\Workspaces\Visual Studio 2012\IGr\practica3\Debug\practica3.exe.metagen
D:\Xavi\Workspaces\Visual Studio 2012\IGr\practica3\Debug\TZRES.DLL.bi
D:\Xavi\Workspaces\Visual Studio 2012\IGr\practica3\Debug\practica3.exe
