D:\XAVI\WORKSPACES\VISUAL STUDIO 2012\IGR\PRACTICA4\DEBUG\TEXTURESAVER.OBJ
D:\XAVI\WORKSPACES\VISUAL STUDIO 2012\IGR\PRACTICA4\DEBUG\TEXTURELOADER.OBJ
D:\XAVI\WORKSPACES\VISUAL STUDIO 2012\IGR\PRACTICA4\DEBUG\PIXMAP.OBJ
D:\XAVI\WORKSPACES\VISUAL STUDIO 2012\IGR\PRACTICA4\DEBUG\TURTLE.OBJ
D:\XAVI\WORKSPACES\VISUAL STUDIO 2012\IGR\PRACTICA4\DEBUG\TRIANGLE.OBJ
D:\XAVI\WORKSPACES\VISUAL STUDIO 2012\IGR\PRACTICA4\DEBUG\TREE.OBJ
D:\XAVI\WORKSPACES\VISUAL STUDIO 2012\IGR\PRACTICA4\DEBUG\SQUARE.OBJ
D:\XAVI\WORKSPACES\VISUAL STUDIO 2012\IGR\PRACTICA4\DEBUG\RGBCOLOR.OBJ
D:\XAVI\WORKSPACES\VISUAL STUDIO 2012\IGR\PRACTICA4\DEBUG\REGPOL.OBJ
D:\XAVI\WORKSPACES\VISUAL STUDIO 2012\IGR\PRACTICA4\DEBUG\PV2D.OBJ
D:\XAVI\WORKSPACES\VISUAL STUDIO 2012\IGR\PRACTICA4\DEBUG\ELIPSE.OBJ
D:\XAVI\WORKSPACES\VISUAL STUDIO 2012\IGR\PRACTICA4\DEBUG\CONVEXPOLYGON.OBJ
D:\XAVI\WORKSPACES\VISUAL STUDIO 2012\IGR\PRACTICA4\DEBUG\CIRCLE.OBJ
D:\XAVI\WORKSPACES\VISUAL STUDIO 2012\IGR\PRACTICA4\DEBUG\BALL.OBJ
D:\XAVI\WORKSPACES\VISUAL STUDIO 2012\IGR\PRACTICA4\DEBUG\MATRIX.OBJ
D:\XAVI\WORKSPACES\VISUAL STUDIO 2012\IGR\PRACTICA4\DEBUG\.NETFRAMEWORK,VERSION=V4.5.ASSEMBLYATTRIBUTES.OBJ
D:\XAVI\WORKSPACES\VISUAL STUDIO 2012\IGR\PRACTICA4\DEBUG\VC110.PDB
D:\XAVI\WORKSPACES\VISUAL STUDIO 2012\IGR\PRACTICA4\DEBUG\WINCLIOPENGL.OBJ
D:\XAVI\WORKSPACES\VISUAL STUDIO 2012\IGR\PRACTICA4\DEBUG\WFORMGL.OBJ
D:\XAVI\WORKSPACES\VISUAL STUDIO 2012\IGR\PRACTICA4\DEBUG\PIXMAPRGB.OBJ
D:\XAVI\WORKSPACES\VISUAL STUDIO 2012\IGR\PRACTICA4\DEBUG\SCENE.OBJ
D:\XAVI\WORKSPACES\VISUAL STUDIO 2012\IGR\PRACTICA4\DEBUG\PIXMAPY.OBJ
D:\XAVI\WORKSPACES\VISUAL STUDIO 2012\IGR\PRACTICA4\DEBUG\PRACTICA4.ILK
D:\XAVI\WORKSPACES\VISUAL STUDIO 2012\IGR\PRACTICA4\DEBUG\PRACTICA4.EXE
D:\XAVI\WORKSPACES\VISUAL STUDIO 2012\IGR\PRACTICA4\DEBUG\PRACTICA4.PDB
D:\Xavi\Workspaces\Visual Studio 2012\IGr\practica4\Debug\WinCLI1.WFormGL.resources
D:\Xavi\Workspaces\Visual Studio 2012\IGr\practica4\Debug\WinCLI1.vcxproj.GenerateResource.Cache
D:\Xavi\Workspaces\Visual Studio 2012\IGr\practica4\Debug\WinCLI1.vcxprojResolveAssemblyReference.cache
D:\Xavi\Workspaces\Visual Studio 2012\IGr\practica4\Debug\.NETFramework,Version=v4.5.AssemblyAttributes.obj
D:\Xavi\Workspaces\Visual Studio 2012\IGr\practica4\Debug\Ball.obj
D:\Xavi\Workspaces\Visual Studio 2012\IGr\practica4\Debug\Circle.obj
D:\Xavi\Workspaces\Visual Studio 2012\IGr\practica4\Debug\ConvexPolygon.obj
D:\Xavi\Workspaces\Visual Studio 2012\IGr\practica4\Debug\Elipse.obj
D:\Xavi\Workspaces\Visual Studio 2012\IGr\practica4\Debug\matrix.obj
D:\Xavi\Workspaces\Visual Studio 2012\IGr\practica4\Debug\Pixmap.obj
D:\Xavi\Workspaces\Visual Studio 2012\IGr\practica4\Debug\PixmapRGB.obj
D:\Xavi\Workspaces\Visual Studio 2012\IGr\practica4\Debug\PixmapY.obj
D:\Xavi\Workspaces\Visual Studio 2012\IGr\practica4\Debug\PV2D.obj
D:\Xavi\Workspaces\Visual Studio 2012\IGr\practica4\Debug\RegPol.obj
D:\Xavi\Workspaces\Visual Studio 2012\IGr\practica4\Debug\RGBColor.obj
D:\Xavi\Workspaces\Visual Studio 2012\IGr\practica4\Debug\Scene.obj
D:\Xavi\Workspaces\Visual Studio 2012\IGr\practica4\Debug\Square.obj
D:\Xavi\Workspaces\Visual Studio 2012\IGr\practica4\Debug\TextureLoader.obj
D:\Xavi\Workspaces\Visual Studio 2012\IGr\practica4\Debug\TextureSaver.obj
D:\Xavi\Workspaces\Visual Studio 2012\IGr\practica4\Debug\Tree.obj
D:\Xavi\Workspaces\Visual Studio 2012\IGr\practica4\Debug\Triangle.obj
D:\Xavi\Workspaces\Visual Studio 2012\IGr\practica4\Debug\Turtle.obj
D:\Xavi\Workspaces\Visual Studio 2012\IGr\practica4\Debug\WFormGL.obj
D:\Xavi\Workspaces\Visual Studio 2012\IGr\practica4\Debug\WinCliOpenGL.obj
D:\Xavi\Workspaces\Visual Studio 2012\IGr\practica4\Debug\practica4.ilk
D:\Xavi\Workspaces\Visual Studio 2012\IGr\practica4\Debug\cl.command.1.tlog
D:\Xavi\Workspaces\Visual Studio 2012\IGr\practica4\Debug\CL.read.1.tlog
D:\Xavi\Workspaces\Visual Studio 2012\IGr\practica4\Debug\CL.write.1.tlog
D:\Xavi\Workspaces\Visual Studio 2012\IGr\practica4\Debug\link.100-cvtres.read.1.tlog
D:\Xavi\Workspaces\Visual Studio 2012\IGr\practica4\Debug\link.100-cvtres.write.1.tlog
D:\Xavi\Workspaces\Visual Studio 2012\IGr\practica4\Debug\link.100-rc.read.1.tlog
D:\Xavi\Workspaces\Visual Studio 2012\IGr\practica4\Debug\link.100-rc.write.1.tlog
D:\Xavi\Workspaces\Visual Studio 2012\IGr\practica4\Debug\link.100.read.1.tlog
D:\Xavi\Workspaces\Visual Studio 2012\IGr\practica4\Debug\link.100.write.1.tlog
D:\Xavi\Workspaces\Visual Studio 2012\IGr\practica4\Debug\link.1112-cvtres.read.1.tlog
D:\Xavi\Workspaces\Visual Studio 2012\IGr\practica4\Debug\link.1112-cvtres.write.1.tlog
D:\Xavi\Workspaces\Visual Studio 2012\IGr\practica4\Debug\link.1112-rc.read.1.tlog
D:\Xavi\Workspaces\Visual Studio 2012\IGr\practica4\Debug\link.1112-rc.write.1.tlog
D:\Xavi\Workspaces\Visual Studio 2012\IGr\practica4\Debug\link.1112.read.1.tlog
D:\Xavi\Workspaces\Visual Studio 2012\IGr\practica4\Debug\link.1112.write.1.tlog
D:\Xavi\Workspaces\Visual Studio 2012\IGr\practica4\Debug\link.1120-cvtres.read.1.tlog
D:\Xavi\Workspaces\Visual Studio 2012\IGr\practica4\Debug\link.1120-cvtres.write.1.tlog
D:\Xavi\Workspaces\Visual Studio 2012\IGr\practica4\Debug\link.1120-rc.read.1.tlog
D:\Xavi\Workspaces\Visual Studio 2012\IGr\practica4\Debug\link.1120-rc.write.1.tlog
D:\Xavi\Workspaces\Visual Studio 2012\IGr\practica4\Debug\link.1120.read.1.tlog
D:\Xavi\Workspaces\Visual Studio 2012\IGr\practica4\Debug\link.1120.write.1.tlog
D:\Xavi\Workspaces\Visual Studio 2012\IGr\practica4\Debug\link.1212-cvtres.read.1.tlog
D:\Xavi\Workspaces\Visual Studio 2012\IGr\practica4\Debug\link.1212-cvtres.write.1.tlog
D:\Xavi\Workspaces\Visual Studio 2012\IGr\practica4\Debug\link.1212-rc.read.1.tlog
D:\Xavi\Workspaces\Visual Studio 2012\IGr\practica4\Debug\link.1212-rc.write.1.tlog
D:\Xavi\Workspaces\Visual Studio 2012\IGr\practica4\Debug\link.1212.read.1.tlog
D:\Xavi\Workspaces\Visual Studio 2012\IGr\practica4\Debug\link.1212.write.1.tlog
D:\Xavi\Workspaces\Visual Studio 2012\IGr\practica4\Debug\link.1228-cvtres.read.1.tlog
D:\Xavi\Workspaces\Visual Studio 2012\IGr\practica4\Debug\link.1228-cvtres.write.1.tlog
D:\Xavi\Workspaces\Visual Studio 2012\IGr\practica4\Debug\link.1228-rc.read.1.tlog
D:\Xavi\Workspaces\Visual Studio 2012\IGr\practica4\Debug\link.1228-rc.write.1.tlog
D:\Xavi\Workspaces\Visual Studio 2012\IGr\practica4\Debug\link.1228.read.1.tlog
D:\Xavi\Workspaces\Visual Studio 2012\IGr\practica4\Debug\link.1228.write.1.tlog
D:\Xavi\Workspaces\Visual Studio 2012\IGr\practica4\Debug\link.1248-cvtres.read.1.tlog
D:\Xavi\Workspaces\Visual Studio 2012\IGr\practica4\Debug\link.1248-cvtres.write.1.tlog
D:\Xavi\Workspaces\Visual Studio 2012\IGr\practica4\Debug\link.1248-rc.read.1.tlog
D:\Xavi\Workspaces\Visual Studio 2012\IGr\practica4\Debug\link.1248-rc.write.1.tlog
D:\Xavi\Workspaces\Visual Studio 2012\IGr\practica4\Debug\link.1248.read.1.tlog
D:\Xavi\Workspaces\Visual Studio 2012\IGr\practica4\Debug\link.1248.write.1.tlog
D:\Xavi\Workspaces\Visual Studio 2012\IGr\practica4\Debug\link.1300-cvtres.read.1.tlog
D:\Xavi\Workspaces\Visual Studio 2012\IGr\practica4\Debug\link.1300-cvtres.write.1.tlog
D:\Xavi\Workspaces\Visual Studio 2012\IGr\practica4\Debug\link.1300-rc.read.1.tlog
D:\Xavi\Workspaces\Visual Studio 2012\IGr\practica4\Debug\link.1300-rc.write.1.tlog
D:\Xavi\Workspaces\Visual Studio 2012\IGr\practica4\Debug\link.1300.read.1.tlog
D:\Xavi\Workspaces\Visual Studio 2012\IGr\practica4\Debug\link.1300.write.1.tlog
D:\Xavi\Workspaces\Visual Studio 2012\IGr\practica4\Debug\link.1476-cvtres.read.1.tlog
D:\Xavi\Workspaces\Visual Studio 2012\IGr\practica4\Debug\link.1476-cvtres.write.1.tlog
D:\Xavi\Workspaces\Visual Studio 2012\IGr\practica4\Debug\link.1476-rc.read.1.tlog
D:\Xavi\Workspaces\Visual Studio 2012\IGr\practica4\Debug\link.1476-rc.write.1.tlog
D:\Xavi\Workspaces\Visual Studio 2012\IGr\practica4\Debug\link.1476.read.1.tlog
D:\Xavi\Workspaces\Visual Studio 2012\IGr\practica4\Debug\link.1476.write.1.tlog
D:\Xavi\Workspaces\Visual Studio 2012\IGr\practica4\Debug\link.1612-cvtres.read.1.tlog
D:\Xavi\Workspaces\Visual Studio 2012\IGr\practica4\Debug\link.1612-cvtres.write.1.tlog
D:\Xavi\Workspaces\Visual Studio 2012\IGr\practica4\Debug\link.1612-rc.read.1.tlog
D:\Xavi\Workspaces\Visual Studio 2012\IGr\practica4\Debug\link.1612-rc.write.1.tlog
D:\Xavi\Workspaces\Visual Studio 2012\IGr\practica4\Debug\link.1612.read.1.tlog
D:\Xavi\Workspaces\Visual Studio 2012\IGr\practica4\Debug\link.1612.write.1.tlog
D:\Xavi\Workspaces\Visual Studio 2012\IGr\practica4\Debug\link.1700-cvtres.read.1.tlog
D:\Xavi\Workspaces\Visual Studio 2012\IGr\practica4\Debug\link.1700-cvtres.write.1.tlog
D:\Xavi\Workspaces\Visual Studio 2012\IGr\practica4\Debug\link.1700-rc.read.1.tlog
D:\Xavi\Workspaces\Visual Studio 2012\IGr\practica4\Debug\link.1700-rc.write.1.tlog
D:\Xavi\Workspaces\Visual Studio 2012\IGr\practica4\Debug\link.1700.read.1.tlog
D:\Xavi\Workspaces\Visual Studio 2012\IGr\practica4\Debug\link.1700.write.1.tlog
D:\Xavi\Workspaces\Visual Studio 2012\IGr\practica4\Debug\link.1816-cvtres.read.1.tlog
D:\Xavi\Workspaces\Visual Studio 2012\IGr\practica4\Debug\link.1816-cvtres.write.1.tlog
D:\Xavi\Workspaces\Visual Studio 2012\IGr\practica4\Debug\link.1816-rc.read.1.tlog
D:\Xavi\Workspaces\Visual Studio 2012\IGr\practica4\Debug\link.1816-rc.write.1.tlog
D:\Xavi\Workspaces\Visual Studio 2012\IGr\practica4\Debug\link.1816.read.1.tlog
D:\Xavi\Workspaces\Visual Studio 2012\IGr\practica4\Debug\link.1816.write.1.tlog
D:\Xavi\Workspaces\Visual Studio 2012\IGr\practica4\Debug\link.1868-cvtres.read.1.tlog
D:\Xavi\Workspaces\Visual Studio 2012\IGr\practica4\Debug\link.1868-cvtres.write.1.tlog
D:\Xavi\Workspaces\Visual Studio 2012\IGr\practica4\Debug\link.1868-rc.read.1.tlog
D:\Xavi\Workspaces\Visual Studio 2012\IGr\practica4\Debug\link.1868-rc.write.1.tlog
D:\Xavi\Workspaces\Visual Studio 2012\IGr\practica4\Debug\link.1868.read.1.tlog
D:\Xavi\Workspaces\Visual Studio 2012\IGr\practica4\Debug\link.1868.write.1.tlog
D:\Xavi\Workspaces\Visual Studio 2012\IGr\practica4\Debug\link.2032-cvtres.read.1.tlog
D:\Xavi\Workspaces\Visual Studio 2012\IGr\practica4\Debug\link.2032-cvtres.write.1.tlog
D:\Xavi\Workspaces\Visual Studio 2012\IGr\practica4\Debug\link.2032-rc.read.1.tlog
D:\Xavi\Workspaces\Visual Studio 2012\IGr\practica4\Debug\link.2032-rc.write.1.tlog
D:\Xavi\Workspaces\Visual Studio 2012\IGr\practica4\Debug\link.2032.read.1.tlog
D:\Xavi\Workspaces\Visual Studio 2012\IGr\practica4\Debug\link.2032.write.1.tlog
D:\Xavi\Workspaces\Visual Studio 2012\IGr\practica4\Debug\link.208-cvtres.read.1.tlog
D:\Xavi\Workspaces\Visual Studio 2012\IGr\practica4\Debug\link.208-cvtres.write.1.tlog
D:\Xavi\Workspaces\Visual Studio 2012\IGr\practica4\Debug\link.208-rc.read.1.tlog
D:\Xavi\Workspaces\Visual Studio 2012\IGr\practica4\Debug\link.208-rc.write.1.tlog
D:\Xavi\Workspaces\Visual Studio 2012\IGr\practica4\Debug\link.208.read.1.tlog
D:\Xavi\Workspaces\Visual Studio 2012\IGr\practica4\Debug\link.208.write.1.tlog
D:\Xavi\Workspaces\Visual Studio 2012\IGr\practica4\Debug\link.2392-cvtres.read.1.tlog
D:\Xavi\Workspaces\Visual Studio 2012\IGr\practica4\Debug\link.2392-cvtres.write.1.tlog
D:\Xavi\Workspaces\Visual Studio 2012\IGr\practica4\Debug\link.2392-rc.read.1.tlog
D:\Xavi\Workspaces\Visual Studio 2012\IGr\practica4\Debug\link.2392-rc.write.1.tlog
D:\Xavi\Workspaces\Visual Studio 2012\IGr\practica4\Debug\link.2392.read.1.tlog
D:\Xavi\Workspaces\Visual Studio 2012\IGr\practica4\Debug\link.2392.write.1.tlog
D:\Xavi\Workspaces\Visual Studio 2012\IGr\practica4\Debug\link.2560-cvtres.read.1.tlog
D:\Xavi\Workspaces\Visual Studio 2012\IGr\practica4\Debug\link.2560-cvtres.write.1.tlog
D:\Xavi\Workspaces\Visual Studio 2012\IGr\practica4\Debug\link.2560-rc.read.1.tlog
D:\Xavi\Workspaces\Visual Studio 2012\IGr\practica4\Debug\link.2560-rc.write.1.tlog
D:\Xavi\Workspaces\Visual Studio 2012\IGr\practica4\Debug\link.2560.read.1.tlog
D:\Xavi\Workspaces\Visual Studio 2012\IGr\practica4\Debug\link.2560.write.1.tlog
D:\Xavi\Workspaces\Visual Studio 2012\IGr\practica4\Debug\link.2860-cvtres.read.1.tlog
D:\Xavi\Workspaces\Visual Studio 2012\IGr\practica4\Debug\link.2860-cvtres.write.1.tlog
D:\Xavi\Workspaces\Visual Studio 2012\IGr\practica4\Debug\link.2860-rc.read.1.tlog
D:\Xavi\Workspaces\Visual Studio 2012\IGr\practica4\Debug\link.2860-rc.write.1.tlog
D:\Xavi\Workspaces\Visual Studio 2012\IGr\practica4\Debug\link.2860.read.1.tlog
D:\Xavi\Workspaces\Visual Studio 2012\IGr\practica4\Debug\link.2860.write.1.tlog
D:\Xavi\Workspaces\Visual Studio 2012\IGr\practica4\Debug\link.2884-cvtres.read.1.tlog
D:\Xavi\Workspaces\Visual Studio 2012\IGr\practica4\Debug\link.2884-cvtres.write.1.tlog
D:\Xavi\Workspaces\Visual Studio 2012\IGr\practica4\Debug\link.2884-rc.read.1.tlog
D:\Xavi\Workspaces\Visual Studio 2012\IGr\practica4\Debug\link.2884-rc.write.1.tlog
D:\Xavi\Workspaces\Visual Studio 2012\IGr\practica4\Debug\link.2884.read.1.tlog
D:\Xavi\Workspaces\Visual Studio 2012\IGr\practica4\Debug\link.2884.write.1.tlog
D:\Xavi\Workspaces\Visual Studio 2012\IGr\practica4\Debug\link.3116-cvtres.read.1.tlog
D:\Xavi\Workspaces\Visual Studio 2012\IGr\practica4\Debug\link.3116-cvtres.write.1.tlog
D:\Xavi\Workspaces\Visual Studio 2012\IGr\practica4\Debug\link.3116-rc.read.1.tlog
D:\Xavi\Workspaces\Visual Studio 2012\IGr\practica4\Debug\link.3116-rc.write.1.tlog
D:\Xavi\Workspaces\Visual Studio 2012\IGr\practica4\Debug\link.3116.read.1.tlog
D:\Xavi\Workspaces\Visual Studio 2012\IGr\practica4\Debug\link.3116.write.1.tlog
D:\Xavi\Workspaces\Visual Studio 2012\IGr\practica4\Debug\link.3236-cvtres.read.1.tlog
D:\Xavi\Workspaces\Visual Studio 2012\IGr\practica4\Debug\link.3236-cvtres.write.1.tlog
D:\Xavi\Workspaces\Visual Studio 2012\IGr\practica4\Debug\link.3236-rc.read.1.tlog
D:\Xavi\Workspaces\Visual Studio 2012\IGr\practica4\Debug\link.3236-rc.write.1.tlog
D:\Xavi\Workspaces\Visual Studio 2012\IGr\practica4\Debug\link.3236.read.1.tlog
D:\Xavi\Workspaces\Visual Studio 2012\IGr\practica4\Debug\link.3236.write.1.tlog
D:\Xavi\Workspaces\Visual Studio 2012\IGr\practica4\Debug\link.3304-cvtres.read.1.tlog
D:\Xavi\Workspaces\Visual Studio 2012\IGr\practica4\Debug\link.3304-cvtres.write.1.tlog
D:\Xavi\Workspaces\Visual Studio 2012\IGr\practica4\Debug\link.3304-rc.read.1.tlog
D:\Xavi\Workspaces\Visual Studio 2012\IGr\practica4\Debug\link.3304-rc.write.1.tlog
D:\Xavi\Workspaces\Visual Studio 2012\IGr\practica4\Debug\link.3304.read.1.tlog
D:\Xavi\Workspaces\Visual Studio 2012\IGr\practica4\Debug\link.3304.write.1.tlog
D:\Xavi\Workspaces\Visual Studio 2012\IGr\practica4\Debug\link.3400-cvtres.read.1.tlog
D:\Xavi\Workspaces\Visual Studio 2012\IGr\practica4\Debug\link.3400-cvtres.write.1.tlog
D:\Xavi\Workspaces\Visual Studio 2012\IGr\practica4\Debug\link.3400-rc.read.1.tlog
D:\Xavi\Workspaces\Visual Studio 2012\IGr\practica4\Debug\link.3400-rc.write.1.tlog
D:\Xavi\Workspaces\Visual Studio 2012\IGr\practica4\Debug\link.3400.read.1.tlog
D:\Xavi\Workspaces\Visual Studio 2012\IGr\practica4\Debug\link.3400.write.1.tlog
D:\Xavi\Workspaces\Visual Studio 2012\IGr\practica4\Debug\link.3424-cvtres.read.1.tlog
D:\Xavi\Workspaces\Visual Studio 2012\IGr\practica4\Debug\link.3424-cvtres.write.1.tlog
D:\Xavi\Workspaces\Visual Studio 2012\IGr\practica4\Debug\link.3424-rc.read.1.tlog
D:\Xavi\Workspaces\Visual Studio 2012\IGr\practica4\Debug\link.3424-rc.write.1.tlog
D:\Xavi\Workspaces\Visual Studio 2012\IGr\practica4\Debug\link.3424.read.1.tlog
D:\Xavi\Workspaces\Visual Studio 2012\IGr\practica4\Debug\link.3424.write.1.tlog
D:\Xavi\Workspaces\Visual Studio 2012\IGr\practica4\Debug\link.3440-cvtres.read.1.tlog
D:\Xavi\Workspaces\Visual Studio 2012\IGr\practica4\Debug\link.3440-cvtres.write.1.tlog
D:\Xavi\Workspaces\Visual Studio 2012\IGr\practica4\Debug\link.3440-rc.read.1.tlog
D:\Xavi\Workspaces\Visual Studio 2012\IGr\practica4\Debug\link.3440-rc.write.1.tlog
D:\Xavi\Workspaces\Visual Studio 2012\IGr\practica4\Debug\link.3440.read.1.tlog
D:\Xavi\Workspaces\Visual Studio 2012\IGr\practica4\Debug\link.3440.write.1.tlog
D:\Xavi\Workspaces\Visual Studio 2012\IGr\practica4\Debug\link.3640-cvtres.read.1.tlog
D:\Xavi\Workspaces\Visual Studio 2012\IGr\practica4\Debug\link.3640-cvtres.write.1.tlog
D:\Xavi\Workspaces\Visual Studio 2012\IGr\practica4\Debug\link.3640-rc.read.1.tlog
D:\Xavi\Workspaces\Visual Studio 2012\IGr\practica4\Debug\link.3640-rc.write.1.tlog
D:\Xavi\Workspaces\Visual Studio 2012\IGr\practica4\Debug\link.3640.read.1.tlog
D:\Xavi\Workspaces\Visual Studio 2012\IGr\practica4\Debug\link.3640.write.1.tlog
D:\Xavi\Workspaces\Visual Studio 2012\IGr\practica4\Debug\link.3712-cvtres.read.1.tlog
D:\Xavi\Workspaces\Visual Studio 2012\IGr\practica4\Debug\link.3712-cvtres.write.1.tlog
D:\Xavi\Workspaces\Visual Studio 2012\IGr\practica4\Debug\link.3712-rc.read.1.tlog
D:\Xavi\Workspaces\Visual Studio 2012\IGr\practica4\Debug\link.3712-rc.write.1.tlog
D:\Xavi\Workspaces\Visual Studio 2012\IGr\practica4\Debug\link.3712.read.1.tlog
D:\Xavi\Workspaces\Visual Studio 2012\IGr\practica4\Debug\link.3712.write.1.tlog
D:\Xavi\Workspaces\Visual Studio 2012\IGr\practica4\Debug\link.3740-cvtres.read.1.tlog
D:\Xavi\Workspaces\Visual Studio 2012\IGr\practica4\Debug\link.3740-cvtres.write.1.tlog
D:\Xavi\Workspaces\Visual Studio 2012\IGr\practica4\Debug\link.3740-rc.read.1.tlog
D:\Xavi\Workspaces\Visual Studio 2012\IGr\practica4\Debug\link.3740-rc.write.1.tlog
D:\Xavi\Workspaces\Visual Studio 2012\IGr\practica4\Debug\link.3740.read.1.tlog
D:\Xavi\Workspaces\Visual Studio 2012\IGr\practica4\Debug\link.3740.write.1.tlog
D:\Xavi\Workspaces\Visual Studio 2012\IGr\practica4\Debug\link.3816-cvtres.read.1.tlog
D:\Xavi\Workspaces\Visual Studio 2012\IGr\practica4\Debug\link.3816-cvtres.write.1.tlog
D:\Xavi\Workspaces\Visual Studio 2012\IGr\practica4\Debug\link.3816-rc.read.1.tlog
D:\Xavi\Workspaces\Visual Studio 2012\IGr\practica4\Debug\link.3816-rc.write.1.tlog
D:\Xavi\Workspaces\Visual Studio 2012\IGr\practica4\Debug\link.3816.read.1.tlog
D:\Xavi\Workspaces\Visual Studio 2012\IGr\practica4\Debug\link.3816.write.1.tlog
D:\Xavi\Workspaces\Visual Studio 2012\IGr\practica4\Debug\link.3896-cvtres.read.1.tlog
D:\Xavi\Workspaces\Visual Studio 2012\IGr\practica4\Debug\link.3896-cvtres.write.1.tlog
D:\Xavi\Workspaces\Visual Studio 2012\IGr\practica4\Debug\link.3896-rc.read.1.tlog
D:\Xavi\Workspaces\Visual Studio 2012\IGr\practica4\Debug\link.3896-rc.write.1.tlog
D:\Xavi\Workspaces\Visual Studio 2012\IGr\practica4\Debug\link.3896.read.1.tlog
D:\Xavi\Workspaces\Visual Studio 2012\IGr\practica4\Debug\link.3896.write.1.tlog
D:\Xavi\Workspaces\Visual Studio 2012\IGr\practica4\Debug\link.3972-cvtres.read.1.tlog
D:\Xavi\Workspaces\Visual Studio 2012\IGr\practica4\Debug\link.3972-cvtres.write.1.tlog
D:\Xavi\Workspaces\Visual Studio 2012\IGr\practica4\Debug\link.3972-rc.read.1.tlog
D:\Xavi\Workspaces\Visual Studio 2012\IGr\practica4\Debug\link.3972-rc.write.1.tlog
D:\Xavi\Workspaces\Visual Studio 2012\IGr\practica4\Debug\link.3972.read.1.tlog
D:\Xavi\Workspaces\Visual Studio 2012\IGr\practica4\Debug\link.3972.write.1.tlog
D:\Xavi\Workspaces\Visual Studio 2012\IGr\practica4\Debug\link.4064-cvtres.read.1.tlog
D:\Xavi\Workspaces\Visual Studio 2012\IGr\practica4\Debug\link.4064-cvtres.write.1.tlog
D:\Xavi\Workspaces\Visual Studio 2012\IGr\practica4\Debug\link.4064-rc.read.1.tlog
D:\Xavi\Workspaces\Visual Studio 2012\IGr\practica4\Debug\link.4064-rc.write.1.tlog
D:\Xavi\Workspaces\Visual Studio 2012\IGr\practica4\Debug\link.4064.read.1.tlog
D:\Xavi\Workspaces\Visual Studio 2012\IGr\practica4\Debug\link.4064.write.1.tlog
D:\Xavi\Workspaces\Visual Studio 2012\IGr\practica4\Debug\link.4080-cvtres.read.1.tlog
D:\Xavi\Workspaces\Visual Studio 2012\IGr\practica4\Debug\link.4080-cvtres.write.1.tlog
D:\Xavi\Workspaces\Visual Studio 2012\IGr\practica4\Debug\link.4080-rc.read.1.tlog
D:\Xavi\Workspaces\Visual Studio 2012\IGr\practica4\Debug\link.4080-rc.write.1.tlog
D:\Xavi\Workspaces\Visual Studio 2012\IGr\practica4\Debug\link.4080.read.1.tlog
D:\Xavi\Workspaces\Visual Studio 2012\IGr\practica4\Debug\link.4080.write.1.tlog
D:\Xavi\Workspaces\Visual Studio 2012\IGr\practica4\Debug\link.4128-cvtres.read.1.tlog
D:\Xavi\Workspaces\Visual Studio 2012\IGr\practica4\Debug\link.4128-cvtres.write.1.tlog
D:\Xavi\Workspaces\Visual Studio 2012\IGr\practica4\Debug\link.4128-rc.read.1.tlog
D:\Xavi\Workspaces\Visual Studio 2012\IGr\practica4\Debug\link.4128-rc.write.1.tlog
D:\Xavi\Workspaces\Visual Studio 2012\IGr\practica4\Debug\link.4128.read.1.tlog
D:\Xavi\Workspaces\Visual Studio 2012\IGr\practica4\Debug\link.4128.write.1.tlog
D:\Xavi\Workspaces\Visual Studio 2012\IGr\practica4\Debug\link.4504-cvtres.read.1.tlog
D:\Xavi\Workspaces\Visual Studio 2012\IGr\practica4\Debug\link.4504-cvtres.write.1.tlog
D:\Xavi\Workspaces\Visual Studio 2012\IGr\practica4\Debug\link.4504-rc.read.1.tlog
D:\Xavi\Workspaces\Visual Studio 2012\IGr\practica4\Debug\link.4504-rc.write.1.tlog
D:\Xavi\Workspaces\Visual Studio 2012\IGr\practica4\Debug\link.4504.read.1.tlog
D:\Xavi\Workspaces\Visual Studio 2012\IGr\practica4\Debug\link.4504.write.1.tlog
D:\Xavi\Workspaces\Visual Studio 2012\IGr\practica4\Debug\link.4536-cvtres.read.1.tlog
D:\Xavi\Workspaces\Visual Studio 2012\IGr\practica4\Debug\link.4536-cvtres.write.1.tlog
D:\Xavi\Workspaces\Visual Studio 2012\IGr\practica4\Debug\link.4536-rc.read.1.tlog
D:\Xavi\Workspaces\Visual Studio 2012\IGr\practica4\Debug\link.4536-rc.write.1.tlog
D:\Xavi\Workspaces\Visual Studio 2012\IGr\practica4\Debug\link.4536.read.1.tlog
D:\Xavi\Workspaces\Visual Studio 2012\IGr\practica4\Debug\link.4536.write.1.tlog
D:\Xavi\Workspaces\Visual Studio 2012\IGr\practica4\Debug\link.4544-cvtres.read.1.tlog
D:\Xavi\Workspaces\Visual Studio 2012\IGr\practica4\Debug\link.4544-cvtres.write.1.tlog
D:\Xavi\Workspaces\Visual Studio 2012\IGr\practica4\Debug\link.4544-rc.read.1.tlog
D:\Xavi\Workspaces\Visual Studio 2012\IGr\practica4\Debug\link.4544-rc.write.1.tlog
D:\Xavi\Workspaces\Visual Studio 2012\IGr\practica4\Debug\link.4544.read.1.tlog
D:\Xavi\Workspaces\Visual Studio 2012\IGr\practica4\Debug\link.4544.write.1.tlog
D:\Xavi\Workspaces\Visual Studio 2012\IGr\practica4\Debug\link.4552-cvtres.read.1.tlog
D:\Xavi\Workspaces\Visual Studio 2012\IGr\practica4\Debug\link.4552-cvtres.write.1.tlog
D:\Xavi\Workspaces\Visual Studio 2012\IGr\practica4\Debug\link.4552-rc.read.1.tlog
D:\Xavi\Workspaces\Visual Studio 2012\IGr\practica4\Debug\link.4552-rc.write.1.tlog
D:\Xavi\Workspaces\Visual Studio 2012\IGr\practica4\Debug\link.4552.read.1.tlog
D:\Xavi\Workspaces\Visual Studio 2012\IGr\practica4\Debug\link.4552.write.1.tlog
D:\Xavi\Workspaces\Visual Studio 2012\IGr\practica4\Debug\link.4576-cvtres.read.1.tlog
D:\Xavi\Workspaces\Visual Studio 2012\IGr\practica4\Debug\link.4576-cvtres.write.1.tlog
D:\Xavi\Workspaces\Visual Studio 2012\IGr\practica4\Debug\link.4576-rc.read.1.tlog
D:\Xavi\Workspaces\Visual Studio 2012\IGr\practica4\Debug\link.4576-rc.write.1.tlog
D:\Xavi\Workspaces\Visual Studio 2012\IGr\practica4\Debug\link.4576.read.1.tlog
D:\Xavi\Workspaces\Visual Studio 2012\IGr\practica4\Debug\link.4576.write.1.tlog
D:\Xavi\Workspaces\Visual Studio 2012\IGr\practica4\Debug\link.4708-cvtres.read.1.tlog
D:\Xavi\Workspaces\Visual Studio 2012\IGr\practica4\Debug\link.4708-cvtres.write.1.tlog
D:\Xavi\Workspaces\Visual Studio 2012\IGr\practica4\Debug\link.4708-rc.read.1.tlog
D:\Xavi\Workspaces\Visual Studio 2012\IGr\practica4\Debug\link.4708-rc.write.1.tlog
D:\Xavi\Workspaces\Visual Studio 2012\IGr\practica4\Debug\link.4708.read.1.tlog
D:\Xavi\Workspaces\Visual Studio 2012\IGr\practica4\Debug\link.4708.write.1.tlog
D:\Xavi\Workspaces\Visual Studio 2012\IGr\practica4\Debug\link.4756-cvtres.read.1.tlog
D:\Xavi\Workspaces\Visual Studio 2012\IGr\practica4\Debug\link.4756-cvtres.write.1.tlog
D:\Xavi\Workspaces\Visual Studio 2012\IGr\practica4\Debug\link.4756-rc.read.1.tlog
D:\Xavi\Workspaces\Visual Studio 2012\IGr\practica4\Debug\link.4756-rc.write.1.tlog
D:\Xavi\Workspaces\Visual Studio 2012\IGr\practica4\Debug\link.4756.read.1.tlog
D:\Xavi\Workspaces\Visual Studio 2012\IGr\practica4\Debug\link.4756.write.1.tlog
D:\Xavi\Workspaces\Visual Studio 2012\IGr\practica4\Debug\link.4884-cvtres.read.1.tlog
D:\Xavi\Workspaces\Visual Studio 2012\IGr\practica4\Debug\link.4884-cvtres.write.1.tlog
D:\Xavi\Workspaces\Visual Studio 2012\IGr\practica4\Debug\link.4884-rc.read.1.tlog
D:\Xavi\Workspaces\Visual Studio 2012\IGr\practica4\Debug\link.4884-rc.write.1.tlog
D:\Xavi\Workspaces\Visual Studio 2012\IGr\practica4\Debug\link.4884.read.1.tlog
D:\Xavi\Workspaces\Visual Studio 2012\IGr\practica4\Debug\link.4884.write.1.tlog
D:\Xavi\Workspaces\Visual Studio 2012\IGr\practica4\Debug\link.5168-cvtres.read.1.tlog
D:\Xavi\Workspaces\Visual Studio 2012\IGr\practica4\Debug\link.5168-cvtres.write.1.tlog
D:\Xavi\Workspaces\Visual Studio 2012\IGr\practica4\Debug\link.5168-rc.read.1.tlog
D:\Xavi\Workspaces\Visual Studio 2012\IGr\practica4\Debug\link.5168-rc.write.1.tlog
D:\Xavi\Workspaces\Visual Studio 2012\IGr\practica4\Debug\link.5168.read.1.tlog
D:\Xavi\Workspaces\Visual Studio 2012\IGr\practica4\Debug\link.5168.write.1.tlog
D:\Xavi\Workspaces\Visual Studio 2012\IGr\practica4\Debug\link.5188-cvtres.read.1.tlog
D:\Xavi\Workspaces\Visual Studio 2012\IGr\practica4\Debug\link.5188-cvtres.write.1.tlog
D:\Xavi\Workspaces\Visual Studio 2012\IGr\practica4\Debug\link.5188-rc.read.1.tlog
D:\Xavi\Workspaces\Visual Studio 2012\IGr\practica4\Debug\link.5188-rc.write.1.tlog
D:\Xavi\Workspaces\Visual Studio 2012\IGr\practica4\Debug\link.5188.read.1.tlog
D:\Xavi\Workspaces\Visual Studio 2012\IGr\practica4\Debug\link.5188.write.1.tlog
D:\Xavi\Workspaces\Visual Studio 2012\IGr\practica4\Debug\link.5216-cvtres.read.1.tlog
D:\Xavi\Workspaces\Visual Studio 2012\IGr\practica4\Debug\link.5216-cvtres.write.1.tlog
D:\Xavi\Workspaces\Visual Studio 2012\IGr\practica4\Debug\link.5216-rc.read.1.tlog
D:\Xavi\Workspaces\Visual Studio 2012\IGr\practica4\Debug\link.5216-rc.write.1.tlog
D:\Xavi\Workspaces\Visual Studio 2012\IGr\practica4\Debug\link.5216.read.1.tlog
D:\Xavi\Workspaces\Visual Studio 2012\IGr\practica4\Debug\link.5216.write.1.tlog
D:\Xavi\Workspaces\Visual Studio 2012\IGr\practica4\Debug\link.5268-cvtres.read.1.tlog
D:\Xavi\Workspaces\Visual Studio 2012\IGr\practica4\Debug\link.5268-cvtres.write.1.tlog
D:\Xavi\Workspaces\Visual Studio 2012\IGr\practica4\Debug\link.5268-rc.read.1.tlog
D:\Xavi\Workspaces\Visual Studio 2012\IGr\practica4\Debug\link.5268-rc.write.1.tlog
D:\Xavi\Workspaces\Visual Studio 2012\IGr\practica4\Debug\link.5268.read.1.tlog
D:\Xavi\Workspaces\Visual Studio 2012\IGr\practica4\Debug\link.5268.write.1.tlog
D:\Xavi\Workspaces\Visual Studio 2012\IGr\practica4\Debug\link.5444-cvtres.read.1.tlog
D:\Xavi\Workspaces\Visual Studio 2012\IGr\practica4\Debug\link.5444-cvtres.write.1.tlog
D:\Xavi\Workspaces\Visual Studio 2012\IGr\practica4\Debug\link.5444-rc.read.1.tlog
D:\Xavi\Workspaces\Visual Studio 2012\IGr\practica4\Debug\link.5444-rc.write.1.tlog
D:\Xavi\Workspaces\Visual Studio 2012\IGr\practica4\Debug\link.5444.read.1.tlog
D:\Xavi\Workspaces\Visual Studio 2012\IGr\practica4\Debug\link.5444.write.1.tlog
D:\Xavi\Workspaces\Visual Studio 2012\IGr\practica4\Debug\link.5524-cvtres.read.1.tlog
D:\Xavi\Workspaces\Visual Studio 2012\IGr\practica4\Debug\link.5524-cvtres.write.1.tlog
D:\Xavi\Workspaces\Visual Studio 2012\IGr\practica4\Debug\link.5524-rc.read.1.tlog
D:\Xavi\Workspaces\Visual Studio 2012\IGr\practica4\Debug\link.5524-rc.write.1.tlog
D:\Xavi\Workspaces\Visual Studio 2012\IGr\practica4\Debug\link.5524.read.1.tlog
D:\Xavi\Workspaces\Visual Studio 2012\IGr\practica4\Debug\link.5524.write.1.tlog
D:\Xavi\Workspaces\Visual Studio 2012\IGr\practica4\Debug\link.5544-cvtres.read.1.tlog
D:\Xavi\Workspaces\Visual Studio 2012\IGr\practica4\Debug\link.5544-cvtres.write.1.tlog
D:\Xavi\Workspaces\Visual Studio 2012\IGr\practica4\Debug\link.5544-rc.read.1.tlog
D:\Xavi\Workspaces\Visual Studio 2012\IGr\practica4\Debug\link.5544-rc.write.1.tlog
D:\Xavi\Workspaces\Visual Studio 2012\IGr\practica4\Debug\link.5544.read.1.tlog
D:\Xavi\Workspaces\Visual Studio 2012\IGr\practica4\Debug\link.5544.write.1.tlog
D:\Xavi\Workspaces\Visual Studio 2012\IGr\practica4\Debug\link.5632-cvtres.read.1.tlog
D:\Xavi\Workspaces\Visual Studio 2012\IGr\practica4\Debug\link.5632-cvtres.write.1.tlog
D:\Xavi\Workspaces\Visual Studio 2012\IGr\practica4\Debug\link.5632-rc.read.1.tlog
D:\Xavi\Workspaces\Visual Studio 2012\IGr\practica4\Debug\link.5632-rc.write.1.tlog
D:\Xavi\Workspaces\Visual Studio 2012\IGr\practica4\Debug\link.5632.read.1.tlog
D:\Xavi\Workspaces\Visual Studio 2012\IGr\practica4\Debug\link.5632.write.1.tlog
D:\Xavi\Workspaces\Visual Studio 2012\IGr\practica4\Debug\link.5752-cvtres.read.1.tlog
D:\Xavi\Workspaces\Visual Studio 2012\IGr\practica4\Debug\link.5752-cvtres.write.1.tlog
D:\Xavi\Workspaces\Visual Studio 2012\IGr\practica4\Debug\link.5752-rc.read.1.tlog
D:\Xavi\Workspaces\Visual Studio 2012\IGr\practica4\Debug\link.5752-rc.write.1.tlog
D:\Xavi\Workspaces\Visual Studio 2012\IGr\practica4\Debug\link.5752.read.1.tlog
D:\Xavi\Workspaces\Visual Studio 2012\IGr\practica4\Debug\link.5752.write.1.tlog
D:\Xavi\Workspaces\Visual Studio 2012\IGr\practica4\Debug\link.5776-cvtres.read.1.tlog
D:\Xavi\Workspaces\Visual Studio 2012\IGr\practica4\Debug\link.5776-cvtres.write.1.tlog
D:\Xavi\Workspaces\Visual Studio 2012\IGr\practica4\Debug\link.5776-rc.read.1.tlog
D:\Xavi\Workspaces\Visual Studio 2012\IGr\practica4\Debug\link.5776-rc.write.1.tlog
D:\Xavi\Workspaces\Visual Studio 2012\IGr\practica4\Debug\link.5776.read.1.tlog
D:\Xavi\Workspaces\Visual Studio 2012\IGr\practica4\Debug\link.5776.write.1.tlog
D:\Xavi\Workspaces\Visual Studio 2012\IGr\practica4\Debug\link.5800-cvtres.read.1.tlog
D:\Xavi\Workspaces\Visual Studio 2012\IGr\practica4\Debug\link.5800-cvtres.write.1.tlog
D:\Xavi\Workspaces\Visual Studio 2012\IGr\practica4\Debug\link.5800-rc.read.1.tlog
D:\Xavi\Workspaces\Visual Studio 2012\IGr\practica4\Debug\link.5800-rc.write.1.tlog
D:\Xavi\Workspaces\Visual Studio 2012\IGr\practica4\Debug\link.5800.read.1.tlog
D:\Xavi\Workspaces\Visual Studio 2012\IGr\practica4\Debug\link.5800.write.1.tlog
D:\Xavi\Workspaces\Visual Studio 2012\IGr\practica4\Debug\link.5880-cvtres.read.1.tlog
D:\Xavi\Workspaces\Visual Studio 2012\IGr\practica4\Debug\link.5880-cvtres.write.1.tlog
D:\Xavi\Workspaces\Visual Studio 2012\IGr\practica4\Debug\link.5880-rc.read.1.tlog
D:\Xavi\Workspaces\Visual Studio 2012\IGr\practica4\Debug\link.5880-rc.write.1.tlog
D:\Xavi\Workspaces\Visual Studio 2012\IGr\practica4\Debug\link.5880.read.1.tlog
D:\Xavi\Workspaces\Visual Studio 2012\IGr\practica4\Debug\link.5880.write.1.tlog
D:\Xavi\Workspaces\Visual Studio 2012\IGr\practica4\Debug\link.5904-cvtres.read.1.tlog
D:\Xavi\Workspaces\Visual Studio 2012\IGr\practica4\Debug\link.5904-cvtres.write.1.tlog
D:\Xavi\Workspaces\Visual Studio 2012\IGr\practica4\Debug\link.5904-rc.read.1.tlog
D:\Xavi\Workspaces\Visual Studio 2012\IGr\practica4\Debug\link.5904-rc.write.1.tlog
D:\Xavi\Workspaces\Visual Studio 2012\IGr\practica4\Debug\link.5904.read.1.tlog
D:\Xavi\Workspaces\Visual Studio 2012\IGr\practica4\Debug\link.5904.write.1.tlog
D:\Xavi\Workspaces\Visual Studio 2012\IGr\practica4\Debug\link.5944-cvtres.read.1.tlog
D:\Xavi\Workspaces\Visual Studio 2012\IGr\practica4\Debug\link.5944-cvtres.write.1.tlog
D:\Xavi\Workspaces\Visual Studio 2012\IGr\practica4\Debug\link.5944-rc.read.1.tlog
D:\Xavi\Workspaces\Visual Studio 2012\IGr\practica4\Debug\link.5944-rc.write.1.tlog
D:\Xavi\Workspaces\Visual Studio 2012\IGr\practica4\Debug\link.5944.read.1.tlog
D:\Xavi\Workspaces\Visual Studio 2012\IGr\practica4\Debug\link.5944.write.1.tlog
D:\Xavi\Workspaces\Visual Studio 2012\IGr\practica4\Debug\link.5960-cvtres.read.1.tlog
D:\Xavi\Workspaces\Visual Studio 2012\IGr\practica4\Debug\link.5960-cvtres.write.1.tlog
D:\Xavi\Workspaces\Visual Studio 2012\IGr\practica4\Debug\link.5960-rc.read.1.tlog
D:\Xavi\Workspaces\Visual Studio 2012\IGr\practica4\Debug\link.5960-rc.write.1.tlog
D:\Xavi\Workspaces\Visual Studio 2012\IGr\practica4\Debug\link.5960.read.1.tlog
D:\Xavi\Workspaces\Visual Studio 2012\IGr\practica4\Debug\link.5960.write.1.tlog
D:\Xavi\Workspaces\Visual Studio 2012\IGr\practica4\Debug\link.6000-cvtres.read.1.tlog
D:\Xavi\Workspaces\Visual Studio 2012\IGr\practica4\Debug\link.6000-cvtres.write.1.tlog
D:\Xavi\Workspaces\Visual Studio 2012\IGr\practica4\Debug\link.6000-rc.read.1.tlog
D:\Xavi\Workspaces\Visual Studio 2012\IGr\practica4\Debug\link.6000-rc.write.1.tlog
D:\Xavi\Workspaces\Visual Studio 2012\IGr\practica4\Debug\link.6000.read.1.tlog
D:\Xavi\Workspaces\Visual Studio 2012\IGr\practica4\Debug\link.6000.write.1.tlog
D:\Xavi\Workspaces\Visual Studio 2012\IGr\practica4\Debug\link.6040-cvtres.read.1.tlog
D:\Xavi\Workspaces\Visual Studio 2012\IGr\practica4\Debug\link.6040-cvtres.write.1.tlog
D:\Xavi\Workspaces\Visual Studio 2012\IGr\practica4\Debug\link.6040-rc.read.1.tlog
D:\Xavi\Workspaces\Visual Studio 2012\IGr\practica4\Debug\link.6040-rc.write.1.tlog
D:\Xavi\Workspaces\Visual Studio 2012\IGr\practica4\Debug\link.6040.read.1.tlog
D:\Xavi\Workspaces\Visual Studio 2012\IGr\practica4\Debug\link.6040.write.1.tlog
D:\Xavi\Workspaces\Visual Studio 2012\IGr\practica4\Debug\link.6084-cvtres.read.1.tlog
D:\Xavi\Workspaces\Visual Studio 2012\IGr\practica4\Debug\link.6084-cvtres.write.1.tlog
D:\Xavi\Workspaces\Visual Studio 2012\IGr\practica4\Debug\link.6084-rc.read.1.tlog
D:\Xavi\Workspaces\Visual Studio 2012\IGr\practica4\Debug\link.6084-rc.write.1.tlog
D:\Xavi\Workspaces\Visual Studio 2012\IGr\practica4\Debug\link.6084.read.1.tlog
D:\Xavi\Workspaces\Visual Studio 2012\IGr\practica4\Debug\link.6084.write.1.tlog
D:\Xavi\Workspaces\Visual Studio 2012\IGr\practica4\Debug\link.6296-cvtres.read.1.tlog
D:\Xavi\Workspaces\Visual Studio 2012\IGr\practica4\Debug\link.6296-cvtres.write.1.tlog
D:\Xavi\Workspaces\Visual Studio 2012\IGr\practica4\Debug\link.6296-rc.read.1.tlog
D:\Xavi\Workspaces\Visual Studio 2012\IGr\practica4\Debug\link.6296-rc.write.1.tlog
D:\Xavi\Workspaces\Visual Studio 2012\IGr\practica4\Debug\link.6296.read.1.tlog
D:\Xavi\Workspaces\Visual Studio 2012\IGr\practica4\Debug\link.6296.write.1.tlog
D:\Xavi\Workspaces\Visual Studio 2012\IGr\practica4\Debug\link.6312-cvtres.read.1.tlog
D:\Xavi\Workspaces\Visual Studio 2012\IGr\practica4\Debug\link.6312-cvtres.write.1.tlog
D:\Xavi\Workspaces\Visual Studio 2012\IGr\practica4\Debug\link.6312-rc.read.1.tlog
D:\Xavi\Workspaces\Visual Studio 2012\IGr\practica4\Debug\link.6312-rc.write.1.tlog
D:\Xavi\Workspaces\Visual Studio 2012\IGr\practica4\Debug\link.6312.read.1.tlog
D:\Xavi\Workspaces\Visual Studio 2012\IGr\practica4\Debug\link.6312.write.1.tlog
D:\Xavi\Workspaces\Visual Studio 2012\IGr\practica4\Debug\link.6376-cvtres.read.1.tlog
D:\Xavi\Workspaces\Visual Studio 2012\IGr\practica4\Debug\link.6376-cvtres.write.1.tlog
D:\Xavi\Workspaces\Visual Studio 2012\IGr\practica4\Debug\link.6376-rc.read.1.tlog
D:\Xavi\Workspaces\Visual Studio 2012\IGr\practica4\Debug\link.6376-rc.write.1.tlog
D:\Xavi\Workspaces\Visual Studio 2012\IGr\practica4\Debug\link.6376.read.1.tlog
D:\Xavi\Workspaces\Visual Studio 2012\IGr\practica4\Debug\link.6376.write.1.tlog
D:\Xavi\Workspaces\Visual Studio 2012\IGr\practica4\Debug\link.6404-cvtres.read.1.tlog
D:\Xavi\Workspaces\Visual Studio 2012\IGr\practica4\Debug\link.6404-cvtres.write.1.tlog
D:\Xavi\Workspaces\Visual Studio 2012\IGr\practica4\Debug\link.6404-rc.read.1.tlog
D:\Xavi\Workspaces\Visual Studio 2012\IGr\practica4\Debug\link.6404-rc.write.1.tlog
D:\Xavi\Workspaces\Visual Studio 2012\IGr\practica4\Debug\link.6404.read.1.tlog
D:\Xavi\Workspaces\Visual Studio 2012\IGr\practica4\Debug\link.6404.write.1.tlog
D:\Xavi\Workspaces\Visual Studio 2012\IGr\practica4\Debug\link.6412-cvtres.read.1.tlog
D:\Xavi\Workspaces\Visual Studio 2012\IGr\practica4\Debug\link.6412-cvtres.write.1.tlog
D:\Xavi\Workspaces\Visual Studio 2012\IGr\practica4\Debug\link.6412-rc.read.1.tlog
D:\Xavi\Workspaces\Visual Studio 2012\IGr\practica4\Debug\link.6412-rc.write.1.tlog
D:\Xavi\Workspaces\Visual Studio 2012\IGr\practica4\Debug\link.6412.read.1.tlog
D:\Xavi\Workspaces\Visual Studio 2012\IGr\practica4\Debug\link.6412.write.1.tlog
D:\Xavi\Workspaces\Visual Studio 2012\IGr\practica4\Debug\link.6424-cvtres.read.1.tlog
D:\Xavi\Workspaces\Visual Studio 2012\IGr\practica4\Debug\link.6424-cvtres.write.1.tlog
D:\Xavi\Workspaces\Visual Studio 2012\IGr\practica4\Debug\link.6424-rc.read.1.tlog
D:\Xavi\Workspaces\Visual Studio 2012\IGr\practica4\Debug\link.6424-rc.write.1.tlog
D:\Xavi\Workspaces\Visual Studio 2012\IGr\practica4\Debug\link.6424.read.1.tlog
D:\Xavi\Workspaces\Visual Studio 2012\IGr\practica4\Debug\link.6424.write.1.tlog
D:\Xavi\Workspaces\Visual Studio 2012\IGr\practica4\Debug\link.6512-cvtres.read.1.tlog
D:\Xavi\Workspaces\Visual Studio 2012\IGr\practica4\Debug\link.6512-cvtres.write.1.tlog
D:\Xavi\Workspaces\Visual Studio 2012\IGr\practica4\Debug\link.6512-rc.read.1.tlog
D:\Xavi\Workspaces\Visual Studio 2012\IGr\practica4\Debug\link.6512-rc.write.1.tlog
D:\Xavi\Workspaces\Visual Studio 2012\IGr\practica4\Debug\link.6512.read.1.tlog
D:\Xavi\Workspaces\Visual Studio 2012\IGr\practica4\Debug\link.6512.write.1.tlog
D:\Xavi\Workspaces\Visual Studio 2012\IGr\practica4\Debug\link.6516-cvtres.read.1.tlog
D:\Xavi\Workspaces\Visual Studio 2012\IGr\practica4\Debug\link.6516-cvtres.write.1.tlog
D:\Xavi\Workspaces\Visual Studio 2012\IGr\practica4\Debug\link.6516-rc.read.1.tlog
D:\Xavi\Workspaces\Visual Studio 2012\IGr\practica4\Debug\link.6516-rc.write.1.tlog
D:\Xavi\Workspaces\Visual Studio 2012\IGr\practica4\Debug\link.6516.read.1.tlog
D:\Xavi\Workspaces\Visual Studio 2012\IGr\practica4\Debug\link.6516.write.1.tlog
D:\Xavi\Workspaces\Visual Studio 2012\IGr\practica4\Debug\link.6528-cvtres.read.1.tlog
D:\Xavi\Workspaces\Visual Studio 2012\IGr\practica4\Debug\link.6528-cvtres.write.1.tlog
D:\Xavi\Workspaces\Visual Studio 2012\IGr\practica4\Debug\link.6528-rc.read.1.tlog
D:\Xavi\Workspaces\Visual Studio 2012\IGr\practica4\Debug\link.6528-rc.write.1.tlog
D:\Xavi\Workspaces\Visual Studio 2012\IGr\practica4\Debug\link.6528.read.1.tlog
D:\Xavi\Workspaces\Visual Studio 2012\IGr\practica4\Debug\link.6528.write.1.tlog
D:\Xavi\Workspaces\Visual Studio 2012\IGr\practica4\Debug\link.660-cvtres.read.1.tlog
D:\Xavi\Workspaces\Visual Studio 2012\IGr\practica4\Debug\link.660-cvtres.write.1.tlog
D:\Xavi\Workspaces\Visual Studio 2012\IGr\practica4\Debug\link.660-rc.read.1.tlog
D:\Xavi\Workspaces\Visual Studio 2012\IGr\practica4\Debug\link.660-rc.write.1.tlog
D:\Xavi\Workspaces\Visual Studio 2012\IGr\practica4\Debug\link.660.read.1.tlog
D:\Xavi\Workspaces\Visual Studio 2012\IGr\practica4\Debug\link.660.write.1.tlog
D:\Xavi\Workspaces\Visual Studio 2012\IGr\practica4\Debug\link.664-cvtres.read.1.tlog
D:\Xavi\Workspaces\Visual Studio 2012\IGr\practica4\Debug\link.664-cvtres.write.1.tlog
D:\Xavi\Workspaces\Visual Studio 2012\IGr\practica4\Debug\link.664-rc.read.1.tlog
D:\Xavi\Workspaces\Visual Studio 2012\IGr\practica4\Debug\link.664-rc.write.1.tlog
D:\Xavi\Workspaces\Visual Studio 2012\IGr\practica4\Debug\link.664.read.1.tlog
D:\Xavi\Workspaces\Visual Studio 2012\IGr\practica4\Debug\link.664.write.1.tlog
D:\Xavi\Workspaces\Visual Studio 2012\IGr\practica4\Debug\link.6708-cvtres.read.1.tlog
D:\Xavi\Workspaces\Visual Studio 2012\IGr\practica4\Debug\link.6708-cvtres.write.1.tlog
D:\Xavi\Workspaces\Visual Studio 2012\IGr\practica4\Debug\link.6708-rc.read.1.tlog
D:\Xavi\Workspaces\Visual Studio 2012\IGr\practica4\Debug\link.6708-rc.write.1.tlog
D:\Xavi\Workspaces\Visual Studio 2012\IGr\practica4\Debug\link.6708.read.1.tlog
D:\Xavi\Workspaces\Visual Studio 2012\IGr\practica4\Debug\link.6708.write.1.tlog
D:\Xavi\Workspaces\Visual Studio 2012\IGr\practica4\Debug\link.6744-cvtres.read.1.tlog
D:\Xavi\Workspaces\Visual Studio 2012\IGr\practica4\Debug\link.6744-cvtres.write.1.tlog
D:\Xavi\Workspaces\Visual Studio 2012\IGr\practica4\Debug\link.6744-rc.read.1.tlog
D:\Xavi\Workspaces\Visual Studio 2012\IGr\practica4\Debug\link.6744-rc.write.1.tlog
D:\Xavi\Workspaces\Visual Studio 2012\IGr\practica4\Debug\link.6744.read.1.tlog
D:\Xavi\Workspaces\Visual Studio 2012\IGr\practica4\Debug\link.6744.write.1.tlog
D:\Xavi\Workspaces\Visual Studio 2012\IGr\practica4\Debug\link.6808-cvtres.read.1.tlog
D:\Xavi\Workspaces\Visual Studio 2012\IGr\practica4\Debug\link.6808-cvtres.write.1.tlog
D:\Xavi\Workspaces\Visual Studio 2012\IGr\practica4\Debug\link.6808-rc.read.1.tlog
D:\Xavi\Workspaces\Visual Studio 2012\IGr\practica4\Debug\link.6808-rc.write.1.tlog
D:\Xavi\Workspaces\Visual Studio 2012\IGr\practica4\Debug\link.6808.read.1.tlog
D:\Xavi\Workspaces\Visual Studio 2012\IGr\practica4\Debug\link.6808.write.1.tlog
D:\Xavi\Workspaces\Visual Studio 2012\IGr\practica4\Debug\link.6944-cvtres.read.1.tlog
D:\Xavi\Workspaces\Visual Studio 2012\IGr\practica4\Debug\link.6944-cvtres.write.1.tlog
D:\Xavi\Workspaces\Visual Studio 2012\IGr\practica4\Debug\link.6944-rc.read.1.tlog
D:\Xavi\Workspaces\Visual Studio 2012\IGr\practica4\Debug\link.6944-rc.write.1.tlog
D:\Xavi\Workspaces\Visual Studio 2012\IGr\practica4\Debug\link.6944.read.1.tlog
D:\Xavi\Workspaces\Visual Studio 2012\IGr\practica4\Debug\link.6944.write.1.tlog
D:\Xavi\Workspaces\Visual Studio 2012\IGr\practica4\Debug\link.704-cvtres.read.1.tlog
D:\Xavi\Workspaces\Visual Studio 2012\IGr\practica4\Debug\link.704-cvtres.write.1.tlog
D:\Xavi\Workspaces\Visual Studio 2012\IGr\practica4\Debug\link.704-rc.read.1.tlog
D:\Xavi\Workspaces\Visual Studio 2012\IGr\practica4\Debug\link.704-rc.write.1.tlog
D:\Xavi\Workspaces\Visual Studio 2012\IGr\practica4\Debug\link.704.read.1.tlog
D:\Xavi\Workspaces\Visual Studio 2012\IGr\practica4\Debug\link.704.write.1.tlog
D:\Xavi\Workspaces\Visual Studio 2012\IGr\practica4\Debug\link.7044-cvtres.read.1.tlog
D:\Xavi\Workspaces\Visual Studio 2012\IGr\practica4\Debug\link.7044-cvtres.write.1.tlog
D:\Xavi\Workspaces\Visual Studio 2012\IGr\practica4\Debug\link.7044-rc.read.1.tlog
D:\Xavi\Workspaces\Visual Studio 2012\IGr\practica4\Debug\link.7044-rc.write.1.tlog
D:\Xavi\Workspaces\Visual Studio 2012\IGr\practica4\Debug\link.7044.read.1.tlog
D:\Xavi\Workspaces\Visual Studio 2012\IGr\practica4\Debug\link.7044.write.1.tlog
D:\Xavi\Workspaces\Visual Studio 2012\IGr\practica4\Debug\link.708-cvtres.read.1.tlog
D:\Xavi\Workspaces\Visual Studio 2012\IGr\practica4\Debug\link.708-cvtres.write.1.tlog
D:\Xavi\Workspaces\Visual Studio 2012\IGr\practica4\Debug\link.708-rc.read.1.tlog
D:\Xavi\Workspaces\Visual Studio 2012\IGr\practica4\Debug\link.708-rc.write.1.tlog
D:\Xavi\Workspaces\Visual Studio 2012\IGr\practica4\Debug\link.708.read.1.tlog
D:\Xavi\Workspaces\Visual Studio 2012\IGr\practica4\Debug\link.708.write.1.tlog
D:\Xavi\Workspaces\Visual Studio 2012\IGr\practica4\Debug\link.7116-cvtres.read.1.tlog
D:\Xavi\Workspaces\Visual Studio 2012\IGr\practica4\Debug\link.7116-cvtres.write.1.tlog
D:\Xavi\Workspaces\Visual Studio 2012\IGr\practica4\Debug\link.7116-rc.read.1.tlog
D:\Xavi\Workspaces\Visual Studio 2012\IGr\practica4\Debug\link.7116-rc.write.1.tlog
D:\Xavi\Workspaces\Visual Studio 2012\IGr\practica4\Debug\link.7116.read.1.tlog
D:\Xavi\Workspaces\Visual Studio 2012\IGr\practica4\Debug\link.7116.write.1.tlog
D:\Xavi\Workspaces\Visual Studio 2012\IGr\practica4\Debug\link.7124-cvtres.read.1.tlog
D:\Xavi\Workspaces\Visual Studio 2012\IGr\practica4\Debug\link.7124-cvtres.write.1.tlog
D:\Xavi\Workspaces\Visual Studio 2012\IGr\practica4\Debug\link.7124-rc.read.1.tlog
D:\Xavi\Workspaces\Visual Studio 2012\IGr\practica4\Debug\link.7124-rc.write.1.tlog
D:\Xavi\Workspaces\Visual Studio 2012\IGr\practica4\Debug\link.7124.read.1.tlog
D:\Xavi\Workspaces\Visual Studio 2012\IGr\practica4\Debug\link.7124.write.1.tlog
D:\Xavi\Workspaces\Visual Studio 2012\IGr\practica4\Debug\link.7132-cvtres.read.1.tlog
D:\Xavi\Workspaces\Visual Studio 2012\IGr\practica4\Debug\link.7132-cvtres.write.1.tlog
D:\Xavi\Workspaces\Visual Studio 2012\IGr\practica4\Debug\link.7132-rc.read.1.tlog
D:\Xavi\Workspaces\Visual Studio 2012\IGr\practica4\Debug\link.7132-rc.write.1.tlog
D:\Xavi\Workspaces\Visual Studio 2012\IGr\practica4\Debug\link.7132.read.1.tlog
D:\Xavi\Workspaces\Visual Studio 2012\IGr\practica4\Debug\link.7132.write.1.tlog
D:\Xavi\Workspaces\Visual Studio 2012\IGr\practica4\Debug\link.7156-cvtres.read.1.tlog
D:\Xavi\Workspaces\Visual Studio 2012\IGr\practica4\Debug\link.7156-cvtres.write.1.tlog
D:\Xavi\Workspaces\Visual Studio 2012\IGr\practica4\Debug\link.7156-rc.read.1.tlog
D:\Xavi\Workspaces\Visual Studio 2012\IGr\practica4\Debug\link.7156-rc.write.1.tlog
D:\Xavi\Workspaces\Visual Studio 2012\IGr\practica4\Debug\link.7156.read.1.tlog
D:\Xavi\Workspaces\Visual Studio 2012\IGr\practica4\Debug\link.7156.write.1.tlog
D:\Xavi\Workspaces\Visual Studio 2012\IGr\practica4\Debug\link.716-cvtres.read.1.tlog
D:\Xavi\Workspaces\Visual Studio 2012\IGr\practica4\Debug\link.716-cvtres.write.1.tlog
D:\Xavi\Workspaces\Visual Studio 2012\IGr\practica4\Debug\link.716-rc.read.1.tlog
D:\Xavi\Workspaces\Visual Studio 2012\IGr\practica4\Debug\link.716-rc.write.1.tlog
D:\Xavi\Workspaces\Visual Studio 2012\IGr\practica4\Debug\link.716.read.1.tlog
D:\Xavi\Workspaces\Visual Studio 2012\IGr\practica4\Debug\link.716.write.1.tlog
D:\Xavi\Workspaces\Visual Studio 2012\IGr\practica4\Debug\link.7160-cvtres.read.1.tlog
D:\Xavi\Workspaces\Visual Studio 2012\IGr\practica4\Debug\link.7160-cvtres.write.1.tlog
D:\Xavi\Workspaces\Visual Studio 2012\IGr\practica4\Debug\link.7160-rc.read.1.tlog
D:\Xavi\Workspaces\Visual Studio 2012\IGr\practica4\Debug\link.7160-rc.write.1.tlog
D:\Xavi\Workspaces\Visual Studio 2012\IGr\practica4\Debug\link.7160.read.1.tlog
D:\Xavi\Workspaces\Visual Studio 2012\IGr\practica4\Debug\link.7160.write.1.tlog
D:\Xavi\Workspaces\Visual Studio 2012\IGr\practica4\Debug\link.736-cvtres.read.1.tlog
D:\Xavi\Workspaces\Visual Studio 2012\IGr\practica4\Debug\link.736-cvtres.write.1.tlog
D:\Xavi\Workspaces\Visual Studio 2012\IGr\practica4\Debug\link.736-rc.read.1.tlog
D:\Xavi\Workspaces\Visual Studio 2012\IGr\practica4\Debug\link.736-rc.write.1.tlog
D:\Xavi\Workspaces\Visual Studio 2012\IGr\practica4\Debug\link.736.read.1.tlog
D:\Xavi\Workspaces\Visual Studio 2012\IGr\practica4\Debug\link.736.write.1.tlog
D:\Xavi\Workspaces\Visual Studio 2012\IGr\practica4\Debug\link.744-cvtres.read.1.tlog
D:\Xavi\Workspaces\Visual Studio 2012\IGr\practica4\Debug\link.744-cvtres.write.1.tlog
D:\Xavi\Workspaces\Visual Studio 2012\IGr\practica4\Debug\link.744-rc.read.1.tlog
D:\Xavi\Workspaces\Visual Studio 2012\IGr\practica4\Debug\link.744-rc.write.1.tlog
D:\Xavi\Workspaces\Visual Studio 2012\IGr\practica4\Debug\link.744.read.1.tlog
D:\Xavi\Workspaces\Visual Studio 2012\IGr\practica4\Debug\link.744.write.1.tlog
D:\Xavi\Workspaces\Visual Studio 2012\IGr\practica4\Debug\link.764-cvtres.read.1.tlog
D:\Xavi\Workspaces\Visual Studio 2012\IGr\practica4\Debug\link.764-cvtres.write.1.tlog
D:\Xavi\Workspaces\Visual Studio 2012\IGr\practica4\Debug\link.764-rc.read.1.tlog
D:\Xavi\Workspaces\Visual Studio 2012\IGr\practica4\Debug\link.764-rc.write.1.tlog
D:\Xavi\Workspaces\Visual Studio 2012\IGr\practica4\Debug\link.764.read.1.tlog
D:\Xavi\Workspaces\Visual Studio 2012\IGr\practica4\Debug\link.764.write.1.tlog
D:\Xavi\Workspaces\Visual Studio 2012\IGr\practica4\Debug\link.960-cvtres.read.1.tlog
D:\Xavi\Workspaces\Visual Studio 2012\IGr\practica4\Debug\link.960-cvtres.write.1.tlog
D:\Xavi\Workspaces\Visual Studio 2012\IGr\practica4\Debug\link.960-rc.read.1.tlog
D:\Xavi\Workspaces\Visual Studio 2012\IGr\practica4\Debug\link.960-rc.write.1.tlog
D:\Xavi\Workspaces\Visual Studio 2012\IGr\practica4\Debug\link.960.read.1.tlog
D:\Xavi\Workspaces\Visual Studio 2012\IGr\practica4\Debug\link.960.write.1.tlog
D:\Xavi\Workspaces\Visual Studio 2012\IGr\practica4\Debug\link.command.1.tlog
D:\Xavi\Workspaces\Visual Studio 2012\IGr\practica4\Debug\link.read.1.tlog
D:\Xavi\Workspaces\Visual Studio 2012\IGr\practica4\Debug\link.write.1.tlog
D:\Xavi\Workspaces\Visual Studio 2012\IGr\practica4\Debug\metagen.read.1.tlog
D:\Xavi\Workspaces\Visual Studio 2012\IGr\practica4\Debug\metagen.write.1.tlog
D:\Xavi\Workspaces\Visual Studio 2012\IGr\practica4\Debug\practica4.write.1.tlog
D:\Xavi\Workspaces\Visual Studio 2012\IGr\practica4\Debug\practica4.pdb
D:\Xavi\Workspaces\Visual Studio 2012\IGr\practica4\Debug\vc110.pdb
D:\Xavi\Workspaces\Visual Studio 2012\IGr\practica4\Debug\practica4.exe.metagen
D:\Xavi\Workspaces\Visual Studio 2012\IGr\practica4\Debug\TZRES.DLL.bi
D:\Xavi\Workspaces\Visual Studio 2012\IGr\practica4\Debug\practica4.exe
