D:\XAVI\WORKSPACES\VISUAL STUDIO 2012\IGR\PRACTICA7\FREEGLUT PROJECT 3D\DEBUG\OBJECT3D.OBJ
D:\XAVI\WORKSPACES\VISUAL STUDIO 2012\IGR\PRACTICA7\FREEGLUT PROJECT 3D\DEBUG\PAIR_VERTEXNORMAL.OBJ
D:\XAVI\WORKSPACES\VISUAL STUDIO 2012\IGR\PRACTICA7\FREEGLUT PROJECT 3D\DEBUG\PARAMETRICCURVE.OBJ
D:\XAVI\WORKSPACES\VISUAL STUDIO 2012\IGR\PRACTICA7\FREEGLUT PROJECT 3D\DEBUG\POLYGON3D.OBJ
D:\XAVI\WORKSPACES\VISUAL STUDIO 2012\IGR\PRACTICA7\FREEGLUT PROJECT 3D\DEBUG\PV3D.OBJ
D:\XAVI\WORKSPACES\VISUAL STUDIO 2012\IGR\PRACTICA7\FREEGLUT PROJECT 3D\DEBUG\REGULARPOLYGON.OBJ
D:\XAVI\WORKSPACES\VISUAL STUDIO 2012\IGR\PRACTICA7\FREEGLUT PROJECT 3D\DEBUG\RGBCOLOR.OBJ
D:\XAVI\WORKSPACES\VISUAL STUDIO 2012\IGR\PRACTICA7\FREEGLUT PROJECT 3D\DEBUG\ROLLERCOASTER.OBJ
D:\XAVI\WORKSPACES\VISUAL STUDIO 2012\IGR\PRACTICA7\FREEGLUT PROJECT 3D\DEBUG\PARALLELEPIPED.OBJ
D:\XAVI\WORKSPACES\VISUAL STUDIO 2012\IGR\PRACTICA7\FREEGLUT PROJECT 3D\DEBUG\SETOFLIGHTS.OBJ
D:\XAVI\WORKSPACES\VISUAL STUDIO 2012\IGR\PRACTICA7\FREEGLUT PROJECT 3D\DEBUG\SPHERE.OBJ
D:\XAVI\WORKSPACES\VISUAL STUDIO 2012\IGR\PRACTICA7\FREEGLUT PROJECT 3D\DEBUG\SPOTLIGHT.OBJ
D:\XAVI\WORKSPACES\VISUAL STUDIO 2012\IGR\PRACTICA7\FREEGLUT PROJECT 3D\DEBUG\WHEEL.OBJ
D:\XAVI\WORKSPACES\VISUAL STUDIO 2012\IGR\PRACTICA7\FREEGLUT PROJECT 3D\DEBUG\MAIN.OBJ
D:\XAVI\WORKSPACES\VISUAL STUDIO 2012\IGR\PRACTICA7\FREEGLUT PROJECT 3D\DEBUG\SCENE.OBJ
D:\XAVI\WORKSPACES\VISUAL STUDIO 2012\IGR\PRACTICA7\FREEGLUT PROJECT 3D\DEBUG\PIXMAP.OBJ
D:\XAVI\WORKSPACES\VISUAL STUDIO 2012\IGR\PRACTICA7\FREEGLUT PROJECT 3D\DEBUG\PIXMAPRGB.OBJ
D:\XAVI\WORKSPACES\VISUAL STUDIO 2012\IGR\PRACTICA7\FREEGLUT PROJECT 3D\DEBUG\PIXMAPY.OBJ
D:\XAVI\WORKSPACES\VISUAL STUDIO 2012\IGR\PRACTICA7\FREEGLUT PROJECT 3D\DEBUG\TEXTURELOADER.OBJ
D:\XAVI\WORKSPACES\VISUAL STUDIO 2012\IGR\PRACTICA7\FREEGLUT PROJECT 3D\DEBUG\TEXTURESAVER.OBJ
D:\XAVI\WORKSPACES\VISUAL STUDIO 2012\IGR\PRACTICA7\FREEGLUT PROJECT 3D\DEBUG\BILLIARDSCENE.OBJ
D:\XAVI\WORKSPACES\VISUAL STUDIO 2012\IGR\PRACTICA7\FREEGLUT PROJECT 3D\DEBUG\AFFINET.OBJ
D:\XAVI\WORKSPACES\VISUAL STUDIO 2012\IGR\PRACTICA7\FREEGLUT PROJECT 3D\DEBUG\BALL.OBJ
D:\XAVI\WORKSPACES\VISUAL STUDIO 2012\IGR\PRACTICA7\FREEGLUT PROJECT 3D\DEBUG\BALLS.OBJ
D:\XAVI\WORKSPACES\VISUAL STUDIO 2012\IGR\PRACTICA7\FREEGLUT PROJECT 3D\DEBUG\BED.OBJ
D:\XAVI\WORKSPACES\VISUAL STUDIO 2012\IGR\PRACTICA7\FREEGLUT PROJECT 3D\DEBUG\BILLIARDTABLE.OBJ
D:\XAVI\WORKSPACES\VISUAL STUDIO 2012\IGR\PRACTICA7\FREEGLUT PROJECT 3D\DEBUG\CAMERA.OBJ
D:\XAVI\WORKSPACES\VISUAL STUDIO 2012\IGR\PRACTICA7\FREEGLUT PROJECT 3D\DEBUG\CAR.OBJ
D:\XAVI\WORKSPACES\VISUAL STUDIO 2012\IGR\PRACTICA7\FREEGLUT PROJECT 3D\DEBUG\CHALK.OBJ
D:\XAVI\WORKSPACES\VISUAL STUDIO 2012\IGR\PRACTICA7\FREEGLUT PROJECT 3D\DEBUG\COMPOSITEOBJECT.OBJ
D:\XAVI\WORKSPACES\VISUAL STUDIO 2012\IGR\PRACTICA7\FREEGLUT PROJECT 3D\DEBUG\CURVECIRC.OBJ
D:\XAVI\WORKSPACES\VISUAL STUDIO 2012\IGR\PRACTICA7\FREEGLUT PROJECT 3D\DEBUG\CURVEP5.OBJ
D:\XAVI\WORKSPACES\VISUAL STUDIO 2012\IGR\PRACTICA7\FREEGLUT PROJECT 3D\DEBUG\CYLINDER.OBJ
D:\XAVI\WORKSPACES\VISUAL STUDIO 2012\IGR\PRACTICA7\FREEGLUT PROJECT 3D\DEBUG\DISK.OBJ
D:\XAVI\WORKSPACES\VISUAL STUDIO 2012\IGR\PRACTICA7\FREEGLUT PROJECT 3D\DEBUG\FACE.OBJ
D:\XAVI\WORKSPACES\VISUAL STUDIO 2012\IGR\PRACTICA7\FREEGLUT PROJECT 3D\DEBUG\FOG.OBJ
D:\XAVI\WORKSPACES\VISUAL STUDIO 2012\IGR\PRACTICA7\FREEGLUT PROJECT 3D\DEBUG\LEG.OBJ
D:\XAVI\WORKSPACES\VISUAL STUDIO 2012\IGR\PRACTICA7\FREEGLUT PROJECT 3D\DEBUG\LIGHT.OBJ
D:\XAVI\WORKSPACES\VISUAL STUDIO 2012\IGR\PRACTICA7\FREEGLUT PROJECT 3D\DEBUG\MESH.OBJ
D:\XAVI\WORKSPACES\VISUAL STUDIO 2012\IGR\PRACTICA7\FREEGLUT PROJECT 3D\DEBUG\VC110.PDB
D:\XAVI\WORKSPACES\VISUAL STUDIO 2012\IGR\PRACTICA7\FREEGLUT PROJECT 3D\DEBUG\PV2D.OBJ
D:\XAVI\WORKSPACES\VISUAL STUDIO 2012\IGR\PRACTICA7\DEBUG\PRACTICA7.ILK
D:\XAVI\WORKSPACES\VISUAL STUDIO 2012\IGR\PRACTICA7\DEBUG\PRACTICA7.EXE
D:\XAVI\WORKSPACES\VISUAL STUDIO 2012\IGR\PRACTICA7\DEBUG\PRACTICA7.PDB
D:\Xavi\Workspaces\Visual Studio 2012\IGr\practica7\freeglut project 3D\Debug\AffineT.obj
D:\Xavi\Workspaces\Visual Studio 2012\IGr\practica7\freeglut project 3D\Debug\Ball.obj
D:\Xavi\Workspaces\Visual Studio 2012\IGr\practica7\freeglut project 3D\Debug\Balls.obj
D:\Xavi\Workspaces\Visual Studio 2012\IGr\practica7\freeglut project 3D\Debug\Bed.obj
D:\Xavi\Workspaces\Visual Studio 2012\IGr\practica7\freeglut project 3D\Debug\BilliardScene.obj
D:\Xavi\Workspaces\Visual Studio 2012\IGr\practica7\freeglut project 3D\Debug\BilliardTable.obj
D:\Xavi\Workspaces\Visual Studio 2012\IGr\practica7\freeglut project 3D\Debug\Camera.obj
D:\Xavi\Workspaces\Visual Studio 2012\IGr\practica7\freeglut project 3D\Debug\Car.obj
D:\Xavi\Workspaces\Visual Studio 2012\IGr\practica7\freeglut project 3D\Debug\Chalk.obj
D:\Xavi\Workspaces\Visual Studio 2012\IGr\practica7\freeglut project 3D\Debug\CompositeObject.obj
D:\Xavi\Workspaces\Visual Studio 2012\IGr\practica7\freeglut project 3D\Debug\CurveCirc.obj
D:\Xavi\Workspaces\Visual Studio 2012\IGr\practica7\freeglut project 3D\Debug\CurveP5.obj
D:\Xavi\Workspaces\Visual Studio 2012\IGr\practica7\freeglut project 3D\Debug\Cylinder.obj
D:\Xavi\Workspaces\Visual Studio 2012\IGr\practica7\freeglut project 3D\Debug\Disk.obj
D:\Xavi\Workspaces\Visual Studio 2012\IGr\practica7\freeglut project 3D\Debug\Face.obj
D:\Xavi\Workspaces\Visual Studio 2012\IGr\practica7\freeglut project 3D\Debug\Fog.obj
D:\Xavi\Workspaces\Visual Studio 2012\IGr\practica7\freeglut project 3D\Debug\Leg.obj
D:\Xavi\Workspaces\Visual Studio 2012\IGr\practica7\freeglut project 3D\Debug\Light.obj
D:\Xavi\Workspaces\Visual Studio 2012\IGr\practica7\freeglut project 3D\Debug\main.obj
D:\Xavi\Workspaces\Visual Studio 2012\IGr\practica7\freeglut project 3D\Debug\Mesh.obj
D:\Xavi\Workspaces\Visual Studio 2012\IGr\practica7\freeglut project 3D\Debug\Object3D.obj
D:\Xavi\Workspaces\Visual Studio 2012\IGr\practica7\freeglut project 3D\Debug\Pair_VertexNormal.obj
D:\Xavi\Workspaces\Visual Studio 2012\IGr\practica7\freeglut project 3D\Debug\Parallelepiped.obj
D:\Xavi\Workspaces\Visual Studio 2012\IGr\practica7\freeglut project 3D\Debug\ParametricCurve.obj
D:\Xavi\Workspaces\Visual Studio 2012\IGr\practica7\freeglut project 3D\Debug\Pixmap.obj
D:\Xavi\Workspaces\Visual Studio 2012\IGr\practica7\freeglut project 3D\Debug\PixmapRGB.obj
D:\Xavi\Workspaces\Visual Studio 2012\IGr\practica7\freeglut project 3D\Debug\PixmapY.obj
D:\Xavi\Workspaces\Visual Studio 2012\IGr\practica7\freeglut project 3D\Debug\Polygon3D.obj
D:\Xavi\Workspaces\Visual Studio 2012\IGr\practica7\freeglut project 3D\Debug\PV2D.obj
D:\Xavi\Workspaces\Visual Studio 2012\IGr\practica7\freeglut project 3D\Debug\PV3D.obj
D:\Xavi\Workspaces\Visual Studio 2012\IGr\practica7\freeglut project 3D\Debug\RegularPolygon.obj
D:\Xavi\Workspaces\Visual Studio 2012\IGr\practica7\freeglut project 3D\Debug\RGBColor.obj
D:\Xavi\Workspaces\Visual Studio 2012\IGr\practica7\freeglut project 3D\Debug\RollerCoaster.obj
D:\Xavi\Workspaces\Visual Studio 2012\IGr\practica7\freeglut project 3D\Debug\Scene.obj
D:\Xavi\Workspaces\Visual Studio 2012\IGr\practica7\freeglut project 3D\Debug\SetOfLights.obj
D:\Xavi\Workspaces\Visual Studio 2012\IGr\practica7\freeglut project 3D\Debug\Sphere.obj
D:\Xavi\Workspaces\Visual Studio 2012\IGr\practica7\freeglut project 3D\Debug\Spotlight.obj
D:\Xavi\Workspaces\Visual Studio 2012\IGr\practica7\freeglut project 3D\Debug\TextureLoader.obj
D:\Xavi\Workspaces\Visual Studio 2012\IGr\practica7\freeglut project 3D\Debug\TextureSaver.obj
D:\Xavi\Workspaces\Visual Studio 2012\IGr\practica7\freeglut project 3D\Debug\Wheel.obj
D:\Xavi\Workspaces\Visual Studio 2012\IGr\practica7\freeglut project 3D\Debug\cl.command.1.tlog
D:\Xavi\Workspaces\Visual Studio 2012\IGr\practica7\freeglut project 3D\Debug\CL.read.1.tlog
D:\Xavi\Workspaces\Visual Studio 2012\IGr\practica7\freeglut project 3D\Debug\CL.write.1.tlog
D:\Xavi\Workspaces\Visual Studio 2012\IGr\practica7\freeglut project 3D\Debug\link-cvtres.read.1.tlog
D:\Xavi\Workspaces\Visual Studio 2012\IGr\practica7\freeglut project 3D\Debug\link-cvtres.write.1.tlog
D:\Xavi\Workspaces\Visual Studio 2012\IGr\practica7\freeglut project 3D\Debug\link-rc.read.1.tlog
D:\Xavi\Workspaces\Visual Studio 2012\IGr\practica7\freeglut project 3D\Debug\link-rc.write.1.tlog
D:\Xavi\Workspaces\Visual Studio 2012\IGr\practica7\freeglut project 3D\Debug\link.1676-cvtres.read.1.tlog
D:\Xavi\Workspaces\Visual Studio 2012\IGr\practica7\freeglut project 3D\Debug\link.1676-cvtres.write.1.tlog
D:\Xavi\Workspaces\Visual Studio 2012\IGr\practica7\freeglut project 3D\Debug\link.1676-rc.read.1.tlog
D:\Xavi\Workspaces\Visual Studio 2012\IGr\practica7\freeglut project 3D\Debug\link.1676-rc.write.1.tlog
D:\Xavi\Workspaces\Visual Studio 2012\IGr\practica7\freeglut project 3D\Debug\link.1676.read.1.tlog
D:\Xavi\Workspaces\Visual Studio 2012\IGr\practica7\freeglut project 3D\Debug\link.1676.write.1.tlog
D:\Xavi\Workspaces\Visual Studio 2012\IGr\practica7\freeglut project 3D\Debug\link.3000-cvtres.read.1.tlog
D:\Xavi\Workspaces\Visual Studio 2012\IGr\practica7\freeglut project 3D\Debug\link.3000-cvtres.write.1.tlog
D:\Xavi\Workspaces\Visual Studio 2012\IGr\practica7\freeglut project 3D\Debug\link.3000-rc.read.1.tlog
D:\Xavi\Workspaces\Visual Studio 2012\IGr\practica7\freeglut project 3D\Debug\link.3000-rc.write.1.tlog
D:\Xavi\Workspaces\Visual Studio 2012\IGr\practica7\freeglut project 3D\Debug\link.3000.read.1.tlog
D:\Xavi\Workspaces\Visual Studio 2012\IGr\practica7\freeglut project 3D\Debug\link.3000.write.1.tlog
D:\Xavi\Workspaces\Visual Studio 2012\IGr\practica7\freeglut project 3D\Debug\link.3248-cvtres.read.1.tlog
D:\Xavi\Workspaces\Visual Studio 2012\IGr\practica7\freeglut project 3D\Debug\link.3248-cvtres.write.1.tlog
D:\Xavi\Workspaces\Visual Studio 2012\IGr\practica7\freeglut project 3D\Debug\link.3248-rc.read.1.tlog
D:\Xavi\Workspaces\Visual Studio 2012\IGr\practica7\freeglut project 3D\Debug\link.3248-rc.write.1.tlog
D:\Xavi\Workspaces\Visual Studio 2012\IGr\practica7\freeglut project 3D\Debug\link.3248.read.1.tlog
D:\Xavi\Workspaces\Visual Studio 2012\IGr\practica7\freeglut project 3D\Debug\link.3248.write.1.tlog
D:\Xavi\Workspaces\Visual Studio 2012\IGr\practica7\freeglut project 3D\Debug\link.4364-cvtres.read.1.tlog
D:\Xavi\Workspaces\Visual Studio 2012\IGr\practica7\freeglut project 3D\Debug\link.4364-cvtres.write.1.tlog
D:\Xavi\Workspaces\Visual Studio 2012\IGr\practica7\freeglut project 3D\Debug\link.4364-rc.read.1.tlog
D:\Xavi\Workspaces\Visual Studio 2012\IGr\practica7\freeglut project 3D\Debug\link.4364-rc.write.1.tlog
D:\Xavi\Workspaces\Visual Studio 2012\IGr\practica7\freeglut project 3D\Debug\link.4364.read.1.tlog
D:\Xavi\Workspaces\Visual Studio 2012\IGr\practica7\freeglut project 3D\Debug\link.4364.write.1.tlog
D:\Xavi\Workspaces\Visual Studio 2012\IGr\practica7\freeglut project 3D\Debug\link.4676-cvtres.read.1.tlog
D:\Xavi\Workspaces\Visual Studio 2012\IGr\practica7\freeglut project 3D\Debug\link.4676-cvtres.write.1.tlog
D:\Xavi\Workspaces\Visual Studio 2012\IGr\practica7\freeglut project 3D\Debug\link.4676-rc.read.1.tlog
D:\Xavi\Workspaces\Visual Studio 2012\IGr\practica7\freeglut project 3D\Debug\link.4676-rc.write.1.tlog
D:\Xavi\Workspaces\Visual Studio 2012\IGr\practica7\freeglut project 3D\Debug\link.4676.read.1.tlog
D:\Xavi\Workspaces\Visual Studio 2012\IGr\practica7\freeglut project 3D\Debug\link.4676.write.1.tlog
D:\Xavi\Workspaces\Visual Studio 2012\IGr\practica7\freeglut project 3D\Debug\link.5076-cvtres.read.1.tlog
D:\Xavi\Workspaces\Visual Studio 2012\IGr\practica7\freeglut project 3D\Debug\link.5076-cvtres.write.1.tlog
D:\Xavi\Workspaces\Visual Studio 2012\IGr\practica7\freeglut project 3D\Debug\link.5076-rc.read.1.tlog
D:\Xavi\Workspaces\Visual Studio 2012\IGr\practica7\freeglut project 3D\Debug\link.5076-rc.write.1.tlog
D:\Xavi\Workspaces\Visual Studio 2012\IGr\practica7\freeglut project 3D\Debug\link.5076.read.1.tlog
D:\Xavi\Workspaces\Visual Studio 2012\IGr\practica7\freeglut project 3D\Debug\link.5076.write.1.tlog
D:\Xavi\Workspaces\Visual Studio 2012\IGr\practica7\freeglut project 3D\Debug\link.5096-cvtres.read.1.tlog
D:\Xavi\Workspaces\Visual Studio 2012\IGr\practica7\freeglut project 3D\Debug\link.5096-cvtres.write.1.tlog
D:\Xavi\Workspaces\Visual Studio 2012\IGr\practica7\freeglut project 3D\Debug\link.5096-rc.read.1.tlog
D:\Xavi\Workspaces\Visual Studio 2012\IGr\practica7\freeglut project 3D\Debug\link.5096-rc.write.1.tlog
D:\Xavi\Workspaces\Visual Studio 2012\IGr\practica7\freeglut project 3D\Debug\link.5096.read.1.tlog
D:\Xavi\Workspaces\Visual Studio 2012\IGr\practica7\freeglut project 3D\Debug\link.5096.write.1.tlog
D:\Xavi\Workspaces\Visual Studio 2012\IGr\practica7\freeglut project 3D\Debug\link.5544-cvtres.read.1.tlog
D:\Xavi\Workspaces\Visual Studio 2012\IGr\practica7\freeglut project 3D\Debug\link.5544-cvtres.write.1.tlog
D:\Xavi\Workspaces\Visual Studio 2012\IGr\practica7\freeglut project 3D\Debug\link.5544-rc.read.1.tlog
D:\Xavi\Workspaces\Visual Studio 2012\IGr\practica7\freeglut project 3D\Debug\link.5544-rc.write.1.tlog
D:\Xavi\Workspaces\Visual Studio 2012\IGr\practica7\freeglut project 3D\Debug\link.5544.read.1.tlog
D:\Xavi\Workspaces\Visual Studio 2012\IGr\practica7\freeglut project 3D\Debug\link.5544.write.1.tlog
D:\Xavi\Workspaces\Visual Studio 2012\IGr\practica7\freeglut project 3D\Debug\link.6128-cvtres.read.1.tlog
D:\Xavi\Workspaces\Visual Studio 2012\IGr\practica7\freeglut project 3D\Debug\link.6128-cvtres.write.1.tlog
D:\Xavi\Workspaces\Visual Studio 2012\IGr\practica7\freeglut project 3D\Debug\link.6128-rc.read.1.tlog
D:\Xavi\Workspaces\Visual Studio 2012\IGr\practica7\freeglut project 3D\Debug\link.6128-rc.write.1.tlog
D:\Xavi\Workspaces\Visual Studio 2012\IGr\practica7\freeglut project 3D\Debug\link.6128.read.1.tlog
D:\Xavi\Workspaces\Visual Studio 2012\IGr\practica7\freeglut project 3D\Debug\link.6128.write.1.tlog
D:\Xavi\Workspaces\Visual Studio 2012\IGr\practica7\freeglut project 3D\Debug\link.6356-cvtres.read.1.tlog
D:\Xavi\Workspaces\Visual Studio 2012\IGr\practica7\freeglut project 3D\Debug\link.6356-cvtres.write.1.tlog
D:\Xavi\Workspaces\Visual Studio 2012\IGr\practica7\freeglut project 3D\Debug\link.6356-rc.read.1.tlog
D:\Xavi\Workspaces\Visual Studio 2012\IGr\practica7\freeglut project 3D\Debug\link.6356-rc.write.1.tlog
D:\Xavi\Workspaces\Visual Studio 2012\IGr\practica7\freeglut project 3D\Debug\link.6356.read.1.tlog
D:\Xavi\Workspaces\Visual Studio 2012\IGr\practica7\freeglut project 3D\Debug\link.6356.write.1.tlog
D:\Xavi\Workspaces\Visual Studio 2012\IGr\practica7\freeglut project 3D\Debug\link.7532-cvtres.read.1.tlog
D:\Xavi\Workspaces\Visual Studio 2012\IGr\practica7\freeglut project 3D\Debug\link.7532-cvtres.write.1.tlog
D:\Xavi\Workspaces\Visual Studio 2012\IGr\practica7\freeglut project 3D\Debug\link.7532-rc.read.1.tlog
D:\Xavi\Workspaces\Visual Studio 2012\IGr\practica7\freeglut project 3D\Debug\link.7532-rc.write.1.tlog
D:\Xavi\Workspaces\Visual Studio 2012\IGr\practica7\freeglut project 3D\Debug\link.7532.read.1.tlog
D:\Xavi\Workspaces\Visual Studio 2012\IGr\practica7\freeglut project 3D\Debug\link.7532.write.1.tlog
D:\Xavi\Workspaces\Visual Studio 2012\IGr\practica7\freeglut project 3D\Debug\link.command.1.tlog
D:\Xavi\Workspaces\Visual Studio 2012\IGr\practica7\freeglut project 3D\Debug\link.read.1.tlog
D:\Xavi\Workspaces\Visual Studio 2012\IGr\practica7\freeglut project 3D\Debug\link.write.1.tlog
D:\Xavi\Workspaces\Visual Studio 2012\IGr\practica7\freeglut project 3D\Debug\vc110.idb
D:\Xavi\Workspaces\Visual Studio 2012\IGr\practica7\freeglut project 3D\Debug\vc110.pdb
D:\Xavi\Workspaces\Visual Studio 2012\IGr\practica7\Debug\practica7.pdb
D:\Xavi\Workspaces\Visual Studio 2012\IGr\practica7\Debug\practica7.exe
D:\Xavi\Workspaces\Visual Studio 2012\IGr\practica7\Debug\practica7.ilk
