Compilación iniciada a las 14/11/2013 19:41:57.
     1>Proyecto "D:\Xavi\Workspaces\Visual Studio 2012\IGr\practica2\freeglut project 2D\freeglut project 2D.vcxproj" en el nodo 2 (Build destinos).
     1>ClCompile:
         D:\Aplicaciones\Programacion\IDEs\Microsoft Visual Studio 11.0\VC\bin\CL.exe /c /I"D:\Xavi\Workspaces\Visual Studio 2012\IGr\practica2\freeglut\include\\" /ZI /nologo /W3 /WX- /Od /Oy- /D _MBCS /Gm /EHsc /RTC1 /MDd /GS /fp:precise /Zc:wchar_t /Zc:forScope /Fo"Debug\\" /Fd"Debug\vc110.pdb" /Gd /TP /analyze- /errorReport:prompt Scene.cpp
         Scene.cpp
       Link:
         D:\Aplicaciones\Programacion\IDEs\Microsoft Visual Studio 11.0\VC\bin\link.exe /ERRORREPORT:PROMPT /OUT:"D:\Xavi\Workspaces\Visual Studio 2012\IGr\practica2\Debug\Practica2.exe" /INCREMENTAL /NOLOGO /LIBPATH:"D:\Xavi\Workspaces\Visual Studio 2012\IGr\practica2\freeglut\lib\\" kernel32.lib user32.lib gdi32.lib winspool.lib comdlg32.lib advapi32.lib shell32.lib ole32.lib oleaut32.lib uuid.lib odbc32.lib odbccp32.lib /MANIFEST /MANIFESTUAC:"level='asInvoker' uiAccess='false'" /manifest:embed /DEBUG /PDB:"D:\Xavi\Workspaces\Visual Studio 2012\IGr\practica2\Debug\Practica2.pdb" /TLBID:1 /DYNAMICBASE /NXCOMPAT /IMPLIB:"D:\Xavi\Workspaces\Visual Studio 2012\IGr\practica2\Debug\Practica2.lib" /MACHINE:X86 Debug\Ball.obj
         Debug\Circle.obj
         Debug\Color.obj
         Debug\main.obj
         Debug\PV2D.obj
         Debug\RegPol.obj
         Debug\Scene.obj
         Debug\Square.obj
         Debug\Tree.obj
         Debug\Triangle.obj
         Debug\Turtle.obj
         freeglut project 2D.vcxproj -> D:\Xavi\Workspaces\Visual Studio 2012\IGr\practica2\Debug\Practica2.exe
     1>Compilación del proyecto terminada "D:\Xavi\Workspaces\Visual Studio 2012\IGr\practica2\freeglut project 2D\freeglut project 2D.vcxproj" (Build destinos).

Compilación correcta.

Tiempo transcurrido 00:00:01.18
