D:\XAVI\WORKSPACES\VISUAL STUDIO 2012\IGR\PRACTICA6\FREEGLUT PROJECT 3D\DEBUG\CURVECIRC.OBJ
D:\XAVI\WORKSPACES\VISUAL STUDIO 2012\IGR\PRACTICA6\FREEGLUT PROJECT 3D\DEBUG\CURVEP5.OBJ
D:\XAVI\WORKSPACES\VISUAL STUDIO 2012\IGR\PRACTICA6\FREEGLUT PROJECT 3D\DEBUG\CYLINDER.OBJ
D:\XAVI\WORKSPACES\VISUAL STUDIO 2012\IGR\PRACTICA6\FREEGLUT PROJECT 3D\DEBUG\DISK.OBJ
D:\XAVI\WORKSPACES\VISUAL STUDIO 2012\IGR\PRACTICA6\FREEGLUT PROJECT 3D\DEBUG\FACE.OBJ
D:\XAVI\WORKSPACES\VISUAL STUDIO 2012\IGR\PRACTICA6\FREEGLUT PROJECT 3D\DEBUG\LEG.OBJ
D:\XAVI\WORKSPACES\VISUAL STUDIO 2012\IGR\PRACTICA6\FREEGLUT PROJECT 3D\DEBUG\MESH.OBJ
D:\XAVI\WORKSPACES\VISUAL STUDIO 2012\IGR\PRACTICA6\FREEGLUT PROJECT 3D\DEBUG\OBJECT3D.OBJ
D:\XAVI\WORKSPACES\VISUAL STUDIO 2012\IGR\PRACTICA6\FREEGLUT PROJECT 3D\DEBUG\PAIR_VERTEXNORMAL.OBJ
D:\XAVI\WORKSPACES\VISUAL STUDIO 2012\IGR\PRACTICA6\FREEGLUT PROJECT 3D\DEBUG\PARAMETRICCURVE.OBJ
D:\XAVI\WORKSPACES\VISUAL STUDIO 2012\IGR\PRACTICA6\FREEGLUT PROJECT 3D\DEBUG\POLYGON.OBJ
D:\XAVI\WORKSPACES\VISUAL STUDIO 2012\IGR\PRACTICA6\FREEGLUT PROJECT 3D\DEBUG\PV3D.OBJ
D:\XAVI\WORKSPACES\VISUAL STUDIO 2012\IGR\PRACTICA6\FREEGLUT PROJECT 3D\DEBUG\REGULARPOLYGON.OBJ
D:\XAVI\WORKSPACES\VISUAL STUDIO 2012\IGR\PRACTICA6\FREEGLUT PROJECT 3D\DEBUG\RGBCOLOR.OBJ
D:\XAVI\WORKSPACES\VISUAL STUDIO 2012\IGR\PRACTICA6\FREEGLUT PROJECT 3D\DEBUG\ROLLERCOASTER.OBJ
D:\XAVI\WORKSPACES\VISUAL STUDIO 2012\IGR\PRACTICA6\FREEGLUT PROJECT 3D\DEBUG\SIDEBAR.OBJ
D:\XAVI\WORKSPACES\VISUAL STUDIO 2012\IGR\PRACTICA6\FREEGLUT PROJECT 3D\DEBUG\SPHERE.OBJ
D:\XAVI\WORKSPACES\VISUAL STUDIO 2012\IGR\PRACTICA6\FREEGLUT PROJECT 3D\DEBUG\WHEEL.OBJ
D:\XAVI\WORKSPACES\VISUAL STUDIO 2012\IGR\PRACTICA6\FREEGLUT PROJECT 3D\DEBUG\MAIN.OBJ
D:\XAVI\WORKSPACES\VISUAL STUDIO 2012\IGR\PRACTICA6\FREEGLUT PROJECT 3D\DEBUG\SCENE.OBJ
D:\XAVI\WORKSPACES\VISUAL STUDIO 2012\IGR\PRACTICA6\FREEGLUT PROJECT 3D\DEBUG\BILLIARDSCENE.OBJ
D:\XAVI\WORKSPACES\VISUAL STUDIO 2012\IGR\PRACTICA6\FREEGLUT PROJECT 3D\DEBUG\AFFINET.OBJ
D:\XAVI\WORKSPACES\VISUAL STUDIO 2012\IGR\PRACTICA6\FREEGLUT PROJECT 3D\DEBUG\BALL.OBJ
D:\XAVI\WORKSPACES\VISUAL STUDIO 2012\IGR\PRACTICA6\FREEGLUT PROJECT 3D\DEBUG\BALLS.OBJ
D:\XAVI\WORKSPACES\VISUAL STUDIO 2012\IGR\PRACTICA6\FREEGLUT PROJECT 3D\DEBUG\CAMERA.OBJ
D:\XAVI\WORKSPACES\VISUAL STUDIO 2012\IGR\PRACTICA6\FREEGLUT PROJECT 3D\DEBUG\CAR.OBJ
D:\XAVI\WORKSPACES\VISUAL STUDIO 2012\IGR\PRACTICA6\FREEGLUT PROJECT 3D\DEBUG\CHALK.OBJ
D:\XAVI\WORKSPACES\VISUAL STUDIO 2012\IGR\PRACTICA6\FREEGLUT PROJECT 3D\DEBUG\COMPOSITEOBJECT.OBJ
D:\XAVI\WORKSPACES\VISUAL STUDIO 2012\IGR\PRACTICA6\FREEGLUT PROJECT 3D\DEBUG\VC110.PDB
D:\XAVI\WORKSPACES\VISUAL STUDIO 2012\IGR\PRACTICA6\FREEGLUT PROJECT 3D\DEBUG\BED.OBJ
D:\XAVI\WORKSPACES\VISUAL STUDIO 2012\IGR\PRACTICA6\FREEGLUT PROJECT 3D\DEBUG\BILLIARDTABLE.OBJ
D:\XAVI\WORKSPACES\VISUAL STUDIO 2012\IGR\PRACTICA6\FREEGLUT PROJECT 3D\DEBUG\POLYGON3D.OBJ
D:\XAVI\WORKSPACES\VISUAL STUDIO 2012\IGR\PRACTICA6\FREEGLUT PROJECT 3D\DEBUG\PARALLELEPIPED.OBJ
D:\XAVI\WORKSPACES\VISUAL STUDIO 2012\IGR\PRACTICA6\DEBUG\PRACTICA6.ILK
D:\XAVI\WORKSPACES\VISUAL STUDIO 2012\IGR\PRACTICA6\DEBUG\PRACTICA6.EXE
D:\XAVI\WORKSPACES\VISUAL STUDIO 2012\IGR\PRACTICA6\DEBUG\PRACTICA6.PDB
D:\Xavi\Workspaces\Visual Studio 2012\IGr\practica6\freeglut project 3D\Debug\AffineT.obj
D:\Xavi\Workspaces\Visual Studio 2012\IGr\practica6\freeglut project 3D\Debug\Ball.obj
D:\Xavi\Workspaces\Visual Studio 2012\IGr\practica6\freeglut project 3D\Debug\Balls.obj
D:\Xavi\Workspaces\Visual Studio 2012\IGr\practica6\freeglut project 3D\Debug\Bed.obj
D:\Xavi\Workspaces\Visual Studio 2012\IGr\practica6\freeglut project 3D\Debug\BilliardScene.obj
D:\Xavi\Workspaces\Visual Studio 2012\IGr\practica6\freeglut project 3D\Debug\BilliardTable.obj
D:\Xavi\Workspaces\Visual Studio 2012\IGr\practica6\freeglut project 3D\Debug\Camera.obj
D:\Xavi\Workspaces\Visual Studio 2012\IGr\practica6\freeglut project 3D\Debug\Car.obj
D:\Xavi\Workspaces\Visual Studio 2012\IGr\practica6\freeglut project 3D\Debug\Chalk.obj
D:\Xavi\Workspaces\Visual Studio 2012\IGr\practica6\freeglut project 3D\Debug\CompositeObject.obj
D:\Xavi\Workspaces\Visual Studio 2012\IGr\practica6\freeglut project 3D\Debug\CurveCirc.obj
D:\Xavi\Workspaces\Visual Studio 2012\IGr\practica6\freeglut project 3D\Debug\CurveP5.obj
D:\Xavi\Workspaces\Visual Studio 2012\IGr\practica6\freeglut project 3D\Debug\Cylinder.obj
D:\Xavi\Workspaces\Visual Studio 2012\IGr\practica6\freeglut project 3D\Debug\Disk.obj
D:\Xavi\Workspaces\Visual Studio 2012\IGr\practica6\freeglut project 3D\Debug\Face.obj
D:\Xavi\Workspaces\Visual Studio 2012\IGr\practica6\freeglut project 3D\Debug\Leg.obj
D:\Xavi\Workspaces\Visual Studio 2012\IGr\practica6\freeglut project 3D\Debug\main.obj
D:\Xavi\Workspaces\Visual Studio 2012\IGr\practica6\freeglut project 3D\Debug\Mesh.obj
D:\Xavi\Workspaces\Visual Studio 2012\IGr\practica6\freeglut project 3D\Debug\Object3D.obj
D:\Xavi\Workspaces\Visual Studio 2012\IGr\practica6\freeglut project 3D\Debug\Pair_VertexNormal.obj
D:\Xavi\Workspaces\Visual Studio 2012\IGr\practica6\freeglut project 3D\Debug\Parallelepiped.obj
D:\Xavi\Workspaces\Visual Studio 2012\IGr\practica6\freeglut project 3D\Debug\ParametricCurve.obj
D:\Xavi\Workspaces\Visual Studio 2012\IGr\practica6\freeglut project 3D\Debug\Polygon.obj
D:\Xavi\Workspaces\Visual Studio 2012\IGr\practica6\freeglut project 3D\Debug\Polygon3D.obj
D:\Xavi\Workspaces\Visual Studio 2012\IGr\practica6\freeglut project 3D\Debug\PV3D.obj
D:\Xavi\Workspaces\Visual Studio 2012\IGr\practica6\freeglut project 3D\Debug\RegularPolygon.obj
D:\Xavi\Workspaces\Visual Studio 2012\IGr\practica6\freeglut project 3D\Debug\RGBColor.obj
D:\Xavi\Workspaces\Visual Studio 2012\IGr\practica6\freeglut project 3D\Debug\RollerCoaster.obj
D:\Xavi\Workspaces\Visual Studio 2012\IGr\practica6\freeglut project 3D\Debug\Scene.obj
D:\Xavi\Workspaces\Visual Studio 2012\IGr\practica6\freeglut project 3D\Debug\Sidebar.obj
D:\Xavi\Workspaces\Visual Studio 2012\IGr\practica6\freeglut project 3D\Debug\Sphere.obj
D:\Xavi\Workspaces\Visual Studio 2012\IGr\practica6\freeglut project 3D\Debug\Wheel.obj
D:\Xavi\Workspaces\Visual Studio 2012\IGr\practica6\freeglut project 3D\Debug\cl.command.1.tlog
D:\Xavi\Workspaces\Visual Studio 2012\IGr\practica6\freeglut project 3D\Debug\CL.read.1.tlog
D:\Xavi\Workspaces\Visual Studio 2012\IGr\practica6\freeglut project 3D\Debug\CL.write.1.tlog
D:\Xavi\Workspaces\Visual Studio 2012\IGr\practica6\freeglut project 3D\Debug\link-cvtres.read.1.tlog
D:\Xavi\Workspaces\Visual Studio 2012\IGr\practica6\freeglut project 3D\Debug\link-cvtres.write.1.tlog
D:\Xavi\Workspaces\Visual Studio 2012\IGr\practica6\freeglut project 3D\Debug\link-rc.read.1.tlog
D:\Xavi\Workspaces\Visual Studio 2012\IGr\practica6\freeglut project 3D\Debug\link-rc.write.1.tlog
D:\Xavi\Workspaces\Visual Studio 2012\IGr\practica6\freeglut project 3D\Debug\link.1360-cvtres.read.1.tlog
D:\Xavi\Workspaces\Visual Studio 2012\IGr\practica6\freeglut project 3D\Debug\link.1360-cvtres.write.1.tlog
D:\Xavi\Workspaces\Visual Studio 2012\IGr\practica6\freeglut project 3D\Debug\link.1360-rc.read.1.tlog
D:\Xavi\Workspaces\Visual Studio 2012\IGr\practica6\freeglut project 3D\Debug\link.1360-rc.write.1.tlog
D:\Xavi\Workspaces\Visual Studio 2012\IGr\practica6\freeglut project 3D\Debug\link.1360.read.1.tlog
D:\Xavi\Workspaces\Visual Studio 2012\IGr\practica6\freeglut project 3D\Debug\link.1360.write.1.tlog
D:\Xavi\Workspaces\Visual Studio 2012\IGr\practica6\freeglut project 3D\Debug\link.1608-cvtres.read.1.tlog
D:\Xavi\Workspaces\Visual Studio 2012\IGr\practica6\freeglut project 3D\Debug\link.1608-cvtres.write.1.tlog
D:\Xavi\Workspaces\Visual Studio 2012\IGr\practica6\freeglut project 3D\Debug\link.1608-rc.read.1.tlog
D:\Xavi\Workspaces\Visual Studio 2012\IGr\practica6\freeglut project 3D\Debug\link.1608-rc.write.1.tlog
D:\Xavi\Workspaces\Visual Studio 2012\IGr\practica6\freeglut project 3D\Debug\link.1608.read.1.tlog
D:\Xavi\Workspaces\Visual Studio 2012\IGr\practica6\freeglut project 3D\Debug\link.1608.write.1.tlog
D:\Xavi\Workspaces\Visual Studio 2012\IGr\practica6\freeglut project 3D\Debug\link.1784-cvtres.read.1.tlog
D:\Xavi\Workspaces\Visual Studio 2012\IGr\practica6\freeglut project 3D\Debug\link.1784-cvtres.write.1.tlog
D:\Xavi\Workspaces\Visual Studio 2012\IGr\practica6\freeglut project 3D\Debug\link.1784-rc.read.1.tlog
D:\Xavi\Workspaces\Visual Studio 2012\IGr\practica6\freeglut project 3D\Debug\link.1784-rc.write.1.tlog
D:\Xavi\Workspaces\Visual Studio 2012\IGr\practica6\freeglut project 3D\Debug\link.1784.read.1.tlog
D:\Xavi\Workspaces\Visual Studio 2012\IGr\practica6\freeglut project 3D\Debug\link.1784.write.1.tlog
D:\Xavi\Workspaces\Visual Studio 2012\IGr\practica6\freeglut project 3D\Debug\link.3936-cvtres.read.1.tlog
D:\Xavi\Workspaces\Visual Studio 2012\IGr\practica6\freeglut project 3D\Debug\link.3936-cvtres.write.1.tlog
D:\Xavi\Workspaces\Visual Studio 2012\IGr\practica6\freeglut project 3D\Debug\link.3936-rc.read.1.tlog
D:\Xavi\Workspaces\Visual Studio 2012\IGr\practica6\freeglut project 3D\Debug\link.3936-rc.write.1.tlog
D:\Xavi\Workspaces\Visual Studio 2012\IGr\practica6\freeglut project 3D\Debug\link.3936.read.1.tlog
D:\Xavi\Workspaces\Visual Studio 2012\IGr\practica6\freeglut project 3D\Debug\link.3936.write.1.tlog
D:\Xavi\Workspaces\Visual Studio 2012\IGr\practica6\freeglut project 3D\Debug\link.4160-cvtres.read.1.tlog
D:\Xavi\Workspaces\Visual Studio 2012\IGr\practica6\freeglut project 3D\Debug\link.4160-cvtres.write.1.tlog
D:\Xavi\Workspaces\Visual Studio 2012\IGr\practica6\freeglut project 3D\Debug\link.4160-rc.read.1.tlog
D:\Xavi\Workspaces\Visual Studio 2012\IGr\practica6\freeglut project 3D\Debug\link.4160-rc.write.1.tlog
D:\Xavi\Workspaces\Visual Studio 2012\IGr\practica6\freeglut project 3D\Debug\link.4160.read.1.tlog
D:\Xavi\Workspaces\Visual Studio 2012\IGr\practica6\freeglut project 3D\Debug\link.4160.write.1.tlog
D:\Xavi\Workspaces\Visual Studio 2012\IGr\practica6\freeglut project 3D\Debug\link.4832-cvtres.read.1.tlog
D:\Xavi\Workspaces\Visual Studio 2012\IGr\practica6\freeglut project 3D\Debug\link.4832-cvtres.write.1.tlog
D:\Xavi\Workspaces\Visual Studio 2012\IGr\practica6\freeglut project 3D\Debug\link.4832-rc.read.1.tlog
D:\Xavi\Workspaces\Visual Studio 2012\IGr\practica6\freeglut project 3D\Debug\link.4832-rc.write.1.tlog
D:\Xavi\Workspaces\Visual Studio 2012\IGr\practica6\freeglut project 3D\Debug\link.4832.read.1.tlog
D:\Xavi\Workspaces\Visual Studio 2012\IGr\practica6\freeglut project 3D\Debug\link.4832.write.1.tlog
D:\Xavi\Workspaces\Visual Studio 2012\IGr\practica6\freeglut project 3D\Debug\link.5260-cvtres.read.1.tlog
D:\Xavi\Workspaces\Visual Studio 2012\IGr\practica6\freeglut project 3D\Debug\link.5260-cvtres.write.1.tlog
D:\Xavi\Workspaces\Visual Studio 2012\IGr\practica6\freeglut project 3D\Debug\link.5260-rc.read.1.tlog
D:\Xavi\Workspaces\Visual Studio 2012\IGr\practica6\freeglut project 3D\Debug\link.5260-rc.write.1.tlog
D:\Xavi\Workspaces\Visual Studio 2012\IGr\practica6\freeglut project 3D\Debug\link.5260.read.1.tlog
D:\Xavi\Workspaces\Visual Studio 2012\IGr\practica6\freeglut project 3D\Debug\link.5260.write.1.tlog
D:\Xavi\Workspaces\Visual Studio 2012\IGr\practica6\freeglut project 3D\Debug\link.command.1.tlog
D:\Xavi\Workspaces\Visual Studio 2012\IGr\practica6\freeglut project 3D\Debug\link.read.1.tlog
D:\Xavi\Workspaces\Visual Studio 2012\IGr\practica6\freeglut project 3D\Debug\link.write.1.tlog
D:\Xavi\Workspaces\Visual Studio 2012\IGr\practica6\freeglut project 3D\Debug\vc110.idb
D:\Xavi\Workspaces\Visual Studio 2012\IGr\practica6\freeglut project 3D\Debug\vc110.pdb
D:\Xavi\Workspaces\Visual Studio 2012\IGr\practica6\Debug\practica6.pdb
D:\Xavi\Workspaces\Visual Studio 2012\IGr\practica6\Debug\practica6.exe
D:\Xavi\Workspaces\Visual Studio 2012\IGr\practica6\Debug\practica6.ilk
