D:\XAVI\WORKSPACES\VISUAL STUDIO 2012\IGR\PRACTICA5\FREEGLUT PROJECT 3D\DEBUG\FACE.OBJ
D:\XAVI\WORKSPACES\VISUAL STUDIO 2012\IGR\PRACTICA5\FREEGLUT PROJECT 3D\DEBUG\MESH.OBJ
D:\XAVI\WORKSPACES\VISUAL STUDIO 2012\IGR\PRACTICA5\FREEGLUT PROJECT 3D\DEBUG\PAIR_VERTEXNORMAL.OBJ
D:\XAVI\WORKSPACES\VISUAL STUDIO 2012\IGR\PRACTICA5\FREEGLUT PROJECT 3D\DEBUG\POLYGON.OBJ
D:\XAVI\WORKSPACES\VISUAL STUDIO 2012\IGR\PRACTICA5\FREEGLUT PROJECT 3D\DEBUG\PV3D.OBJ
D:\XAVI\WORKSPACES\VISUAL STUDIO 2012\IGR\PRACTICA5\FREEGLUT PROJECT 3D\DEBUG\REGULARPOLYGON.OBJ
D:\XAVI\WORKSPACES\VISUAL STUDIO 2012\IGR\PRACTICA5\FREEGLUT PROJECT 3D\DEBUG\MAIN.OBJ
D:\XAVI\WORKSPACES\VISUAL STUDIO 2012\IGR\PRACTICA5\FREEGLUT PROJECT 3D\DEBUG\VC110.PDB
D:\XAVI\WORKSPACES\VISUAL STUDIO 2012\IGR\PRACTICA5\FREEGLUT PROJECT 3D\DEBUG\PARAMETRICCURVE.OBJ
D:\XAVI\WORKSPACES\VISUAL STUDIO 2012\IGR\PRACTICA5\FREEGLUT PROJECT 3D\DEBUG\CURVEP5.OBJ
D:\XAVI\WORKSPACES\VISUAL STUDIO 2012\IGR\PRACTICA5\FREEGLUT PROJECT 3D\DEBUG\ROLLERCOASTER.OBJ
D:\XAVI\WORKSPACES\VISUAL STUDIO 2012\IGR\PRACTICA5\DEBUG\PRACTICA5.ILK
D:\XAVI\WORKSPACES\VISUAL STUDIO 2012\IGR\PRACTICA5\DEBUG\PRACTICA5.EXE
D:\XAVI\WORKSPACES\VISUAL STUDIO 2012\IGR\PRACTICA5\DEBUG\PRACTICA5.PDB
D:\Xavi\Workspaces\Visual Studio 2012\IGr\practica5\freeglut project 3D\Debug\CurveP5.obj
D:\Xavi\Workspaces\Visual Studio 2012\IGr\practica5\freeglut project 3D\Debug\Face.obj
D:\Xavi\Workspaces\Visual Studio 2012\IGr\practica5\freeglut project 3D\Debug\main.obj
D:\Xavi\Workspaces\Visual Studio 2012\IGr\practica5\freeglut project 3D\Debug\Mesh.obj
D:\Xavi\Workspaces\Visual Studio 2012\IGr\practica5\freeglut project 3D\Debug\Pair_VertexNormal.obj
D:\Xavi\Workspaces\Visual Studio 2012\IGr\practica5\freeglut project 3D\Debug\ParametricCurve.obj
D:\Xavi\Workspaces\Visual Studio 2012\IGr\practica5\freeglut project 3D\Debug\Polygon.obj
D:\Xavi\Workspaces\Visual Studio 2012\IGr\practica5\freeglut project 3D\Debug\PV3D.obj
D:\Xavi\Workspaces\Visual Studio 2012\IGr\practica5\freeglut project 3D\Debug\RegularPolygon.obj
D:\Xavi\Workspaces\Visual Studio 2012\IGr\practica5\freeglut project 3D\Debug\RollerCoaster.obj
D:\Xavi\Workspaces\Visual Studio 2012\IGr\practica5\freeglut project 3D\Debug\cl.command.1.tlog
D:\Xavi\Workspaces\Visual Studio 2012\IGr\practica5\freeglut project 3D\Debug\CL.read.1.tlog
D:\Xavi\Workspaces\Visual Studio 2012\IGr\practica5\freeglut project 3D\Debug\CL.write.1.tlog
D:\Xavi\Workspaces\Visual Studio 2012\IGr\practica5\freeglut project 3D\Debug\link-cvtres.read.1.tlog
D:\Xavi\Workspaces\Visual Studio 2012\IGr\practica5\freeglut project 3D\Debug\link-cvtres.write.1.tlog
D:\Xavi\Workspaces\Visual Studio 2012\IGr\practica5\freeglut project 3D\Debug\link-rc.read.1.tlog
D:\Xavi\Workspaces\Visual Studio 2012\IGr\practica5\freeglut project 3D\Debug\link-rc.write.1.tlog
D:\Xavi\Workspaces\Visual Studio 2012\IGr\practica5\freeglut project 3D\Debug\link.1932-cvtres.read.1.tlog
D:\Xavi\Workspaces\Visual Studio 2012\IGr\practica5\freeglut project 3D\Debug\link.1932-cvtres.write.1.tlog
D:\Xavi\Workspaces\Visual Studio 2012\IGr\practica5\freeglut project 3D\Debug\link.1932-rc.read.1.tlog
D:\Xavi\Workspaces\Visual Studio 2012\IGr\practica5\freeglut project 3D\Debug\link.1932-rc.write.1.tlog
D:\Xavi\Workspaces\Visual Studio 2012\IGr\practica5\freeglut project 3D\Debug\link.1932.read.1.tlog
D:\Xavi\Workspaces\Visual Studio 2012\IGr\practica5\freeglut project 3D\Debug\link.1932.write.1.tlog
D:\Xavi\Workspaces\Visual Studio 2012\IGr\practica5\freeglut project 3D\Debug\link.2384-cvtres.read.1.tlog
D:\Xavi\Workspaces\Visual Studio 2012\IGr\practica5\freeglut project 3D\Debug\link.2384-cvtres.write.1.tlog
D:\Xavi\Workspaces\Visual Studio 2012\IGr\practica5\freeglut project 3D\Debug\link.2384-rc.read.1.tlog
D:\Xavi\Workspaces\Visual Studio 2012\IGr\practica5\freeglut project 3D\Debug\link.2384-rc.write.1.tlog
D:\Xavi\Workspaces\Visual Studio 2012\IGr\practica5\freeglut project 3D\Debug\link.2384.read.1.tlog
D:\Xavi\Workspaces\Visual Studio 2012\IGr\practica5\freeglut project 3D\Debug\link.2384.write.1.tlog
D:\Xavi\Workspaces\Visual Studio 2012\IGr\practica5\freeglut project 3D\Debug\link.3052-cvtres.read.1.tlog
D:\Xavi\Workspaces\Visual Studio 2012\IGr\practica5\freeglut project 3D\Debug\link.3052-cvtres.write.1.tlog
D:\Xavi\Workspaces\Visual Studio 2012\IGr\practica5\freeglut project 3D\Debug\link.3052-rc.read.1.tlog
D:\Xavi\Workspaces\Visual Studio 2012\IGr\practica5\freeglut project 3D\Debug\link.3052-rc.write.1.tlog
D:\Xavi\Workspaces\Visual Studio 2012\IGr\practica5\freeglut project 3D\Debug\link.3052.read.1.tlog
D:\Xavi\Workspaces\Visual Studio 2012\IGr\practica5\freeglut project 3D\Debug\link.3052.write.1.tlog
D:\Xavi\Workspaces\Visual Studio 2012\IGr\practica5\freeglut project 3D\Debug\link.7592-cvtres.read.1.tlog
D:\Xavi\Workspaces\Visual Studio 2012\IGr\practica5\freeglut project 3D\Debug\link.7592-cvtres.write.1.tlog
D:\Xavi\Workspaces\Visual Studio 2012\IGr\practica5\freeglut project 3D\Debug\link.7592-rc.read.1.tlog
D:\Xavi\Workspaces\Visual Studio 2012\IGr\practica5\freeglut project 3D\Debug\link.7592-rc.write.1.tlog
D:\Xavi\Workspaces\Visual Studio 2012\IGr\practica5\freeglut project 3D\Debug\link.7592.read.1.tlog
D:\Xavi\Workspaces\Visual Studio 2012\IGr\practica5\freeglut project 3D\Debug\link.7592.write.1.tlog
D:\Xavi\Workspaces\Visual Studio 2012\IGr\practica5\freeglut project 3D\Debug\link.7620-cvtres.read.1.tlog
D:\Xavi\Workspaces\Visual Studio 2012\IGr\practica5\freeglut project 3D\Debug\link.7620-cvtres.write.1.tlog
D:\Xavi\Workspaces\Visual Studio 2012\IGr\practica5\freeglut project 3D\Debug\link.7620-rc.read.1.tlog
D:\Xavi\Workspaces\Visual Studio 2012\IGr\practica5\freeglut project 3D\Debug\link.7620-rc.write.1.tlog
D:\Xavi\Workspaces\Visual Studio 2012\IGr\practica5\freeglut project 3D\Debug\link.7620.read.1.tlog
D:\Xavi\Workspaces\Visual Studio 2012\IGr\practica5\freeglut project 3D\Debug\link.7620.write.1.tlog
D:\Xavi\Workspaces\Visual Studio 2012\IGr\practica5\freeglut project 3D\Debug\link.8104-cvtres.read.1.tlog
D:\Xavi\Workspaces\Visual Studio 2012\IGr\practica5\freeglut project 3D\Debug\link.8104-cvtres.write.1.tlog
D:\Xavi\Workspaces\Visual Studio 2012\IGr\practica5\freeglut project 3D\Debug\link.8104-rc.read.1.tlog
D:\Xavi\Workspaces\Visual Studio 2012\IGr\practica5\freeglut project 3D\Debug\link.8104-rc.write.1.tlog
D:\Xavi\Workspaces\Visual Studio 2012\IGr\practica5\freeglut project 3D\Debug\link.8104.read.1.tlog
D:\Xavi\Workspaces\Visual Studio 2012\IGr\practica5\freeglut project 3D\Debug\link.8104.write.1.tlog
D:\Xavi\Workspaces\Visual Studio 2012\IGr\practica5\freeglut project 3D\Debug\link.command.1.tlog
D:\Xavi\Workspaces\Visual Studio 2012\IGr\practica5\freeglut project 3D\Debug\link.read.1.tlog
D:\Xavi\Workspaces\Visual Studio 2012\IGr\practica5\freeglut project 3D\Debug\link.write.1.tlog
D:\Xavi\Workspaces\Visual Studio 2012\IGr\practica5\freeglut project 3D\Debug\vc110.idb
D:\Xavi\Workspaces\Visual Studio 2012\IGr\practica5\freeglut project 3D\Debug\vc110.pdb
D:\Xavi\Workspaces\Visual Studio 2012\IGr\practica5\Debug\practica5.pdb
D:\Xavi\Workspaces\Visual Studio 2012\IGr\practica5\Debug\practica5.exe
D:\Xavi\Workspaces\Visual Studio 2012\IGr\practica5\Debug\practica5.ilk
