D:\XAVI\WORKSPACES\VISUAL STUDIO 2012\IGR\PRACTICA2\DEBUG\WINCLIOPENGL.OBJ
D:\XAVI\WORKSPACES\VISUAL STUDIO 2012\IGR\PRACTICA2\DEBUG\WFORMGL.OBJ
D:\XAVI\WORKSPACES\VISUAL STUDIO 2012\IGR\PRACTICA2\DEBUG\TURTLE.OBJ
D:\XAVI\WORKSPACES\VISUAL STUDIO 2012\IGR\PRACTICA2\DEBUG\TRIANGLE.OBJ
D:\XAVI\WORKSPACES\VISUAL STUDIO 2012\IGR\PRACTICA2\DEBUG\SQUARE.OBJ
D:\XAVI\WORKSPACES\VISUAL STUDIO 2012\IGR\PRACTICA2\DEBUG\SCENE.OBJ
D:\XAVI\WORKSPACES\VISUAL STUDIO 2012\IGR\PRACTICA2\DEBUG\REGPOL.OBJ
D:\XAVI\WORKSPACES\VISUAL STUDIO 2012\IGR\PRACTICA2\DEBUG\PV2D.OBJ
D:\XAVI\WORKSPACES\VISUAL STUDIO 2012\IGR\PRACTICA2\DEBUG\CONVEXPOLYGON.OBJ
D:\XAVI\WORKSPACES\VISUAL STUDIO 2012\IGR\PRACTICA2\DEBUG\RGBCOLOR.OBJ
D:\XAVI\WORKSPACES\VISUAL STUDIO 2012\IGR\PRACTICA2\DEBUG\CIRCLE.OBJ
D:\XAVI\WORKSPACES\VISUAL STUDIO 2012\IGR\PRACTICA2\DEBUG\BALL.OBJ
D:\XAVI\WORKSPACES\VISUAL STUDIO 2012\IGR\PRACTICA2\DEBUG\VC110.PDB
D:\XAVI\WORKSPACES\VISUAL STUDIO 2012\IGR\PRACTICA2\DEBUG\.NETFRAMEWORK,VERSION=V4.5.ASSEMBLYATTRIBUTES.OBJ
D:\XAVI\WORKSPACES\VISUAL STUDIO 2012\IGR\PRACTICA2\DEBUG\PRACTICA2.ILK
D:\XAVI\WORKSPACES\VISUAL STUDIO 2012\IGR\PRACTICA2\DEBUG\PRACTICA2.EXE
D:\XAVI\WORKSPACES\VISUAL STUDIO 2012\IGR\PRACTICA2\DEBUG\PRACTICA2.PDB
D:\Xavi\Workspaces\Visual Studio 2012\IGr\practica2\Debug\WinCLI1.WFormGL.resources
D:\Xavi\Workspaces\Visual Studio 2012\IGr\practica2\Debug\WinCLI1.vcxproj.GenerateResource.Cache
D:\Xavi\Workspaces\Visual Studio 2012\IGr\practica2\Debug\WinCLI1.vcxprojResolveAssemblyReference.cache
D:\Xavi\Workspaces\Visual Studio 2012\IGr\practica2\Debug\.NETFramework,Version=v4.5.AssemblyAttributes.obj
D:\Xavi\Workspaces\Visual Studio 2012\IGr\practica2\Debug\Ball.obj
D:\Xavi\Workspaces\Visual Studio 2012\IGr\practica2\Debug\Circle.obj
D:\Xavi\Workspaces\Visual Studio 2012\IGr\practica2\Debug\ConvexPolygon.obj
D:\Xavi\Workspaces\Visual Studio 2012\IGr\practica2\Debug\PV2D.obj
D:\Xavi\Workspaces\Visual Studio 2012\IGr\practica2\Debug\RegPol.obj
D:\Xavi\Workspaces\Visual Studio 2012\IGr\practica2\Debug\RGBColor.obj
D:\Xavi\Workspaces\Visual Studio 2012\IGr\practica2\Debug\Scene.obj
D:\Xavi\Workspaces\Visual Studio 2012\IGr\practica2\Debug\Square.obj
D:\Xavi\Workspaces\Visual Studio 2012\IGr\practica2\Debug\Triangle.obj
D:\Xavi\Workspaces\Visual Studio 2012\IGr\practica2\Debug\Turtle.obj
D:\Xavi\Workspaces\Visual Studio 2012\IGr\practica2\Debug\WFormGL.obj
D:\Xavi\Workspaces\Visual Studio 2012\IGr\practica2\Debug\WinCliOpenGL.obj
D:\Xavi\Workspaces\Visual Studio 2012\IGr\practica2\Debug\practica2.ilk
D:\Xavi\Workspaces\Visual Studio 2012\IGr\practica2\Debug\cl.command.1.tlog
D:\Xavi\Workspaces\Visual Studio 2012\IGr\practica2\Debug\CL.read.1.tlog
D:\Xavi\Workspaces\Visual Studio 2012\IGr\practica2\Debug\CL.write.1.tlog
D:\Xavi\Workspaces\Visual Studio 2012\IGr\practica2\Debug\link.4624-cvtres.read.1.tlog
D:\Xavi\Workspaces\Visual Studio 2012\IGr\practica2\Debug\link.4624-cvtres.write.1.tlog
D:\Xavi\Workspaces\Visual Studio 2012\IGr\practica2\Debug\link.4624-rc.read.1.tlog
D:\Xavi\Workspaces\Visual Studio 2012\IGr\practica2\Debug\link.4624-rc.write.1.tlog
D:\Xavi\Workspaces\Visual Studio 2012\IGr\practica2\Debug\link.4624.read.1.tlog
D:\Xavi\Workspaces\Visual Studio 2012\IGr\practica2\Debug\link.4624.write.1.tlog
D:\Xavi\Workspaces\Visual Studio 2012\IGr\practica2\Debug\link.command.1.tlog
D:\Xavi\Workspaces\Visual Studio 2012\IGr\practica2\Debug\link.read.1.tlog
D:\Xavi\Workspaces\Visual Studio 2012\IGr\practica2\Debug\link.write.1.tlog
D:\Xavi\Workspaces\Visual Studio 2012\IGr\practica2\Debug\metagen.read.1.tlog
D:\Xavi\Workspaces\Visual Studio 2012\IGr\practica2\Debug\metagen.write.1.tlog
D:\Xavi\Workspaces\Visual Studio 2012\IGr\practica2\Debug\practica2.write.1.tlog
D:\Xavi\Workspaces\Visual Studio 2012\IGr\practica2\Debug\practica2.pdb
D:\Xavi\Workspaces\Visual Studio 2012\IGr\practica2\Debug\vc110.pdb
D:\Xavi\Workspaces\Visual Studio 2012\IGr\practica2\Debug\practica2.exe.metagen
D:\Xavi\Workspaces\Visual Studio 2012\IGr\practica2\Debug\TZRES.DLL.bi
D:\Xavi\Workspaces\Visual Studio 2012\IGr\practica2\Debug\practica2.exe
