D:\XAVI\WORKSPACES\VISUAL STUDIO 2012\IGR\PRACTICA3\DEBUG\WINCLIOPENGL.OBJ
D:\XAVI\WORKSPACES\VISUAL STUDIO 2012\IGR\PRACTICA3\DEBUG\WFORMGL.OBJ
D:\XAVI\WORKSPACES\VISUAL STUDIO 2012\IGR\PRACTICA3\DEBUG\SCENE.OBJ
D:\XAVI\WORKSPACES\VISUAL STUDIO 2012\IGR\PRACTICA3\DEBUG\TURTLE.OBJ
D:\XAVI\WORKSPACES\VISUAL STUDIO 2012\IGR\PRACTICA3\DEBUG\TRIANGLE.OBJ
D:\XAVI\WORKSPACES\VISUAL STUDIO 2012\IGR\PRACTICA3\DEBUG\RGBCOLOR.OBJ
D:\XAVI\WORKSPACES\VISUAL STUDIO 2012\IGR\PRACTICA3\DEBUG\REGPOL.OBJ
D:\XAVI\WORKSPACES\VISUAL STUDIO 2012\IGR\PRACTICA3\DEBUG\PV2D.OBJ
D:\XAVI\WORKSPACES\VISUAL STUDIO 2012\IGR\PRACTICA3\DEBUG\ELIPSE.OBJ
D:\XAVI\WORKSPACES\VISUAL STUDIO 2012\IGR\PRACTICA3\DEBUG\CONVEXPOLYGON.OBJ
D:\XAVI\WORKSPACES\VISUAL STUDIO 2012\IGR\PRACTICA3\DEBUG\CIRCLE.OBJ
D:\XAVI\WORKSPACES\VISUAL STUDIO 2012\IGR\PRACTICA3\DEBUG\BALL.OBJ
D:\XAVI\WORKSPACES\VISUAL STUDIO 2012\IGR\PRACTICA3\DEBUG\VC110.PDB
D:\XAVI\WORKSPACES\VISUAL STUDIO 2012\IGR\PRACTICA3\DEBUG\.NETFRAMEWORK,VERSION=V4.5.ASSEMBLYATTRIBUTES.OBJ
D:\XAVI\WORKSPACES\VISUAL STUDIO 2012\IGR\PRACTICA3\DEBUG\PRACTICA3.ILK
D:\XAVI\WORKSPACES\VISUAL STUDIO 2012\IGR\PRACTICA3\DEBUG\PRACTICA3.EXE
D:\XAVI\WORKSPACES\VISUAL STUDIO 2012\IGR\PRACTICA3\DEBUG\PRACTICA3.PDB
D:\Xavi\Workspaces\Visual Studio 2012\IGr\practica3\Debug\WinCLI1.WFormGL.resources
D:\Xavi\Workspaces\Visual Studio 2012\IGr\practica3\Debug\WinCLI1.vcxproj.GenerateResource.Cache
D:\Xavi\Workspaces\Visual Studio 2012\IGr\practica3\Debug\WinCLI1.vcxprojResolveAssemblyReference.cache
D:\Xavi\Workspaces\Visual Studio 2012\IGr\practica3\Debug\.NETFramework,Version=v4.5.AssemblyAttributes.obj
D:\Xavi\Workspaces\Visual Studio 2012\IGr\practica3\Debug\Ball.obj
D:\Xavi\Workspaces\Visual Studio 2012\IGr\practica3\Debug\Circle.obj
D:\Xavi\Workspaces\Visual Studio 2012\IGr\practica3\Debug\ConvexPolygon.obj
D:\Xavi\Workspaces\Visual Studio 2012\IGr\practica3\Debug\Elipse.obj
D:\Xavi\Workspaces\Visual Studio 2012\IGr\practica3\Debug\PV2D.obj
D:\Xavi\Workspaces\Visual Studio 2012\IGr\practica3\Debug\RegPol.obj
D:\Xavi\Workspaces\Visual Studio 2012\IGr\practica3\Debug\RGBColor.obj
D:\Xavi\Workspaces\Visual Studio 2012\IGr\practica3\Debug\Scene.obj
D:\Xavi\Workspaces\Visual Studio 2012\IGr\practica3\Debug\Triangle.obj
D:\Xavi\Workspaces\Visual Studio 2012\IGr\practica3\Debug\Turtle.obj
D:\Xavi\Workspaces\Visual Studio 2012\IGr\practica3\Debug\WFormGL.obj
D:\Xavi\Workspaces\Visual Studio 2012\IGr\practica3\Debug\WinCliOpenGL.obj
D:\Xavi\Workspaces\Visual Studio 2012\IGr\practica3\Debug\practica3.ilk
D:\Xavi\Workspaces\Visual Studio 2012\IGr\practica3\Debug\cl.command.1.tlog
D:\Xavi\Workspaces\Visual Studio 2012\IGr\practica3\Debug\CL.read.1.tlog
D:\Xavi\Workspaces\Visual Studio 2012\IGr\practica3\Debug\CL.write.1.tlog
D:\Xavi\Workspaces\Visual Studio 2012\IGr\practica3\Debug\link.11416-cvtres.read.1.tlog
D:\Xavi\Workspaces\Visual Studio 2012\IGr\practica3\Debug\link.11416-cvtres.write.1.tlog
D:\Xavi\Workspaces\Visual Studio 2012\IGr\practica3\Debug\link.11416-rc.read.1.tlog
D:\Xavi\Workspaces\Visual Studio 2012\IGr\practica3\Debug\link.11416-rc.write.1.tlog
D:\Xavi\Workspaces\Visual Studio 2012\IGr\practica3\Debug\link.11416.read.1.tlog
D:\Xavi\Workspaces\Visual Studio 2012\IGr\practica3\Debug\link.11416.write.1.tlog
D:\Xavi\Workspaces\Visual Studio 2012\IGr\practica3\Debug\link.11636-cvtres.read.1.tlog
D:\Xavi\Workspaces\Visual Studio 2012\IGr\practica3\Debug\link.11636-cvtres.write.1.tlog
D:\Xavi\Workspaces\Visual Studio 2012\IGr\practica3\Debug\link.11636-rc.read.1.tlog
D:\Xavi\Workspaces\Visual Studio 2012\IGr\practica3\Debug\link.11636-rc.write.1.tlog
D:\Xavi\Workspaces\Visual Studio 2012\IGr\practica3\Debug\link.11636.read.1.tlog
D:\Xavi\Workspaces\Visual Studio 2012\IGr\practica3\Debug\link.11636.write.1.tlog
D:\Xavi\Workspaces\Visual Studio 2012\IGr\practica3\Debug\link.12044-cvtres.read.1.tlog
D:\Xavi\Workspaces\Visual Studio 2012\IGr\practica3\Debug\link.12044-cvtres.write.1.tlog
D:\Xavi\Workspaces\Visual Studio 2012\IGr\practica3\Debug\link.12044-rc.read.1.tlog
D:\Xavi\Workspaces\Visual Studio 2012\IGr\practica3\Debug\link.12044-rc.write.1.tlog
D:\Xavi\Workspaces\Visual Studio 2012\IGr\practica3\Debug\link.12044.read.1.tlog
D:\Xavi\Workspaces\Visual Studio 2012\IGr\practica3\Debug\link.12044.write.1.tlog
D:\Xavi\Workspaces\Visual Studio 2012\IGr\practica3\Debug\link.12652-cvtres.read.1.tlog
D:\Xavi\Workspaces\Visual Studio 2012\IGr\practica3\Debug\link.12652-cvtres.write.1.tlog
D:\Xavi\Workspaces\Visual Studio 2012\IGr\practica3\Debug\link.12652-rc.read.1.tlog
D:\Xavi\Workspaces\Visual Studio 2012\IGr\practica3\Debug\link.12652-rc.write.1.tlog
D:\Xavi\Workspaces\Visual Studio 2012\IGr\practica3\Debug\link.12652.read.1.tlog
D:\Xavi\Workspaces\Visual Studio 2012\IGr\practica3\Debug\link.12652.write.1.tlog
D:\Xavi\Workspaces\Visual Studio 2012\IGr\practica3\Debug\link.13084-cvtres.read.1.tlog
D:\Xavi\Workspaces\Visual Studio 2012\IGr\practica3\Debug\link.13084-cvtres.write.1.tlog
D:\Xavi\Workspaces\Visual Studio 2012\IGr\practica3\Debug\link.13084-rc.read.1.tlog
D:\Xavi\Workspaces\Visual Studio 2012\IGr\practica3\Debug\link.13084-rc.write.1.tlog
D:\Xavi\Workspaces\Visual Studio 2012\IGr\practica3\Debug\link.13084.read.1.tlog
D:\Xavi\Workspaces\Visual Studio 2012\IGr\practica3\Debug\link.13084.write.1.tlog
D:\Xavi\Workspaces\Visual Studio 2012\IGr\practica3\Debug\link.13636-cvtres.read.1.tlog
D:\Xavi\Workspaces\Visual Studio 2012\IGr\practica3\Debug\link.13636-cvtres.write.1.tlog
D:\Xavi\Workspaces\Visual Studio 2012\IGr\practica3\Debug\link.13636-rc.read.1.tlog
D:\Xavi\Workspaces\Visual Studio 2012\IGr\practica3\Debug\link.13636-rc.write.1.tlog
D:\Xavi\Workspaces\Visual Studio 2012\IGr\practica3\Debug\link.13636.read.1.tlog
D:\Xavi\Workspaces\Visual Studio 2012\IGr\practica3\Debug\link.13636.write.1.tlog
D:\Xavi\Workspaces\Visual Studio 2012\IGr\practica3\Debug\link.13908-cvtres.read.1.tlog
D:\Xavi\Workspaces\Visual Studio 2012\IGr\practica3\Debug\link.13908-cvtres.write.1.tlog
D:\Xavi\Workspaces\Visual Studio 2012\IGr\practica3\Debug\link.13908-rc.read.1.tlog
D:\Xavi\Workspaces\Visual Studio 2012\IGr\practica3\Debug\link.13908-rc.write.1.tlog
D:\Xavi\Workspaces\Visual Studio 2012\IGr\practica3\Debug\link.13908.read.1.tlog
D:\Xavi\Workspaces\Visual Studio 2012\IGr\practica3\Debug\link.13908.write.1.tlog
D:\Xavi\Workspaces\Visual Studio 2012\IGr\practica3\Debug\link.14180-cvtres.read.1.tlog
D:\Xavi\Workspaces\Visual Studio 2012\IGr\practica3\Debug\link.14180-cvtres.write.1.tlog
D:\Xavi\Workspaces\Visual Studio 2012\IGr\practica3\Debug\link.14180-rc.read.1.tlog
D:\Xavi\Workspaces\Visual Studio 2012\IGr\practica3\Debug\link.14180-rc.write.1.tlog
D:\Xavi\Workspaces\Visual Studio 2012\IGr\practica3\Debug\link.14180.read.1.tlog
D:\Xavi\Workspaces\Visual Studio 2012\IGr\practica3\Debug\link.14180.write.1.tlog
D:\Xavi\Workspaces\Visual Studio 2012\IGr\practica3\Debug\link.14436-cvtres.read.1.tlog
D:\Xavi\Workspaces\Visual Studio 2012\IGr\practica3\Debug\link.14436-cvtres.write.1.tlog
D:\Xavi\Workspaces\Visual Studio 2012\IGr\practica3\Debug\link.14436-rc.read.1.tlog
D:\Xavi\Workspaces\Visual Studio 2012\IGr\practica3\Debug\link.14436-rc.write.1.tlog
D:\Xavi\Workspaces\Visual Studio 2012\IGr\practica3\Debug\link.14436.read.1.tlog
D:\Xavi\Workspaces\Visual Studio 2012\IGr\practica3\Debug\link.14436.write.1.tlog
D:\Xavi\Workspaces\Visual Studio 2012\IGr\practica3\Debug\link.1688-cvtres.read.1.tlog
D:\Xavi\Workspaces\Visual Studio 2012\IGr\practica3\Debug\link.1688-cvtres.write.1.tlog
D:\Xavi\Workspaces\Visual Studio 2012\IGr\practica3\Debug\link.1688-rc.read.1.tlog
D:\Xavi\Workspaces\Visual Studio 2012\IGr\practica3\Debug\link.1688-rc.write.1.tlog
D:\Xavi\Workspaces\Visual Studio 2012\IGr\practica3\Debug\link.1688.read.1.tlog
D:\Xavi\Workspaces\Visual Studio 2012\IGr\practica3\Debug\link.1688.write.1.tlog
D:\Xavi\Workspaces\Visual Studio 2012\IGr\practica3\Debug\link.2152-cvtres.read.1.tlog
D:\Xavi\Workspaces\Visual Studio 2012\IGr\practica3\Debug\link.2152-cvtres.write.1.tlog
D:\Xavi\Workspaces\Visual Studio 2012\IGr\practica3\Debug\link.2152-rc.read.1.tlog
D:\Xavi\Workspaces\Visual Studio 2012\IGr\practica3\Debug\link.2152-rc.write.1.tlog
D:\Xavi\Workspaces\Visual Studio 2012\IGr\practica3\Debug\link.2152.read.1.tlog
D:\Xavi\Workspaces\Visual Studio 2012\IGr\practica3\Debug\link.2152.write.1.tlog
D:\Xavi\Workspaces\Visual Studio 2012\IGr\practica3\Debug\link.4436-cvtres.read.1.tlog
D:\Xavi\Workspaces\Visual Studio 2012\IGr\practica3\Debug\link.4436-cvtres.write.1.tlog
D:\Xavi\Workspaces\Visual Studio 2012\IGr\practica3\Debug\link.4436-rc.read.1.tlog
D:\Xavi\Workspaces\Visual Studio 2012\IGr\practica3\Debug\link.4436-rc.write.1.tlog
D:\Xavi\Workspaces\Visual Studio 2012\IGr\practica3\Debug\link.4436.read.1.tlog
D:\Xavi\Workspaces\Visual Studio 2012\IGr\practica3\Debug\link.4436.write.1.tlog
D:\Xavi\Workspaces\Visual Studio 2012\IGr\practica3\Debug\link.4940-cvtres.read.1.tlog
D:\Xavi\Workspaces\Visual Studio 2012\IGr\practica3\Debug\link.4940-cvtres.write.1.tlog
D:\Xavi\Workspaces\Visual Studio 2012\IGr\practica3\Debug\link.4940-rc.read.1.tlog
D:\Xavi\Workspaces\Visual Studio 2012\IGr\practica3\Debug\link.4940-rc.write.1.tlog
D:\Xavi\Workspaces\Visual Studio 2012\IGr\practica3\Debug\link.4940.read.1.tlog
D:\Xavi\Workspaces\Visual Studio 2012\IGr\practica3\Debug\link.4940.write.1.tlog
D:\Xavi\Workspaces\Visual Studio 2012\IGr\practica3\Debug\link.6152-cvtres.read.1.tlog
D:\Xavi\Workspaces\Visual Studio 2012\IGr\practica3\Debug\link.6152-cvtres.write.1.tlog
D:\Xavi\Workspaces\Visual Studio 2012\IGr\practica3\Debug\link.6152-rc.read.1.tlog
D:\Xavi\Workspaces\Visual Studio 2012\IGr\practica3\Debug\link.6152-rc.write.1.tlog
D:\Xavi\Workspaces\Visual Studio 2012\IGr\practica3\Debug\link.6152.read.1.tlog
D:\Xavi\Workspaces\Visual Studio 2012\IGr\practica3\Debug\link.6152.write.1.tlog
D:\Xavi\Workspaces\Visual Studio 2012\IGr\practica3\Debug\link.6360-cvtres.read.1.tlog
D:\Xavi\Workspaces\Visual Studio 2012\IGr\practica3\Debug\link.6360-cvtres.write.1.tlog
D:\Xavi\Workspaces\Visual Studio 2012\IGr\practica3\Debug\link.6360-rc.read.1.tlog
D:\Xavi\Workspaces\Visual Studio 2012\IGr\practica3\Debug\link.6360-rc.write.1.tlog
D:\Xavi\Workspaces\Visual Studio 2012\IGr\practica3\Debug\link.6360.read.1.tlog
D:\Xavi\Workspaces\Visual Studio 2012\IGr\practica3\Debug\link.6360.write.1.tlog
D:\Xavi\Workspaces\Visual Studio 2012\IGr\practica3\Debug\link.8864-cvtres.read.1.tlog
D:\Xavi\Workspaces\Visual Studio 2012\IGr\practica3\Debug\link.8864-cvtres.write.1.tlog
D:\Xavi\Workspaces\Visual Studio 2012\IGr\practica3\Debug\link.8864-rc.read.1.tlog
D:\Xavi\Workspaces\Visual Studio 2012\IGr\practica3\Debug\link.8864-rc.write.1.tlog
D:\Xavi\Workspaces\Visual Studio 2012\IGr\practica3\Debug\link.8864.read.1.tlog
D:\Xavi\Workspaces\Visual Studio 2012\IGr\practica3\Debug\link.8864.write.1.tlog
D:\Xavi\Workspaces\Visual Studio 2012\IGr\practica3\Debug\link.9484-cvtres.read.1.tlog
D:\Xavi\Workspaces\Visual Studio 2012\IGr\practica3\Debug\link.9484-cvtres.write.1.tlog
D:\Xavi\Workspaces\Visual Studio 2012\IGr\practica3\Debug\link.9484-rc.read.1.tlog
D:\Xavi\Workspaces\Visual Studio 2012\IGr\practica3\Debug\link.9484-rc.write.1.tlog
D:\Xavi\Workspaces\Visual Studio 2012\IGr\practica3\Debug\link.9484.read.1.tlog
D:\Xavi\Workspaces\Visual Studio 2012\IGr\practica3\Debug\link.9484.write.1.tlog
D:\Xavi\Workspaces\Visual Studio 2012\IGr\practica3\Debug\link.9628-cvtres.read.1.tlog
D:\Xavi\Workspaces\Visual Studio 2012\IGr\practica3\Debug\link.9628-cvtres.write.1.tlog
D:\Xavi\Workspaces\Visual Studio 2012\IGr\practica3\Debug\link.9628-rc.read.1.tlog
D:\Xavi\Workspaces\Visual Studio 2012\IGr\practica3\Debug\link.9628-rc.write.1.tlog
D:\Xavi\Workspaces\Visual Studio 2012\IGr\practica3\Debug\link.9628.read.1.tlog
D:\Xavi\Workspaces\Visual Studio 2012\IGr\practica3\Debug\link.9628.write.1.tlog
D:\Xavi\Workspaces\Visual Studio 2012\IGr\practica3\Debug\link.command.1.tlog
D:\Xavi\Workspaces\Visual Studio 2012\IGr\practica3\Debug\link.read.1.tlog
D:\Xavi\Workspaces\Visual Studio 2012\IGr\practica3\Debug\link.write.1.tlog
D:\Xavi\Workspaces\Visual Studio 2012\IGr\practica3\Debug\metagen.read.1.tlog
D:\Xavi\Workspaces\Visual Studio 2012\IGr\practica3\Debug\metagen.write.1.tlog
D:\Xavi\Workspaces\Visual Studio 2012\IGr\practica3\Debug\practica3.write.1.tlog
D:\Xavi\Workspaces\Visual Studio 2012\IGr\practica3\Debug\practica3.pdb
D:\Xavi\Workspaces\Visual Studio 2012\IGr\practica3\Debug\vc110.pdb
D:\Xavi\Workspaces\Visual Studio 2012\IGr\practica3\Debug\practica3.exe.metagen
D:\Xavi\Workspaces\Visual Studio 2012\IGr\practica3\Debug\TZRES.DLL.bi
D:\Xavi\Workspaces\Visual Studio 2012\IGr\practica3\Debug\practica3.exe
