D:\XAVI\WORKSPACES\VISUAL STUDIO 2012\IGR\PRACTICA4\DEBUG\WINCLIOPENGL.OBJ
D:\XAVI\WORKSPACES\VISUAL STUDIO 2012\IGR\PRACTICA4\DEBUG\WFORMGL.OBJ
D:\XAVI\WORKSPACES\VISUAL STUDIO 2012\IGR\PRACTICA4\DEBUG\TEXTURELOADER.OBJ
D:\XAVI\WORKSPACES\VISUAL STUDIO 2012\IGR\PRACTICA4\DEBUG\PIXMAPY.OBJ
D:\XAVI\WORKSPACES\VISUAL STUDIO 2012\IGR\PRACTICA4\DEBUG\PIXMAPRGB.OBJ
D:\XAVI\WORKSPACES\VISUAL STUDIO 2012\IGR\PRACTICA4\DEBUG\PIXMAP.OBJ
D:\XAVI\WORKSPACES\VISUAL STUDIO 2012\IGR\PRACTICA4\DEBUG\SCENE.OBJ
D:\XAVI\WORKSPACES\VISUAL STUDIO 2012\IGR\PRACTICA4\DEBUG\TURTLE.OBJ
D:\XAVI\WORKSPACES\VISUAL STUDIO 2012\IGR\PRACTICA4\DEBUG\TRIANGLE.OBJ
D:\XAVI\WORKSPACES\VISUAL STUDIO 2012\IGR\PRACTICA4\DEBUG\RGBCOLOR.OBJ
D:\XAVI\WORKSPACES\VISUAL STUDIO 2012\IGR\PRACTICA4\DEBUG\REGPOL.OBJ
D:\XAVI\WORKSPACES\VISUAL STUDIO 2012\IGR\PRACTICA4\DEBUG\PV2D.OBJ
D:\XAVI\WORKSPACES\VISUAL STUDIO 2012\IGR\PRACTICA4\DEBUG\ELIPSE.OBJ
D:\XAVI\WORKSPACES\VISUAL STUDIO 2012\IGR\PRACTICA4\DEBUG\CONVEXPOLYGON.OBJ
D:\XAVI\WORKSPACES\VISUAL STUDIO 2012\IGR\PRACTICA4\DEBUG\CIRCLE.OBJ
D:\XAVI\WORKSPACES\VISUAL STUDIO 2012\IGR\PRACTICA4\DEBUG\BALL.OBJ
D:\XAVI\WORKSPACES\VISUAL STUDIO 2012\IGR\PRACTICA4\DEBUG\MATRIX.OBJ
D:\XAVI\WORKSPACES\VISUAL STUDIO 2012\IGR\PRACTICA4\DEBUG\VC110.PDB
D:\XAVI\WORKSPACES\VISUAL STUDIO 2012\IGR\PRACTICA4\DEBUG\.NETFRAMEWORK,VERSION=V4.5.ASSEMBLYATTRIBUTES.OBJ
D:\XAVI\WORKSPACES\VISUAL STUDIO 2012\IGR\PRACTICA4\DEBUG\SQUARE.OBJ
D:\XAVI\WORKSPACES\VISUAL STUDIO 2012\IGR\PRACTICA4\DEBUG\TREE.OBJ
D:\XAVI\WORKSPACES\VISUAL STUDIO 2012\IGR\PRACTICA4\DEBUG\TEXTURESAVER.OBJ
D:\XAVI\WORKSPACES\VISUAL STUDIO 2012\IGR\PRACTICA4\DEBUG\PRACTICA4.ILK
D:\XAVI\WORKSPACES\VISUAL STUDIO 2012\IGR\PRACTICA4\DEBUG\PRACTICA4.EXE
D:\XAVI\WORKSPACES\VISUAL STUDIO 2012\IGR\PRACTICA4\DEBUG\PRACTICA4.PDB
D:\Xavi\Workspaces\Visual Studio 2012\IGr\practica4\Debug\WinCLI1.WFormGL.resources
D:\Xavi\Workspaces\Visual Studio 2012\IGr\practica4\Debug\WinCLI1.vcxproj.GenerateResource.Cache
D:\Xavi\Workspaces\Visual Studio 2012\IGr\practica4\Debug\WinCLI1.vcxprojResolveAssemblyReference.cache
D:\Xavi\Workspaces\Visual Studio 2012\IGr\practica4\Debug\.NETFramework,Version=v4.5.AssemblyAttributes.obj
D:\Xavi\Workspaces\Visual Studio 2012\IGr\practica4\Debug\Ball.obj
D:\Xavi\Workspaces\Visual Studio 2012\IGr\practica4\Debug\Circle.obj
D:\Xavi\Workspaces\Visual Studio 2012\IGr\practica4\Debug\ConvexPolygon.obj
D:\Xavi\Workspaces\Visual Studio 2012\IGr\practica4\Debug\Elipse.obj
D:\Xavi\Workspaces\Visual Studio 2012\IGr\practica4\Debug\matrix.obj
D:\Xavi\Workspaces\Visual Studio 2012\IGr\practica4\Debug\Pixmap.obj
D:\Xavi\Workspaces\Visual Studio 2012\IGr\practica4\Debug\PixmapRGB.obj
D:\Xavi\Workspaces\Visual Studio 2012\IGr\practica4\Debug\PixmapY.obj
D:\Xavi\Workspaces\Visual Studio 2012\IGr\practica4\Debug\PV2D.obj
D:\Xavi\Workspaces\Visual Studio 2012\IGr\practica4\Debug\RegPol.obj
D:\Xavi\Workspaces\Visual Studio 2012\IGr\practica4\Debug\RGBColor.obj
D:\Xavi\Workspaces\Visual Studio 2012\IGr\practica4\Debug\Scene.obj
D:\Xavi\Workspaces\Visual Studio 2012\IGr\practica4\Debug\Square.obj
D:\Xavi\Workspaces\Visual Studio 2012\IGr\practica4\Debug\TextureLoader.obj
D:\Xavi\Workspaces\Visual Studio 2012\IGr\practica4\Debug\TextureSaver.obj
D:\Xavi\Workspaces\Visual Studio 2012\IGr\practica4\Debug\Tree.obj
D:\Xavi\Workspaces\Visual Studio 2012\IGr\practica4\Debug\Triangle.obj
D:\Xavi\Workspaces\Visual Studio 2012\IGr\practica4\Debug\Turtle.obj
D:\Xavi\Workspaces\Visual Studio 2012\IGr\practica4\Debug\WFormGL.obj
D:\Xavi\Workspaces\Visual Studio 2012\IGr\practica4\Debug\WinCliOpenGL.obj
D:\Xavi\Workspaces\Visual Studio 2012\IGr\practica4\Debug\practica4.ilk
D:\Xavi\Workspaces\Visual Studio 2012\IGr\practica4\Debug\cl.command.1.tlog
D:\Xavi\Workspaces\Visual Studio 2012\IGr\practica4\Debug\CL.read.1.tlog
D:\Xavi\Workspaces\Visual Studio 2012\IGr\practica4\Debug\CL.write.1.tlog
D:\Xavi\Workspaces\Visual Studio 2012\IGr\practica4\Debug\link.1080-cvtres.read.1.tlog
D:\Xavi\Workspaces\Visual Studio 2012\IGr\practica4\Debug\link.1080-cvtres.write.1.tlog
D:\Xavi\Workspaces\Visual Studio 2012\IGr\practica4\Debug\link.1080-rc.read.1.tlog
D:\Xavi\Workspaces\Visual Studio 2012\IGr\practica4\Debug\link.1080-rc.write.1.tlog
D:\Xavi\Workspaces\Visual Studio 2012\IGr\practica4\Debug\link.1080.read.1.tlog
D:\Xavi\Workspaces\Visual Studio 2012\IGr\practica4\Debug\link.1080.write.1.tlog
D:\Xavi\Workspaces\Visual Studio 2012\IGr\practica4\Debug\link.1100-cvtres.read.1.tlog
D:\Xavi\Workspaces\Visual Studio 2012\IGr\practica4\Debug\link.1100-cvtres.write.1.tlog
D:\Xavi\Workspaces\Visual Studio 2012\IGr\practica4\Debug\link.1100-rc.read.1.tlog
D:\Xavi\Workspaces\Visual Studio 2012\IGr\practica4\Debug\link.1100-rc.write.1.tlog
D:\Xavi\Workspaces\Visual Studio 2012\IGr\practica4\Debug\link.1100.read.1.tlog
D:\Xavi\Workspaces\Visual Studio 2012\IGr\practica4\Debug\link.1100.write.1.tlog
D:\Xavi\Workspaces\Visual Studio 2012\IGr\practica4\Debug\link.1296-cvtres.read.1.tlog
D:\Xavi\Workspaces\Visual Studio 2012\IGr\practica4\Debug\link.1296-cvtres.write.1.tlog
D:\Xavi\Workspaces\Visual Studio 2012\IGr\practica4\Debug\link.1296-rc.read.1.tlog
D:\Xavi\Workspaces\Visual Studio 2012\IGr\practica4\Debug\link.1296-rc.write.1.tlog
D:\Xavi\Workspaces\Visual Studio 2012\IGr\practica4\Debug\link.1296.read.1.tlog
D:\Xavi\Workspaces\Visual Studio 2012\IGr\practica4\Debug\link.1296.write.1.tlog
D:\Xavi\Workspaces\Visual Studio 2012\IGr\practica4\Debug\link.1480-cvtres.read.1.tlog
D:\Xavi\Workspaces\Visual Studio 2012\IGr\practica4\Debug\link.1480-cvtres.write.1.tlog
D:\Xavi\Workspaces\Visual Studio 2012\IGr\practica4\Debug\link.1480-rc.read.1.tlog
D:\Xavi\Workspaces\Visual Studio 2012\IGr\practica4\Debug\link.1480-rc.write.1.tlog
D:\Xavi\Workspaces\Visual Studio 2012\IGr\practica4\Debug\link.1480.read.1.tlog
D:\Xavi\Workspaces\Visual Studio 2012\IGr\practica4\Debug\link.1480.write.1.tlog
D:\Xavi\Workspaces\Visual Studio 2012\IGr\practica4\Debug\link.1708-cvtres.read.1.tlog
D:\Xavi\Workspaces\Visual Studio 2012\IGr\practica4\Debug\link.1708-cvtres.write.1.tlog
D:\Xavi\Workspaces\Visual Studio 2012\IGr\practica4\Debug\link.1708-rc.read.1.tlog
D:\Xavi\Workspaces\Visual Studio 2012\IGr\practica4\Debug\link.1708-rc.write.1.tlog
D:\Xavi\Workspaces\Visual Studio 2012\IGr\practica4\Debug\link.1708.read.1.tlog
D:\Xavi\Workspaces\Visual Studio 2012\IGr\practica4\Debug\link.1708.write.1.tlog
D:\Xavi\Workspaces\Visual Studio 2012\IGr\practica4\Debug\link.1716-cvtres.read.1.tlog
D:\Xavi\Workspaces\Visual Studio 2012\IGr\practica4\Debug\link.1716-cvtres.write.1.tlog
D:\Xavi\Workspaces\Visual Studio 2012\IGr\practica4\Debug\link.1716-rc.read.1.tlog
D:\Xavi\Workspaces\Visual Studio 2012\IGr\practica4\Debug\link.1716-rc.write.1.tlog
D:\Xavi\Workspaces\Visual Studio 2012\IGr\practica4\Debug\link.1716.read.1.tlog
D:\Xavi\Workspaces\Visual Studio 2012\IGr\practica4\Debug\link.1716.write.1.tlog
D:\Xavi\Workspaces\Visual Studio 2012\IGr\practica4\Debug\link.1780-cvtres.read.1.tlog
D:\Xavi\Workspaces\Visual Studio 2012\IGr\practica4\Debug\link.1780-cvtres.write.1.tlog
D:\Xavi\Workspaces\Visual Studio 2012\IGr\practica4\Debug\link.1780-rc.read.1.tlog
D:\Xavi\Workspaces\Visual Studio 2012\IGr\practica4\Debug\link.1780-rc.write.1.tlog
D:\Xavi\Workspaces\Visual Studio 2012\IGr\practica4\Debug\link.1780.read.1.tlog
D:\Xavi\Workspaces\Visual Studio 2012\IGr\practica4\Debug\link.1780.write.1.tlog
D:\Xavi\Workspaces\Visual Studio 2012\IGr\practica4\Debug\link.1988-cvtres.read.1.tlog
D:\Xavi\Workspaces\Visual Studio 2012\IGr\practica4\Debug\link.1988-cvtres.write.1.tlog
D:\Xavi\Workspaces\Visual Studio 2012\IGr\practica4\Debug\link.1988-rc.read.1.tlog
D:\Xavi\Workspaces\Visual Studio 2012\IGr\practica4\Debug\link.1988-rc.write.1.tlog
D:\Xavi\Workspaces\Visual Studio 2012\IGr\practica4\Debug\link.1988.read.1.tlog
D:\Xavi\Workspaces\Visual Studio 2012\IGr\practica4\Debug\link.1988.write.1.tlog
D:\Xavi\Workspaces\Visual Studio 2012\IGr\practica4\Debug\link.208-cvtres.read.1.tlog
D:\Xavi\Workspaces\Visual Studio 2012\IGr\practica4\Debug\link.208-cvtres.write.1.tlog
D:\Xavi\Workspaces\Visual Studio 2012\IGr\practica4\Debug\link.208-rc.read.1.tlog
D:\Xavi\Workspaces\Visual Studio 2012\IGr\practica4\Debug\link.208-rc.write.1.tlog
D:\Xavi\Workspaces\Visual Studio 2012\IGr\practica4\Debug\link.208.read.1.tlog
D:\Xavi\Workspaces\Visual Studio 2012\IGr\practica4\Debug\link.208.write.1.tlog
D:\Xavi\Workspaces\Visual Studio 2012\IGr\practica4\Debug\link.2216-cvtres.read.1.tlog
D:\Xavi\Workspaces\Visual Studio 2012\IGr\practica4\Debug\link.2216-cvtres.write.1.tlog
D:\Xavi\Workspaces\Visual Studio 2012\IGr\practica4\Debug\link.2216-rc.read.1.tlog
D:\Xavi\Workspaces\Visual Studio 2012\IGr\practica4\Debug\link.2216-rc.write.1.tlog
D:\Xavi\Workspaces\Visual Studio 2012\IGr\practica4\Debug\link.2216.read.1.tlog
D:\Xavi\Workspaces\Visual Studio 2012\IGr\practica4\Debug\link.2216.write.1.tlog
D:\Xavi\Workspaces\Visual Studio 2012\IGr\practica4\Debug\link.2320-cvtres.read.1.tlog
D:\Xavi\Workspaces\Visual Studio 2012\IGr\practica4\Debug\link.2320-cvtres.write.1.tlog
D:\Xavi\Workspaces\Visual Studio 2012\IGr\practica4\Debug\link.2320-rc.read.1.tlog
D:\Xavi\Workspaces\Visual Studio 2012\IGr\practica4\Debug\link.2320-rc.write.1.tlog
D:\Xavi\Workspaces\Visual Studio 2012\IGr\practica4\Debug\link.2320.read.1.tlog
D:\Xavi\Workspaces\Visual Studio 2012\IGr\practica4\Debug\link.2320.write.1.tlog
D:\Xavi\Workspaces\Visual Studio 2012\IGr\practica4\Debug\link.2396-cvtres.read.1.tlog
D:\Xavi\Workspaces\Visual Studio 2012\IGr\practica4\Debug\link.2396-cvtres.write.1.tlog
D:\Xavi\Workspaces\Visual Studio 2012\IGr\practica4\Debug\link.2396-rc.read.1.tlog
D:\Xavi\Workspaces\Visual Studio 2012\IGr\practica4\Debug\link.2396-rc.write.1.tlog
D:\Xavi\Workspaces\Visual Studio 2012\IGr\practica4\Debug\link.2396.read.1.tlog
D:\Xavi\Workspaces\Visual Studio 2012\IGr\practica4\Debug\link.2396.write.1.tlog
D:\Xavi\Workspaces\Visual Studio 2012\IGr\practica4\Debug\link.2592-cvtres.read.1.tlog
D:\Xavi\Workspaces\Visual Studio 2012\IGr\practica4\Debug\link.2592-cvtres.write.1.tlog
D:\Xavi\Workspaces\Visual Studio 2012\IGr\practica4\Debug\link.2592-rc.read.1.tlog
D:\Xavi\Workspaces\Visual Studio 2012\IGr\practica4\Debug\link.2592-rc.write.1.tlog
D:\Xavi\Workspaces\Visual Studio 2012\IGr\practica4\Debug\link.2592.read.1.tlog
D:\Xavi\Workspaces\Visual Studio 2012\IGr\practica4\Debug\link.2592.write.1.tlog
D:\Xavi\Workspaces\Visual Studio 2012\IGr\practica4\Debug\link.2720-cvtres.read.1.tlog
D:\Xavi\Workspaces\Visual Studio 2012\IGr\practica4\Debug\link.2720-cvtres.write.1.tlog
D:\Xavi\Workspaces\Visual Studio 2012\IGr\practica4\Debug\link.2720-rc.read.1.tlog
D:\Xavi\Workspaces\Visual Studio 2012\IGr\practica4\Debug\link.2720-rc.write.1.tlog
D:\Xavi\Workspaces\Visual Studio 2012\IGr\practica4\Debug\link.2720.read.1.tlog
D:\Xavi\Workspaces\Visual Studio 2012\IGr\practica4\Debug\link.2720.write.1.tlog
D:\Xavi\Workspaces\Visual Studio 2012\IGr\practica4\Debug\link.2724-cvtres.read.1.tlog
D:\Xavi\Workspaces\Visual Studio 2012\IGr\practica4\Debug\link.2724-cvtres.write.1.tlog
D:\Xavi\Workspaces\Visual Studio 2012\IGr\practica4\Debug\link.2724-rc.read.1.tlog
D:\Xavi\Workspaces\Visual Studio 2012\IGr\practica4\Debug\link.2724-rc.write.1.tlog
D:\Xavi\Workspaces\Visual Studio 2012\IGr\practica4\Debug\link.2724.read.1.tlog
D:\Xavi\Workspaces\Visual Studio 2012\IGr\practica4\Debug\link.2724.write.1.tlog
D:\Xavi\Workspaces\Visual Studio 2012\IGr\practica4\Debug\link.2772-cvtres.read.1.tlog
D:\Xavi\Workspaces\Visual Studio 2012\IGr\practica4\Debug\link.2772-cvtres.write.1.tlog
D:\Xavi\Workspaces\Visual Studio 2012\IGr\practica4\Debug\link.2772-rc.read.1.tlog
D:\Xavi\Workspaces\Visual Studio 2012\IGr\practica4\Debug\link.2772-rc.write.1.tlog
D:\Xavi\Workspaces\Visual Studio 2012\IGr\practica4\Debug\link.2772.read.1.tlog
D:\Xavi\Workspaces\Visual Studio 2012\IGr\practica4\Debug\link.2772.write.1.tlog
D:\Xavi\Workspaces\Visual Studio 2012\IGr\practica4\Debug\link.2932-cvtres.read.1.tlog
D:\Xavi\Workspaces\Visual Studio 2012\IGr\practica4\Debug\link.2932-cvtres.write.1.tlog
D:\Xavi\Workspaces\Visual Studio 2012\IGr\practica4\Debug\link.2932-rc.read.1.tlog
D:\Xavi\Workspaces\Visual Studio 2012\IGr\practica4\Debug\link.2932-rc.write.1.tlog
D:\Xavi\Workspaces\Visual Studio 2012\IGr\practica4\Debug\link.2932.read.1.tlog
D:\Xavi\Workspaces\Visual Studio 2012\IGr\practica4\Debug\link.2932.write.1.tlog
D:\Xavi\Workspaces\Visual Studio 2012\IGr\practica4\Debug\link.2976-cvtres.read.1.tlog
D:\Xavi\Workspaces\Visual Studio 2012\IGr\practica4\Debug\link.2976-cvtres.write.1.tlog
D:\Xavi\Workspaces\Visual Studio 2012\IGr\practica4\Debug\link.2976-rc.read.1.tlog
D:\Xavi\Workspaces\Visual Studio 2012\IGr\practica4\Debug\link.2976-rc.write.1.tlog
D:\Xavi\Workspaces\Visual Studio 2012\IGr\practica4\Debug\link.2976.read.1.tlog
D:\Xavi\Workspaces\Visual Studio 2012\IGr\practica4\Debug\link.2976.write.1.tlog
D:\Xavi\Workspaces\Visual Studio 2012\IGr\practica4\Debug\link.3164-cvtres.read.1.tlog
D:\Xavi\Workspaces\Visual Studio 2012\IGr\practica4\Debug\link.3164-cvtres.write.1.tlog
D:\Xavi\Workspaces\Visual Studio 2012\IGr\practica4\Debug\link.3164-rc.read.1.tlog
D:\Xavi\Workspaces\Visual Studio 2012\IGr\practica4\Debug\link.3164-rc.write.1.tlog
D:\Xavi\Workspaces\Visual Studio 2012\IGr\practica4\Debug\link.3164.read.1.tlog
D:\Xavi\Workspaces\Visual Studio 2012\IGr\practica4\Debug\link.3164.write.1.tlog
D:\Xavi\Workspaces\Visual Studio 2012\IGr\practica4\Debug\link.3232-cvtres.read.1.tlog
D:\Xavi\Workspaces\Visual Studio 2012\IGr\practica4\Debug\link.3232-cvtres.write.1.tlog
D:\Xavi\Workspaces\Visual Studio 2012\IGr\practica4\Debug\link.3232-rc.read.1.tlog
D:\Xavi\Workspaces\Visual Studio 2012\IGr\practica4\Debug\link.3232-rc.write.1.tlog
D:\Xavi\Workspaces\Visual Studio 2012\IGr\practica4\Debug\link.3232.read.1.tlog
D:\Xavi\Workspaces\Visual Studio 2012\IGr\practica4\Debug\link.3232.write.1.tlog
D:\Xavi\Workspaces\Visual Studio 2012\IGr\practica4\Debug\link.3340-cvtres.read.1.tlog
D:\Xavi\Workspaces\Visual Studio 2012\IGr\practica4\Debug\link.3340-cvtres.write.1.tlog
D:\Xavi\Workspaces\Visual Studio 2012\IGr\practica4\Debug\link.3340-rc.read.1.tlog
D:\Xavi\Workspaces\Visual Studio 2012\IGr\practica4\Debug\link.3340-rc.write.1.tlog
D:\Xavi\Workspaces\Visual Studio 2012\IGr\practica4\Debug\link.3340.read.1.tlog
D:\Xavi\Workspaces\Visual Studio 2012\IGr\practica4\Debug\link.3340.write.1.tlog
D:\Xavi\Workspaces\Visual Studio 2012\IGr\practica4\Debug\link.3420-cvtres.read.1.tlog
D:\Xavi\Workspaces\Visual Studio 2012\IGr\practica4\Debug\link.3420-cvtres.write.1.tlog
D:\Xavi\Workspaces\Visual Studio 2012\IGr\practica4\Debug\link.3420-rc.read.1.tlog
D:\Xavi\Workspaces\Visual Studio 2012\IGr\practica4\Debug\link.3420-rc.write.1.tlog
D:\Xavi\Workspaces\Visual Studio 2012\IGr\practica4\Debug\link.3420.read.1.tlog
D:\Xavi\Workspaces\Visual Studio 2012\IGr\practica4\Debug\link.3420.write.1.tlog
D:\Xavi\Workspaces\Visual Studio 2012\IGr\practica4\Debug\link.3432-cvtres.read.1.tlog
D:\Xavi\Workspaces\Visual Studio 2012\IGr\practica4\Debug\link.3432-cvtres.write.1.tlog
D:\Xavi\Workspaces\Visual Studio 2012\IGr\practica4\Debug\link.3432-rc.read.1.tlog
D:\Xavi\Workspaces\Visual Studio 2012\IGr\practica4\Debug\link.3432-rc.write.1.tlog
D:\Xavi\Workspaces\Visual Studio 2012\IGr\practica4\Debug\link.3432.read.1.tlog
D:\Xavi\Workspaces\Visual Studio 2012\IGr\practica4\Debug\link.3432.write.1.tlog
D:\Xavi\Workspaces\Visual Studio 2012\IGr\practica4\Debug\link.3612-cvtres.read.1.tlog
D:\Xavi\Workspaces\Visual Studio 2012\IGr\practica4\Debug\link.3612-cvtres.write.1.tlog
D:\Xavi\Workspaces\Visual Studio 2012\IGr\practica4\Debug\link.3612-rc.read.1.tlog
D:\Xavi\Workspaces\Visual Studio 2012\IGr\practica4\Debug\link.3612-rc.write.1.tlog
D:\Xavi\Workspaces\Visual Studio 2012\IGr\practica4\Debug\link.3612.read.1.tlog
D:\Xavi\Workspaces\Visual Studio 2012\IGr\practica4\Debug\link.3612.write.1.tlog
D:\Xavi\Workspaces\Visual Studio 2012\IGr\practica4\Debug\link.3764-cvtres.read.1.tlog
D:\Xavi\Workspaces\Visual Studio 2012\IGr\practica4\Debug\link.3764-cvtres.write.1.tlog
D:\Xavi\Workspaces\Visual Studio 2012\IGr\practica4\Debug\link.3764-rc.read.1.tlog
D:\Xavi\Workspaces\Visual Studio 2012\IGr\practica4\Debug\link.3764-rc.write.1.tlog
D:\Xavi\Workspaces\Visual Studio 2012\IGr\practica4\Debug\link.3764.read.1.tlog
D:\Xavi\Workspaces\Visual Studio 2012\IGr\practica4\Debug\link.3764.write.1.tlog
D:\Xavi\Workspaces\Visual Studio 2012\IGr\practica4\Debug\link.3768-cvtres.read.1.tlog
D:\Xavi\Workspaces\Visual Studio 2012\IGr\practica4\Debug\link.3768-cvtres.write.1.tlog
D:\Xavi\Workspaces\Visual Studio 2012\IGr\practica4\Debug\link.3768-rc.read.1.tlog
D:\Xavi\Workspaces\Visual Studio 2012\IGr\practica4\Debug\link.3768-rc.write.1.tlog
D:\Xavi\Workspaces\Visual Studio 2012\IGr\practica4\Debug\link.3768.read.1.tlog
D:\Xavi\Workspaces\Visual Studio 2012\IGr\practica4\Debug\link.3768.write.1.tlog
D:\Xavi\Workspaces\Visual Studio 2012\IGr\practica4\Debug\link.3788-cvtres.read.1.tlog
D:\Xavi\Workspaces\Visual Studio 2012\IGr\practica4\Debug\link.3788-cvtres.write.1.tlog
D:\Xavi\Workspaces\Visual Studio 2012\IGr\practica4\Debug\link.3788-rc.read.1.tlog
D:\Xavi\Workspaces\Visual Studio 2012\IGr\practica4\Debug\link.3788-rc.write.1.tlog
D:\Xavi\Workspaces\Visual Studio 2012\IGr\practica4\Debug\link.3788.read.1.tlog
D:\Xavi\Workspaces\Visual Studio 2012\IGr\practica4\Debug\link.3788.write.1.tlog
D:\Xavi\Workspaces\Visual Studio 2012\IGr\practica4\Debug\link.3804-cvtres.read.1.tlog
D:\Xavi\Workspaces\Visual Studio 2012\IGr\practica4\Debug\link.3804-cvtres.write.1.tlog
D:\Xavi\Workspaces\Visual Studio 2012\IGr\practica4\Debug\link.3804-rc.read.1.tlog
D:\Xavi\Workspaces\Visual Studio 2012\IGr\practica4\Debug\link.3804-rc.write.1.tlog
D:\Xavi\Workspaces\Visual Studio 2012\IGr\practica4\Debug\link.3804.read.1.tlog
D:\Xavi\Workspaces\Visual Studio 2012\IGr\practica4\Debug\link.3804.write.1.tlog
D:\Xavi\Workspaces\Visual Studio 2012\IGr\practica4\Debug\link.3860-cvtres.read.1.tlog
D:\Xavi\Workspaces\Visual Studio 2012\IGr\practica4\Debug\link.3860-cvtres.write.1.tlog
D:\Xavi\Workspaces\Visual Studio 2012\IGr\practica4\Debug\link.3860-rc.read.1.tlog
D:\Xavi\Workspaces\Visual Studio 2012\IGr\practica4\Debug\link.3860-rc.write.1.tlog
D:\Xavi\Workspaces\Visual Studio 2012\IGr\practica4\Debug\link.3860.read.1.tlog
D:\Xavi\Workspaces\Visual Studio 2012\IGr\practica4\Debug\link.3860.write.1.tlog
D:\Xavi\Workspaces\Visual Studio 2012\IGr\practica4\Debug\link.4052-cvtres.read.1.tlog
D:\Xavi\Workspaces\Visual Studio 2012\IGr\practica4\Debug\link.4052-cvtres.write.1.tlog
D:\Xavi\Workspaces\Visual Studio 2012\IGr\practica4\Debug\link.4052-rc.read.1.tlog
D:\Xavi\Workspaces\Visual Studio 2012\IGr\practica4\Debug\link.4052-rc.write.1.tlog
D:\Xavi\Workspaces\Visual Studio 2012\IGr\practica4\Debug\link.4052.read.1.tlog
D:\Xavi\Workspaces\Visual Studio 2012\IGr\practica4\Debug\link.4052.write.1.tlog
D:\Xavi\Workspaces\Visual Studio 2012\IGr\practica4\Debug\link.4068-cvtres.read.1.tlog
D:\Xavi\Workspaces\Visual Studio 2012\IGr\practica4\Debug\link.4068-cvtres.write.1.tlog
D:\Xavi\Workspaces\Visual Studio 2012\IGr\practica4\Debug\link.4068-rc.read.1.tlog
D:\Xavi\Workspaces\Visual Studio 2012\IGr\practica4\Debug\link.4068-rc.write.1.tlog
D:\Xavi\Workspaces\Visual Studio 2012\IGr\practica4\Debug\link.4068.read.1.tlog
D:\Xavi\Workspaces\Visual Studio 2012\IGr\practica4\Debug\link.4068.write.1.tlog
D:\Xavi\Workspaces\Visual Studio 2012\IGr\practica4\Debug\link.4156-cvtres.read.1.tlog
D:\Xavi\Workspaces\Visual Studio 2012\IGr\practica4\Debug\link.4156-cvtres.write.1.tlog
D:\Xavi\Workspaces\Visual Studio 2012\IGr\practica4\Debug\link.4156-rc.read.1.tlog
D:\Xavi\Workspaces\Visual Studio 2012\IGr\practica4\Debug\link.4156-rc.write.1.tlog
D:\Xavi\Workspaces\Visual Studio 2012\IGr\practica4\Debug\link.4156.read.1.tlog
D:\Xavi\Workspaces\Visual Studio 2012\IGr\practica4\Debug\link.4156.write.1.tlog
D:\Xavi\Workspaces\Visual Studio 2012\IGr\practica4\Debug\link.4316-cvtres.read.1.tlog
D:\Xavi\Workspaces\Visual Studio 2012\IGr\practica4\Debug\link.4316-cvtres.write.1.tlog
D:\Xavi\Workspaces\Visual Studio 2012\IGr\practica4\Debug\link.4316-rc.read.1.tlog
D:\Xavi\Workspaces\Visual Studio 2012\IGr\practica4\Debug\link.4316-rc.write.1.tlog
D:\Xavi\Workspaces\Visual Studio 2012\IGr\practica4\Debug\link.4316.read.1.tlog
D:\Xavi\Workspaces\Visual Studio 2012\IGr\practica4\Debug\link.4316.write.1.tlog
D:\Xavi\Workspaces\Visual Studio 2012\IGr\practica4\Debug\link.4332-cvtres.read.1.tlog
D:\Xavi\Workspaces\Visual Studio 2012\IGr\practica4\Debug\link.4332-cvtres.write.1.tlog
D:\Xavi\Workspaces\Visual Studio 2012\IGr\practica4\Debug\link.4332-rc.read.1.tlog
D:\Xavi\Workspaces\Visual Studio 2012\IGr\practica4\Debug\link.4332-rc.write.1.tlog
D:\Xavi\Workspaces\Visual Studio 2012\IGr\practica4\Debug\link.4332.read.1.tlog
D:\Xavi\Workspaces\Visual Studio 2012\IGr\practica4\Debug\link.4332.write.1.tlog
D:\Xavi\Workspaces\Visual Studio 2012\IGr\practica4\Debug\link.4340-cvtres.read.1.tlog
D:\Xavi\Workspaces\Visual Studio 2012\IGr\practica4\Debug\link.4340-cvtres.write.1.tlog
D:\Xavi\Workspaces\Visual Studio 2012\IGr\practica4\Debug\link.4340-rc.read.1.tlog
D:\Xavi\Workspaces\Visual Studio 2012\IGr\practica4\Debug\link.4340-rc.write.1.tlog
D:\Xavi\Workspaces\Visual Studio 2012\IGr\practica4\Debug\link.4340.read.1.tlog
D:\Xavi\Workspaces\Visual Studio 2012\IGr\practica4\Debug\link.4340.write.1.tlog
D:\Xavi\Workspaces\Visual Studio 2012\IGr\practica4\Debug\link.4488-cvtres.read.1.tlog
D:\Xavi\Workspaces\Visual Studio 2012\IGr\practica4\Debug\link.4488-cvtres.write.1.tlog
D:\Xavi\Workspaces\Visual Studio 2012\IGr\practica4\Debug\link.4488-rc.read.1.tlog
D:\Xavi\Workspaces\Visual Studio 2012\IGr\practica4\Debug\link.4488-rc.write.1.tlog
D:\Xavi\Workspaces\Visual Studio 2012\IGr\practica4\Debug\link.4488.read.1.tlog
D:\Xavi\Workspaces\Visual Studio 2012\IGr\practica4\Debug\link.4488.write.1.tlog
D:\Xavi\Workspaces\Visual Studio 2012\IGr\practica4\Debug\link.4496-cvtres.read.1.tlog
D:\Xavi\Workspaces\Visual Studio 2012\IGr\practica4\Debug\link.4496-cvtres.write.1.tlog
D:\Xavi\Workspaces\Visual Studio 2012\IGr\practica4\Debug\link.4496-rc.read.1.tlog
D:\Xavi\Workspaces\Visual Studio 2012\IGr\practica4\Debug\link.4496-rc.write.1.tlog
D:\Xavi\Workspaces\Visual Studio 2012\IGr\practica4\Debug\link.4496.read.1.tlog
D:\Xavi\Workspaces\Visual Studio 2012\IGr\practica4\Debug\link.4496.write.1.tlog
D:\Xavi\Workspaces\Visual Studio 2012\IGr\practica4\Debug\link.4552-cvtres.read.1.tlog
D:\Xavi\Workspaces\Visual Studio 2012\IGr\practica4\Debug\link.4552-cvtres.write.1.tlog
D:\Xavi\Workspaces\Visual Studio 2012\IGr\practica4\Debug\link.4552-rc.read.1.tlog
D:\Xavi\Workspaces\Visual Studio 2012\IGr\practica4\Debug\link.4552-rc.write.1.tlog
D:\Xavi\Workspaces\Visual Studio 2012\IGr\practica4\Debug\link.4552.read.1.tlog
D:\Xavi\Workspaces\Visual Studio 2012\IGr\practica4\Debug\link.4552.write.1.tlog
D:\Xavi\Workspaces\Visual Studio 2012\IGr\practica4\Debug\link.4668-cvtres.read.1.tlog
D:\Xavi\Workspaces\Visual Studio 2012\IGr\practica4\Debug\link.4668-cvtres.write.1.tlog
D:\Xavi\Workspaces\Visual Studio 2012\IGr\practica4\Debug\link.4668-rc.read.1.tlog
D:\Xavi\Workspaces\Visual Studio 2012\IGr\practica4\Debug\link.4668-rc.write.1.tlog
D:\Xavi\Workspaces\Visual Studio 2012\IGr\practica4\Debug\link.4668.read.1.tlog
D:\Xavi\Workspaces\Visual Studio 2012\IGr\practica4\Debug\link.4668.write.1.tlog
D:\Xavi\Workspaces\Visual Studio 2012\IGr\practica4\Debug\link.484-cvtres.read.1.tlog
D:\Xavi\Workspaces\Visual Studio 2012\IGr\practica4\Debug\link.484-cvtres.write.1.tlog
D:\Xavi\Workspaces\Visual Studio 2012\IGr\practica4\Debug\link.484-rc.read.1.tlog
D:\Xavi\Workspaces\Visual Studio 2012\IGr\practica4\Debug\link.484-rc.write.1.tlog
D:\Xavi\Workspaces\Visual Studio 2012\IGr\practica4\Debug\link.484.read.1.tlog
D:\Xavi\Workspaces\Visual Studio 2012\IGr\practica4\Debug\link.484.write.1.tlog
D:\Xavi\Workspaces\Visual Studio 2012\IGr\practica4\Debug\link.4908-cvtres.read.1.tlog
D:\Xavi\Workspaces\Visual Studio 2012\IGr\practica4\Debug\link.4908-cvtres.write.1.tlog
D:\Xavi\Workspaces\Visual Studio 2012\IGr\practica4\Debug\link.4908-rc.read.1.tlog
D:\Xavi\Workspaces\Visual Studio 2012\IGr\practica4\Debug\link.4908-rc.write.1.tlog
D:\Xavi\Workspaces\Visual Studio 2012\IGr\practica4\Debug\link.4908.read.1.tlog
D:\Xavi\Workspaces\Visual Studio 2012\IGr\practica4\Debug\link.4908.write.1.tlog
D:\Xavi\Workspaces\Visual Studio 2012\IGr\practica4\Debug\link.4960-cvtres.read.1.tlog
D:\Xavi\Workspaces\Visual Studio 2012\IGr\practica4\Debug\link.4960-cvtres.write.1.tlog
D:\Xavi\Workspaces\Visual Studio 2012\IGr\practica4\Debug\link.4960-rc.read.1.tlog
D:\Xavi\Workspaces\Visual Studio 2012\IGr\practica4\Debug\link.4960-rc.write.1.tlog
D:\Xavi\Workspaces\Visual Studio 2012\IGr\practica4\Debug\link.4960.read.1.tlog
D:\Xavi\Workspaces\Visual Studio 2012\IGr\practica4\Debug\link.4960.write.1.tlog
D:\Xavi\Workspaces\Visual Studio 2012\IGr\practica4\Debug\link.5100-cvtres.read.1.tlog
D:\Xavi\Workspaces\Visual Studio 2012\IGr\practica4\Debug\link.5100-cvtres.write.1.tlog
D:\Xavi\Workspaces\Visual Studio 2012\IGr\practica4\Debug\link.5100-rc.read.1.tlog
D:\Xavi\Workspaces\Visual Studio 2012\IGr\practica4\Debug\link.5100-rc.write.1.tlog
D:\Xavi\Workspaces\Visual Studio 2012\IGr\practica4\Debug\link.5100.read.1.tlog
D:\Xavi\Workspaces\Visual Studio 2012\IGr\practica4\Debug\link.5100.write.1.tlog
D:\Xavi\Workspaces\Visual Studio 2012\IGr\practica4\Debug\link.5148-cvtres.read.1.tlog
D:\Xavi\Workspaces\Visual Studio 2012\IGr\practica4\Debug\link.5148-cvtres.write.1.tlog
D:\Xavi\Workspaces\Visual Studio 2012\IGr\practica4\Debug\link.5148-rc.read.1.tlog
D:\Xavi\Workspaces\Visual Studio 2012\IGr\practica4\Debug\link.5148-rc.write.1.tlog
D:\Xavi\Workspaces\Visual Studio 2012\IGr\practica4\Debug\link.5148.read.1.tlog
D:\Xavi\Workspaces\Visual Studio 2012\IGr\practica4\Debug\link.5148.write.1.tlog
D:\Xavi\Workspaces\Visual Studio 2012\IGr\practica4\Debug\link.5224-cvtres.read.1.tlog
D:\Xavi\Workspaces\Visual Studio 2012\IGr\practica4\Debug\link.5224-cvtres.write.1.tlog
D:\Xavi\Workspaces\Visual Studio 2012\IGr\practica4\Debug\link.5224-rc.read.1.tlog
D:\Xavi\Workspaces\Visual Studio 2012\IGr\practica4\Debug\link.5224-rc.write.1.tlog
D:\Xavi\Workspaces\Visual Studio 2012\IGr\practica4\Debug\link.5224.read.1.tlog
D:\Xavi\Workspaces\Visual Studio 2012\IGr\practica4\Debug\link.5224.write.1.tlog
D:\Xavi\Workspaces\Visual Studio 2012\IGr\practica4\Debug\link.5232-cvtres.read.1.tlog
D:\Xavi\Workspaces\Visual Studio 2012\IGr\practica4\Debug\link.5232-cvtres.write.1.tlog
D:\Xavi\Workspaces\Visual Studio 2012\IGr\practica4\Debug\link.5232-rc.read.1.tlog
D:\Xavi\Workspaces\Visual Studio 2012\IGr\practica4\Debug\link.5232-rc.write.1.tlog
D:\Xavi\Workspaces\Visual Studio 2012\IGr\practica4\Debug\link.5232.read.1.tlog
D:\Xavi\Workspaces\Visual Studio 2012\IGr\practica4\Debug\link.5232.write.1.tlog
D:\Xavi\Workspaces\Visual Studio 2012\IGr\practica4\Debug\link.5252-cvtres.read.1.tlog
D:\Xavi\Workspaces\Visual Studio 2012\IGr\practica4\Debug\link.5252-cvtres.write.1.tlog
D:\Xavi\Workspaces\Visual Studio 2012\IGr\practica4\Debug\link.5252-rc.read.1.tlog
D:\Xavi\Workspaces\Visual Studio 2012\IGr\practica4\Debug\link.5252-rc.write.1.tlog
D:\Xavi\Workspaces\Visual Studio 2012\IGr\practica4\Debug\link.5252.read.1.tlog
D:\Xavi\Workspaces\Visual Studio 2012\IGr\practica4\Debug\link.5252.write.1.tlog
D:\Xavi\Workspaces\Visual Studio 2012\IGr\practica4\Debug\link.5440-cvtres.read.1.tlog
D:\Xavi\Workspaces\Visual Studio 2012\IGr\practica4\Debug\link.5440-cvtres.write.1.tlog
D:\Xavi\Workspaces\Visual Studio 2012\IGr\practica4\Debug\link.5440-rc.read.1.tlog
D:\Xavi\Workspaces\Visual Studio 2012\IGr\practica4\Debug\link.5440-rc.write.1.tlog
D:\Xavi\Workspaces\Visual Studio 2012\IGr\practica4\Debug\link.5440.read.1.tlog
D:\Xavi\Workspaces\Visual Studio 2012\IGr\practica4\Debug\link.5440.write.1.tlog
D:\Xavi\Workspaces\Visual Studio 2012\IGr\practica4\Debug\link.5488-cvtres.read.1.tlog
D:\Xavi\Workspaces\Visual Studio 2012\IGr\practica4\Debug\link.5488-cvtres.write.1.tlog
D:\Xavi\Workspaces\Visual Studio 2012\IGr\practica4\Debug\link.5488-rc.read.1.tlog
D:\Xavi\Workspaces\Visual Studio 2012\IGr\practica4\Debug\link.5488-rc.write.1.tlog
D:\Xavi\Workspaces\Visual Studio 2012\IGr\practica4\Debug\link.5488.read.1.tlog
D:\Xavi\Workspaces\Visual Studio 2012\IGr\practica4\Debug\link.5488.write.1.tlog
D:\Xavi\Workspaces\Visual Studio 2012\IGr\practica4\Debug\link.5596-cvtres.read.1.tlog
D:\Xavi\Workspaces\Visual Studio 2012\IGr\practica4\Debug\link.5596-cvtres.write.1.tlog
D:\Xavi\Workspaces\Visual Studio 2012\IGr\practica4\Debug\link.5596-rc.read.1.tlog
D:\Xavi\Workspaces\Visual Studio 2012\IGr\practica4\Debug\link.5596-rc.write.1.tlog
D:\Xavi\Workspaces\Visual Studio 2012\IGr\practica4\Debug\link.5596.read.1.tlog
D:\Xavi\Workspaces\Visual Studio 2012\IGr\practica4\Debug\link.5596.write.1.tlog
D:\Xavi\Workspaces\Visual Studio 2012\IGr\practica4\Debug\link.5616-cvtres.read.1.tlog
D:\Xavi\Workspaces\Visual Studio 2012\IGr\practica4\Debug\link.5616-cvtres.write.1.tlog
D:\Xavi\Workspaces\Visual Studio 2012\IGr\practica4\Debug\link.5616-rc.read.1.tlog
D:\Xavi\Workspaces\Visual Studio 2012\IGr\practica4\Debug\link.5616-rc.write.1.tlog
D:\Xavi\Workspaces\Visual Studio 2012\IGr\practica4\Debug\link.5616.read.1.tlog
D:\Xavi\Workspaces\Visual Studio 2012\IGr\practica4\Debug\link.5616.write.1.tlog
D:\Xavi\Workspaces\Visual Studio 2012\IGr\practica4\Debug\link.5628-cvtres.read.1.tlog
D:\Xavi\Workspaces\Visual Studio 2012\IGr\practica4\Debug\link.5628-cvtres.write.1.tlog
D:\Xavi\Workspaces\Visual Studio 2012\IGr\practica4\Debug\link.5628-rc.read.1.tlog
D:\Xavi\Workspaces\Visual Studio 2012\IGr\practica4\Debug\link.5628-rc.write.1.tlog
D:\Xavi\Workspaces\Visual Studio 2012\IGr\practica4\Debug\link.5628.read.1.tlog
D:\Xavi\Workspaces\Visual Studio 2012\IGr\practica4\Debug\link.5628.write.1.tlog
D:\Xavi\Workspaces\Visual Studio 2012\IGr\practica4\Debug\link.5828-cvtres.read.1.tlog
D:\Xavi\Workspaces\Visual Studio 2012\IGr\practica4\Debug\link.5828-cvtres.write.1.tlog
D:\Xavi\Workspaces\Visual Studio 2012\IGr\practica4\Debug\link.5828-rc.read.1.tlog
D:\Xavi\Workspaces\Visual Studio 2012\IGr\practica4\Debug\link.5828-rc.write.1.tlog
D:\Xavi\Workspaces\Visual Studio 2012\IGr\practica4\Debug\link.5828.read.1.tlog
D:\Xavi\Workspaces\Visual Studio 2012\IGr\practica4\Debug\link.5828.write.1.tlog
D:\Xavi\Workspaces\Visual Studio 2012\IGr\practica4\Debug\link.5900-cvtres.read.1.tlog
D:\Xavi\Workspaces\Visual Studio 2012\IGr\practica4\Debug\link.5900-cvtres.write.1.tlog
D:\Xavi\Workspaces\Visual Studio 2012\IGr\practica4\Debug\link.5900-rc.read.1.tlog
D:\Xavi\Workspaces\Visual Studio 2012\IGr\practica4\Debug\link.5900-rc.write.1.tlog
D:\Xavi\Workspaces\Visual Studio 2012\IGr\practica4\Debug\link.5900.read.1.tlog
D:\Xavi\Workspaces\Visual Studio 2012\IGr\practica4\Debug\link.5900.write.1.tlog
D:\Xavi\Workspaces\Visual Studio 2012\IGr\practica4\Debug\link.5908-cvtres.read.1.tlog
D:\Xavi\Workspaces\Visual Studio 2012\IGr\practica4\Debug\link.5908-cvtres.write.1.tlog
D:\Xavi\Workspaces\Visual Studio 2012\IGr\practica4\Debug\link.5908-rc.read.1.tlog
D:\Xavi\Workspaces\Visual Studio 2012\IGr\practica4\Debug\link.5908-rc.write.1.tlog
D:\Xavi\Workspaces\Visual Studio 2012\IGr\practica4\Debug\link.5908.read.1.tlog
D:\Xavi\Workspaces\Visual Studio 2012\IGr\practica4\Debug\link.5908.write.1.tlog
D:\Xavi\Workspaces\Visual Studio 2012\IGr\practica4\Debug\link.6000-cvtres.read.1.tlog
D:\Xavi\Workspaces\Visual Studio 2012\IGr\practica4\Debug\link.6000-cvtres.write.1.tlog
D:\Xavi\Workspaces\Visual Studio 2012\IGr\practica4\Debug\link.6000-rc.read.1.tlog
D:\Xavi\Workspaces\Visual Studio 2012\IGr\practica4\Debug\link.6000-rc.write.1.tlog
D:\Xavi\Workspaces\Visual Studio 2012\IGr\practica4\Debug\link.6000.read.1.tlog
D:\Xavi\Workspaces\Visual Studio 2012\IGr\practica4\Debug\link.6000.write.1.tlog
D:\Xavi\Workspaces\Visual Studio 2012\IGr\practica4\Debug\link.6124-cvtres.read.1.tlog
D:\Xavi\Workspaces\Visual Studio 2012\IGr\practica4\Debug\link.6124-cvtres.write.1.tlog
D:\Xavi\Workspaces\Visual Studio 2012\IGr\practica4\Debug\link.6124-rc.read.1.tlog
D:\Xavi\Workspaces\Visual Studio 2012\IGr\practica4\Debug\link.6124-rc.write.1.tlog
D:\Xavi\Workspaces\Visual Studio 2012\IGr\practica4\Debug\link.6124.read.1.tlog
D:\Xavi\Workspaces\Visual Studio 2012\IGr\practica4\Debug\link.6124.write.1.tlog
D:\Xavi\Workspaces\Visual Studio 2012\IGr\practica4\Debug\link.6160-cvtres.read.1.tlog
D:\Xavi\Workspaces\Visual Studio 2012\IGr\practica4\Debug\link.6160-cvtres.write.1.tlog
D:\Xavi\Workspaces\Visual Studio 2012\IGr\practica4\Debug\link.6160-rc.read.1.tlog
D:\Xavi\Workspaces\Visual Studio 2012\IGr\practica4\Debug\link.6160-rc.write.1.tlog
D:\Xavi\Workspaces\Visual Studio 2012\IGr\practica4\Debug\link.6160.read.1.tlog
D:\Xavi\Workspaces\Visual Studio 2012\IGr\practica4\Debug\link.6160.write.1.tlog
D:\Xavi\Workspaces\Visual Studio 2012\IGr\practica4\Debug\link.6172-cvtres.read.1.tlog
D:\Xavi\Workspaces\Visual Studio 2012\IGr\practica4\Debug\link.6172-cvtres.write.1.tlog
D:\Xavi\Workspaces\Visual Studio 2012\IGr\practica4\Debug\link.6172-rc.read.1.tlog
D:\Xavi\Workspaces\Visual Studio 2012\IGr\practica4\Debug\link.6172-rc.write.1.tlog
D:\Xavi\Workspaces\Visual Studio 2012\IGr\practica4\Debug\link.6172.read.1.tlog
D:\Xavi\Workspaces\Visual Studio 2012\IGr\practica4\Debug\link.6172.write.1.tlog
D:\Xavi\Workspaces\Visual Studio 2012\IGr\practica4\Debug\link.6176-cvtres.read.1.tlog
D:\Xavi\Workspaces\Visual Studio 2012\IGr\practica4\Debug\link.6176-cvtres.write.1.tlog
D:\Xavi\Workspaces\Visual Studio 2012\IGr\practica4\Debug\link.6176-rc.read.1.tlog
D:\Xavi\Workspaces\Visual Studio 2012\IGr\practica4\Debug\link.6176-rc.write.1.tlog
D:\Xavi\Workspaces\Visual Studio 2012\IGr\practica4\Debug\link.6176.read.1.tlog
D:\Xavi\Workspaces\Visual Studio 2012\IGr\practica4\Debug\link.6176.write.1.tlog
D:\Xavi\Workspaces\Visual Studio 2012\IGr\practica4\Debug\link.6208-cvtres.read.1.tlog
D:\Xavi\Workspaces\Visual Studio 2012\IGr\practica4\Debug\link.6208-cvtres.write.1.tlog
D:\Xavi\Workspaces\Visual Studio 2012\IGr\practica4\Debug\link.6208-rc.read.1.tlog
D:\Xavi\Workspaces\Visual Studio 2012\IGr\practica4\Debug\link.6208-rc.write.1.tlog
D:\Xavi\Workspaces\Visual Studio 2012\IGr\practica4\Debug\link.6208.read.1.tlog
D:\Xavi\Workspaces\Visual Studio 2012\IGr\practica4\Debug\link.6208.write.1.tlog
D:\Xavi\Workspaces\Visual Studio 2012\IGr\practica4\Debug\link.6240-cvtres.read.1.tlog
D:\Xavi\Workspaces\Visual Studio 2012\IGr\practica4\Debug\link.6240-cvtres.write.1.tlog
D:\Xavi\Workspaces\Visual Studio 2012\IGr\practica4\Debug\link.6240-rc.read.1.tlog
D:\Xavi\Workspaces\Visual Studio 2012\IGr\practica4\Debug\link.6240-rc.write.1.tlog
D:\Xavi\Workspaces\Visual Studio 2012\IGr\practica4\Debug\link.6240.read.1.tlog
D:\Xavi\Workspaces\Visual Studio 2012\IGr\practica4\Debug\link.6240.write.1.tlog
D:\Xavi\Workspaces\Visual Studio 2012\IGr\practica4\Debug\link.6308-cvtres.read.1.tlog
D:\Xavi\Workspaces\Visual Studio 2012\IGr\practica4\Debug\link.6308-cvtres.write.1.tlog
D:\Xavi\Workspaces\Visual Studio 2012\IGr\practica4\Debug\link.6308-rc.read.1.tlog
D:\Xavi\Workspaces\Visual Studio 2012\IGr\practica4\Debug\link.6308-rc.write.1.tlog
D:\Xavi\Workspaces\Visual Studio 2012\IGr\practica4\Debug\link.6308.read.1.tlog
D:\Xavi\Workspaces\Visual Studio 2012\IGr\practica4\Debug\link.6308.write.1.tlog
D:\Xavi\Workspaces\Visual Studio 2012\IGr\practica4\Debug\link.6452-cvtres.read.1.tlog
D:\Xavi\Workspaces\Visual Studio 2012\IGr\practica4\Debug\link.6452-cvtres.write.1.tlog
D:\Xavi\Workspaces\Visual Studio 2012\IGr\practica4\Debug\link.6452-rc.read.1.tlog
D:\Xavi\Workspaces\Visual Studio 2012\IGr\practica4\Debug\link.6452-rc.write.1.tlog
D:\Xavi\Workspaces\Visual Studio 2012\IGr\practica4\Debug\link.6452.read.1.tlog
D:\Xavi\Workspaces\Visual Studio 2012\IGr\practica4\Debug\link.6452.write.1.tlog
D:\Xavi\Workspaces\Visual Studio 2012\IGr\practica4\Debug\link.6460-cvtres.read.1.tlog
D:\Xavi\Workspaces\Visual Studio 2012\IGr\practica4\Debug\link.6460-cvtres.write.1.tlog
D:\Xavi\Workspaces\Visual Studio 2012\IGr\practica4\Debug\link.6460-rc.read.1.tlog
D:\Xavi\Workspaces\Visual Studio 2012\IGr\practica4\Debug\link.6460-rc.write.1.tlog
D:\Xavi\Workspaces\Visual Studio 2012\IGr\practica4\Debug\link.6460.read.1.tlog
D:\Xavi\Workspaces\Visual Studio 2012\IGr\practica4\Debug\link.6460.write.1.tlog
D:\Xavi\Workspaces\Visual Studio 2012\IGr\practica4\Debug\link.6516-cvtres.read.1.tlog
D:\Xavi\Workspaces\Visual Studio 2012\IGr\practica4\Debug\link.6516-cvtres.write.1.tlog
D:\Xavi\Workspaces\Visual Studio 2012\IGr\practica4\Debug\link.6516-rc.read.1.tlog
D:\Xavi\Workspaces\Visual Studio 2012\IGr\practica4\Debug\link.6516-rc.write.1.tlog
D:\Xavi\Workspaces\Visual Studio 2012\IGr\practica4\Debug\link.6516.read.1.tlog
D:\Xavi\Workspaces\Visual Studio 2012\IGr\practica4\Debug\link.6516.write.1.tlog
D:\Xavi\Workspaces\Visual Studio 2012\IGr\practica4\Debug\link.6528-cvtres.read.1.tlog
D:\Xavi\Workspaces\Visual Studio 2012\IGr\practica4\Debug\link.6528-cvtres.write.1.tlog
D:\Xavi\Workspaces\Visual Studio 2012\IGr\practica4\Debug\link.6528-rc.read.1.tlog
D:\Xavi\Workspaces\Visual Studio 2012\IGr\practica4\Debug\link.6528-rc.write.1.tlog
D:\Xavi\Workspaces\Visual Studio 2012\IGr\practica4\Debug\link.6528.read.1.tlog
D:\Xavi\Workspaces\Visual Studio 2012\IGr\practica4\Debug\link.6528.write.1.tlog
D:\Xavi\Workspaces\Visual Studio 2012\IGr\practica4\Debug\link.6588-cvtres.read.1.tlog
D:\Xavi\Workspaces\Visual Studio 2012\IGr\practica4\Debug\link.6588-cvtres.write.1.tlog
D:\Xavi\Workspaces\Visual Studio 2012\IGr\practica4\Debug\link.6588-rc.read.1.tlog
D:\Xavi\Workspaces\Visual Studio 2012\IGr\practica4\Debug\link.6588-rc.write.1.tlog
D:\Xavi\Workspaces\Visual Studio 2012\IGr\practica4\Debug\link.6588.read.1.tlog
D:\Xavi\Workspaces\Visual Studio 2012\IGr\practica4\Debug\link.6588.write.1.tlog
D:\Xavi\Workspaces\Visual Studio 2012\IGr\practica4\Debug\link.6628-cvtres.read.1.tlog
D:\Xavi\Workspaces\Visual Studio 2012\IGr\practica4\Debug\link.6628-cvtres.write.1.tlog
D:\Xavi\Workspaces\Visual Studio 2012\IGr\practica4\Debug\link.6628-rc.read.1.tlog
D:\Xavi\Workspaces\Visual Studio 2012\IGr\practica4\Debug\link.6628-rc.write.1.tlog
D:\Xavi\Workspaces\Visual Studio 2012\IGr\practica4\Debug\link.6628.read.1.tlog
D:\Xavi\Workspaces\Visual Studio 2012\IGr\practica4\Debug\link.6628.write.1.tlog
D:\Xavi\Workspaces\Visual Studio 2012\IGr\practica4\Debug\link.6872-cvtres.read.1.tlog
D:\Xavi\Workspaces\Visual Studio 2012\IGr\practica4\Debug\link.6872-cvtres.write.1.tlog
D:\Xavi\Workspaces\Visual Studio 2012\IGr\practica4\Debug\link.6872-rc.read.1.tlog
D:\Xavi\Workspaces\Visual Studio 2012\IGr\practica4\Debug\link.6872-rc.write.1.tlog
D:\Xavi\Workspaces\Visual Studio 2012\IGr\practica4\Debug\link.6872.read.1.tlog
D:\Xavi\Workspaces\Visual Studio 2012\IGr\practica4\Debug\link.6872.write.1.tlog
D:\Xavi\Workspaces\Visual Studio 2012\IGr\practica4\Debug\link.6988-cvtres.read.1.tlog
D:\Xavi\Workspaces\Visual Studio 2012\IGr\practica4\Debug\link.6988-cvtres.write.1.tlog
D:\Xavi\Workspaces\Visual Studio 2012\IGr\practica4\Debug\link.6988-rc.read.1.tlog
D:\Xavi\Workspaces\Visual Studio 2012\IGr\practica4\Debug\link.6988-rc.write.1.tlog
D:\Xavi\Workspaces\Visual Studio 2012\IGr\practica4\Debug\link.6988.read.1.tlog
D:\Xavi\Workspaces\Visual Studio 2012\IGr\practica4\Debug\link.6988.write.1.tlog
D:\Xavi\Workspaces\Visual Studio 2012\IGr\practica4\Debug\link.6996-cvtres.read.1.tlog
D:\Xavi\Workspaces\Visual Studio 2012\IGr\practica4\Debug\link.6996-cvtres.write.1.tlog
D:\Xavi\Workspaces\Visual Studio 2012\IGr\practica4\Debug\link.6996-rc.read.1.tlog
D:\Xavi\Workspaces\Visual Studio 2012\IGr\practica4\Debug\link.6996-rc.write.1.tlog
D:\Xavi\Workspaces\Visual Studio 2012\IGr\practica4\Debug\link.6996.read.1.tlog
D:\Xavi\Workspaces\Visual Studio 2012\IGr\practica4\Debug\link.6996.write.1.tlog
D:\Xavi\Workspaces\Visual Studio 2012\IGr\practica4\Debug\link.7016-cvtres.read.1.tlog
D:\Xavi\Workspaces\Visual Studio 2012\IGr\practica4\Debug\link.7016-cvtres.write.1.tlog
D:\Xavi\Workspaces\Visual Studio 2012\IGr\practica4\Debug\link.7016-rc.read.1.tlog
D:\Xavi\Workspaces\Visual Studio 2012\IGr\practica4\Debug\link.7016-rc.write.1.tlog
D:\Xavi\Workspaces\Visual Studio 2012\IGr\practica4\Debug\link.7016.read.1.tlog
D:\Xavi\Workspaces\Visual Studio 2012\IGr\practica4\Debug\link.7016.write.1.tlog
D:\Xavi\Workspaces\Visual Studio 2012\IGr\practica4\Debug\link.7120-cvtres.read.1.tlog
D:\Xavi\Workspaces\Visual Studio 2012\IGr\practica4\Debug\link.7120-cvtres.write.1.tlog
D:\Xavi\Workspaces\Visual Studio 2012\IGr\practica4\Debug\link.7120-rc.read.1.tlog
D:\Xavi\Workspaces\Visual Studio 2012\IGr\practica4\Debug\link.7120-rc.write.1.tlog
D:\Xavi\Workspaces\Visual Studio 2012\IGr\practica4\Debug\link.7120.read.1.tlog
D:\Xavi\Workspaces\Visual Studio 2012\IGr\practica4\Debug\link.7120.write.1.tlog
D:\Xavi\Workspaces\Visual Studio 2012\IGr\practica4\Debug\link.724-cvtres.read.1.tlog
D:\Xavi\Workspaces\Visual Studio 2012\IGr\practica4\Debug\link.724-cvtres.write.1.tlog
D:\Xavi\Workspaces\Visual Studio 2012\IGr\practica4\Debug\link.724-rc.read.1.tlog
D:\Xavi\Workspaces\Visual Studio 2012\IGr\practica4\Debug\link.724-rc.write.1.tlog
D:\Xavi\Workspaces\Visual Studio 2012\IGr\practica4\Debug\link.724.read.1.tlog
D:\Xavi\Workspaces\Visual Studio 2012\IGr\practica4\Debug\link.724.write.1.tlog
D:\Xavi\Workspaces\Visual Studio 2012\IGr\practica4\Debug\link.736-cvtres.read.1.tlog
D:\Xavi\Workspaces\Visual Studio 2012\IGr\practica4\Debug\link.736-cvtres.write.1.tlog
D:\Xavi\Workspaces\Visual Studio 2012\IGr\practica4\Debug\link.736-rc.read.1.tlog
D:\Xavi\Workspaces\Visual Studio 2012\IGr\practica4\Debug\link.736-rc.write.1.tlog
D:\Xavi\Workspaces\Visual Studio 2012\IGr\practica4\Debug\link.736.read.1.tlog
D:\Xavi\Workspaces\Visual Studio 2012\IGr\practica4\Debug\link.736.write.1.tlog
D:\Xavi\Workspaces\Visual Studio 2012\IGr\practica4\Debug\link.744-cvtres.read.1.tlog
D:\Xavi\Workspaces\Visual Studio 2012\IGr\practica4\Debug\link.744-cvtres.write.1.tlog
D:\Xavi\Workspaces\Visual Studio 2012\IGr\practica4\Debug\link.744-rc.read.1.tlog
D:\Xavi\Workspaces\Visual Studio 2012\IGr\practica4\Debug\link.744-rc.write.1.tlog
D:\Xavi\Workspaces\Visual Studio 2012\IGr\practica4\Debug\link.744.read.1.tlog
D:\Xavi\Workspaces\Visual Studio 2012\IGr\practica4\Debug\link.744.write.1.tlog
D:\Xavi\Workspaces\Visual Studio 2012\IGr\practica4\Debug\link.980-cvtres.read.1.tlog
D:\Xavi\Workspaces\Visual Studio 2012\IGr\practica4\Debug\link.980-cvtres.write.1.tlog
D:\Xavi\Workspaces\Visual Studio 2012\IGr\practica4\Debug\link.980-rc.read.1.tlog
D:\Xavi\Workspaces\Visual Studio 2012\IGr\practica4\Debug\link.980-rc.write.1.tlog
D:\Xavi\Workspaces\Visual Studio 2012\IGr\practica4\Debug\link.980.read.1.tlog
D:\Xavi\Workspaces\Visual Studio 2012\IGr\practica4\Debug\link.980.write.1.tlog
D:\Xavi\Workspaces\Visual Studio 2012\IGr\practica4\Debug\link.command.1.tlog
D:\Xavi\Workspaces\Visual Studio 2012\IGr\practica4\Debug\link.read.1.tlog
D:\Xavi\Workspaces\Visual Studio 2012\IGr\practica4\Debug\link.write.1.tlog
D:\Xavi\Workspaces\Visual Studio 2012\IGr\practica4\Debug\metagen.read.1.tlog
D:\Xavi\Workspaces\Visual Studio 2012\IGr\practica4\Debug\metagen.write.1.tlog
D:\Xavi\Workspaces\Visual Studio 2012\IGr\practica4\Debug\practica4.write.1.tlog
D:\Xavi\Workspaces\Visual Studio 2012\IGr\practica4\Debug\practica4.pdb
D:\Xavi\Workspaces\Visual Studio 2012\IGr\practica4\Debug\vc110.pdb
D:\Xavi\Workspaces\Visual Studio 2012\IGr\practica4\Debug\practica4.exe.metagen
D:\Xavi\Workspaces\Visual Studio 2012\IGr\practica4\Debug\TZRES.DLL.bi
D:\Xavi\Workspaces\Visual Studio 2012\IGr\practica4\Debug\practica4.exe
