D:\XAVI\WORKSPACES\VISUAL STUDIO 2012\IGR\PRACTICA1\FREEGLUT PROJECT 2D\RELEASE\TURTLE.OBJ
D:\XAVI\WORKSPACES\VISUAL STUDIO 2012\IGR\PRACTICA1\FREEGLUT PROJECT 2D\RELEASE\TREE.OBJ
D:\XAVI\WORKSPACES\VISUAL STUDIO 2012\IGR\PRACTICA1\FREEGLUT PROJECT 2D\RELEASE\SQUARE.OBJ
D:\XAVI\WORKSPACES\VISUAL STUDIO 2012\IGR\PRACTICA1\FREEGLUT PROJECT 2D\RELEASE\SCENE.OBJ
D:\XAVI\WORKSPACES\VISUAL STUDIO 2012\IGR\PRACTICA1\FREEGLUT PROJECT 2D\RELEASE\PV2D.OBJ
D:\XAVI\WORKSPACES\VISUAL STUDIO 2012\IGR\PRACTICA1\FREEGLUT PROJECT 2D\RELEASE\MAIN.OBJ
D:\XAVI\WORKSPACES\VISUAL STUDIO 2012\IGR\PRACTICA1\FREEGLUT PROJECT 2D\RELEASE\COLOR.OBJ
D:\XAVI\WORKSPACES\VISUAL STUDIO 2012\IGR\PRACTICA1\FREEGLUT PROJECT 2D\RELEASE\VC110.PDB
D:\XAVI\WORKSPACES\VISUAL STUDIO 2012\IGR\PRACTICA1\RELEASE\PRACTICA1.EXE
D:\XAVI\WORKSPACES\VISUAL STUDIO 2012\IGR\PRACTICA1\RELEASE\PRACTICA1.PDB
D:\Xavi\Workspaces\Visual Studio 2012\IGr\practica1\freeglut project 2D\Release\Color.obj
D:\Xavi\Workspaces\Visual Studio 2012\IGr\practica1\freeglut project 2D\Release\main.obj
D:\Xavi\Workspaces\Visual Studio 2012\IGr\practica1\freeglut project 2D\Release\PV2D.obj
D:\Xavi\Workspaces\Visual Studio 2012\IGr\practica1\freeglut project 2D\Release\Scene.obj
D:\Xavi\Workspaces\Visual Studio 2012\IGr\practica1\freeglut project 2D\Release\Square.obj
D:\Xavi\Workspaces\Visual Studio 2012\IGr\practica1\freeglut project 2D\Release\Tree.obj
D:\Xavi\Workspaces\Visual Studio 2012\IGr\practica1\freeglut project 2D\Release\Turtle.obj
D:\Xavi\Workspaces\Visual Studio 2012\IGr\practica1\freeglut project 2D\Release\cl.command.1.tlog
D:\Xavi\Workspaces\Visual Studio 2012\IGr\practica1\freeglut project 2D\Release\CL.read.1.tlog
D:\Xavi\Workspaces\Visual Studio 2012\IGr\practica1\freeglut project 2D\Release\CL.write.1.tlog
D:\Xavi\Workspaces\Visual Studio 2012\IGr\practica1\freeglut project 2D\Release\link-cvtres.read.1.tlog
D:\Xavi\Workspaces\Visual Studio 2012\IGr\practica1\freeglut project 2D\Release\link-cvtres.write.1.tlog
D:\Xavi\Workspaces\Visual Studio 2012\IGr\practica1\freeglut project 2D\Release\link-rc.read.1.tlog
D:\Xavi\Workspaces\Visual Studio 2012\IGr\practica1\freeglut project 2D\Release\link-rc.write.1.tlog
D:\Xavi\Workspaces\Visual Studio 2012\IGr\practica1\freeglut project 2D\Release\link.command.1.tlog
D:\Xavi\Workspaces\Visual Studio 2012\IGr\practica1\freeglut project 2D\Release\link.read.1.tlog
D:\Xavi\Workspaces\Visual Studio 2012\IGr\practica1\freeglut project 2D\Release\link.write.1.tlog
D:\Xavi\Workspaces\Visual Studio 2012\IGr\practica1\freeglut project 2D\Release\vc110.pdb
D:\Xavi\Workspaces\Visual Studio 2012\IGr\practica1\Release\Practica1.pdb
D:\Xavi\Workspaces\Visual Studio 2012\IGr\practica1\Release\Practica1.exe
