D:\XAVI\WORKSPACES\VISUAL STUDIO 2012\IGR\PRACTICA2\RELEASE\WINCLIOPENGL.OBJ
D:\XAVI\WORKSPACES\VISUAL STUDIO 2012\IGR\PRACTICA2\RELEASE\WFORMGL.OBJ
D:\XAVI\WORKSPACES\VISUAL STUDIO 2012\IGR\PRACTICA2\RELEASE\TURTLE.OBJ
D:\XAVI\WORKSPACES\VISUAL STUDIO 2012\IGR\PRACTICA2\RELEASE\TRIANGLE.OBJ
D:\XAVI\WORKSPACES\VISUAL STUDIO 2012\IGR\PRACTICA2\RELEASE\SQUARE.OBJ
D:\XAVI\WORKSPACES\VISUAL STUDIO 2012\IGR\PRACTICA2\RELEASE\SCENE.OBJ
D:\XAVI\WORKSPACES\VISUAL STUDIO 2012\IGR\PRACTICA2\RELEASE\REGPOL.OBJ
D:\XAVI\WORKSPACES\VISUAL STUDIO 2012\IGR\PRACTICA2\RELEASE\PV2D.OBJ
D:\XAVI\WORKSPACES\VISUAL STUDIO 2012\IGR\PRACTICA2\RELEASE\CONVEXPOLYGON.OBJ
D:\XAVI\WORKSPACES\VISUAL STUDIO 2012\IGR\PRACTICA2\RELEASE\RGBCOLOR.OBJ
D:\XAVI\WORKSPACES\VISUAL STUDIO 2012\IGR\PRACTICA2\RELEASE\CIRCLE.OBJ
D:\XAVI\WORKSPACES\VISUAL STUDIO 2012\IGR\PRACTICA2\RELEASE\BALL.OBJ
D:\XAVI\WORKSPACES\VISUAL STUDIO 2012\IGR\PRACTICA2\RELEASE\VC110.PDB
D:\XAVI\WORKSPACES\VISUAL STUDIO 2012\IGR\PRACTICA2\RELEASE\.NETFRAMEWORK,VERSION=V4.5.ASSEMBLYATTRIBUTES.OBJ
D:\XAVI\WORKSPACES\VISUAL STUDIO 2012\IGR\PRACTICA2\RELEASE\PRACTICA2.EXE
D:\XAVI\WORKSPACES\VISUAL STUDIO 2012\IGR\PRACTICA2\RELEASE\PRACTICA2.PDB
D:\Xavi\Workspaces\Visual Studio 2012\IGr\practica2\Release\WinCLI1.WFormGL.resources
D:\Xavi\Workspaces\Visual Studio 2012\IGr\practica2\Release\WinCLI1.vcxproj.GenerateResource.Cache
D:\Xavi\Workspaces\Visual Studio 2012\IGr\practica2\Release\WinCLI1.vcxprojResolveAssemblyReference.cache
D:\Xavi\Workspaces\Visual Studio 2012\IGr\practica2\Release\.NETFramework,Version=v4.5.AssemblyAttributes.obj
D:\Xavi\Workspaces\Visual Studio 2012\IGr\practica2\Release\Ball.obj
D:\Xavi\Workspaces\Visual Studio 2012\IGr\practica2\Release\Circle.obj
D:\Xavi\Workspaces\Visual Studio 2012\IGr\practica2\Release\ConvexPolygon.obj
D:\Xavi\Workspaces\Visual Studio 2012\IGr\practica2\Release\PV2D.obj
D:\Xavi\Workspaces\Visual Studio 2012\IGr\practica2\Release\RegPol.obj
D:\Xavi\Workspaces\Visual Studio 2012\IGr\practica2\Release\RGBColor.obj
D:\Xavi\Workspaces\Visual Studio 2012\IGr\practica2\Release\Scene.obj
D:\Xavi\Workspaces\Visual Studio 2012\IGr\practica2\Release\Square.obj
D:\Xavi\Workspaces\Visual Studio 2012\IGr\practica2\Release\Triangle.obj
D:\Xavi\Workspaces\Visual Studio 2012\IGr\practica2\Release\Turtle.obj
D:\Xavi\Workspaces\Visual Studio 2012\IGr\practica2\Release\WFormGL.obj
D:\Xavi\Workspaces\Visual Studio 2012\IGr\practica2\Release\WinCliOpenGL.obj
D:\Xavi\Workspaces\Visual Studio 2012\IGr\practica2\Release\cl.command.1.tlog
D:\Xavi\Workspaces\Visual Studio 2012\IGr\practica2\Release\CL.read.1.tlog
D:\Xavi\Workspaces\Visual Studio 2012\IGr\practica2\Release\CL.write.1.tlog
D:\Xavi\Workspaces\Visual Studio 2012\IGr\practica2\Release\link-cvtres.read.1.tlog
D:\Xavi\Workspaces\Visual Studio 2012\IGr\practica2\Release\link-cvtres.write.1.tlog
D:\Xavi\Workspaces\Visual Studio 2012\IGr\practica2\Release\link-rc.read.1.tlog
D:\Xavi\Workspaces\Visual Studio 2012\IGr\practica2\Release\link-rc.write.1.tlog
D:\Xavi\Workspaces\Visual Studio 2012\IGr\practica2\Release\link.command.1.tlog
D:\Xavi\Workspaces\Visual Studio 2012\IGr\practica2\Release\link.read.1.tlog
D:\Xavi\Workspaces\Visual Studio 2012\IGr\practica2\Release\link.write.1.tlog
D:\Xavi\Workspaces\Visual Studio 2012\IGr\practica2\Release\metagen.read.1.tlog
D:\Xavi\Workspaces\Visual Studio 2012\IGr\practica2\Release\metagen.write.1.tlog
D:\Xavi\Workspaces\Visual Studio 2012\IGr\practica2\Release\practica2.write.1.tlog
D:\Xavi\Workspaces\Visual Studio 2012\IGr\practica2\Release\practica2.pdb
D:\Xavi\Workspaces\Visual Studio 2012\IGr\practica2\Release\vc110.pdb
D:\Xavi\Workspaces\Visual Studio 2012\IGr\practica2\Release\practica2.exe.metagen
D:\Xavi\Workspaces\Visual Studio 2012\IGr\practica2\Release\TZRES.DLL.bi
D:\Xavi\Workspaces\Visual Studio 2012\IGr\practica2\Release\practica2.exe
