C:\HLOCAL\IGR\PRACTICA7\FREEGLUT PROJECT 3D\DEBUG\PAIR_VERTEXNORMAL.OBJ
C:\HLOCAL\IGR\PRACTICA7\FREEGLUT PROJECT 3D\DEBUG\PARAMETRICCURVE.OBJ
C:\HLOCAL\IGR\PRACTICA7\FREEGLUT PROJECT 3D\DEBUG\POLYGON3D.OBJ
C:\HLOCAL\IGR\PRACTICA7\FREEGLUT PROJECT 3D\DEBUG\PV2D.OBJ
C:\HLOCAL\IGR\PRACTICA7\FREEGLUT PROJECT 3D\DEBUG\PV3D.OBJ
C:\HLOCAL\IGR\PRACTICA7\FREEGLUT PROJECT 3D\DEBUG\REGULARPOLYGON.OBJ
C:\HLOCAL\IGR\PRACTICA7\FREEGLUT PROJECT 3D\DEBUG\RGBCOLOR.OBJ
C:\HLOCAL\IGR\PRACTICA7\FREEGLUT PROJECT 3D\DEBUG\ROLLERCOASTER.OBJ
C:\HLOCAL\IGR\PRACTICA7\FREEGLUT PROJECT 3D\DEBUG\PARALLELEPIPED.OBJ
C:\HLOCAL\IGR\PRACTICA7\FREEGLUT PROJECT 3D\DEBUG\SETOFLIGHTS.OBJ
C:\HLOCAL\IGR\PRACTICA7\FREEGLUT PROJECT 3D\DEBUG\SPHERE.OBJ
C:\HLOCAL\IGR\PRACTICA7\FREEGLUT PROJECT 3D\DEBUG\SPOTLIGHT.OBJ
C:\HLOCAL\IGR\PRACTICA7\FREEGLUT PROJECT 3D\DEBUG\WHEEL.OBJ
C:\HLOCAL\IGR\PRACTICA7\FREEGLUT PROJECT 3D\DEBUG\MAIN.OBJ
C:\HLOCAL\IGR\PRACTICA7\FREEGLUT PROJECT 3D\DEBUG\SCENE.OBJ
C:\HLOCAL\IGR\PRACTICA7\FREEGLUT PROJECT 3D\DEBUG\PIXMAP.OBJ
C:\HLOCAL\IGR\PRACTICA7\FREEGLUT PROJECT 3D\DEBUG\PIXMAPRGB.OBJ
C:\HLOCAL\IGR\PRACTICA7\FREEGLUT PROJECT 3D\DEBUG\PIXMAPY.OBJ
C:\HLOCAL\IGR\PRACTICA7\FREEGLUT PROJECT 3D\DEBUG\TEXTURELOADER.OBJ
C:\HLOCAL\IGR\PRACTICA7\FREEGLUT PROJECT 3D\DEBUG\TEXTURESAVER.OBJ
C:\HLOCAL\IGR\PRACTICA7\FREEGLUT PROJECT 3D\DEBUG\BILLIARDSCENE.OBJ
C:\HLOCAL\IGR\PRACTICA7\FREEGLUT PROJECT 3D\DEBUG\AFFINET.OBJ
C:\HLOCAL\IGR\PRACTICA7\FREEGLUT PROJECT 3D\DEBUG\BALL.OBJ
C:\HLOCAL\IGR\PRACTICA7\FREEGLUT PROJECT 3D\DEBUG\BALLS.OBJ
C:\HLOCAL\IGR\PRACTICA7\FREEGLUT PROJECT 3D\DEBUG\BED.OBJ
C:\HLOCAL\IGR\PRACTICA7\FREEGLUT PROJECT 3D\DEBUG\BILLIARDTABLE.OBJ
C:\HLOCAL\IGR\PRACTICA7\FREEGLUT PROJECT 3D\DEBUG\CAMERA.OBJ
C:\HLOCAL\IGR\PRACTICA7\FREEGLUT PROJECT 3D\DEBUG\CAR.OBJ
C:\HLOCAL\IGR\PRACTICA7\FREEGLUT PROJECT 3D\DEBUG\CHALK.OBJ
C:\HLOCAL\IGR\PRACTICA7\FREEGLUT PROJECT 3D\DEBUG\COMPOSITEOBJECT.OBJ
C:\HLOCAL\IGR\PRACTICA7\FREEGLUT PROJECT 3D\DEBUG\CURVECIRC.OBJ
C:\HLOCAL\IGR\PRACTICA7\FREEGLUT PROJECT 3D\DEBUG\CURVEP5.OBJ
C:\HLOCAL\IGR\PRACTICA7\FREEGLUT PROJECT 3D\DEBUG\CYLINDER.OBJ
C:\HLOCAL\IGR\PRACTICA7\FREEGLUT PROJECT 3D\DEBUG\DISK.OBJ
C:\HLOCAL\IGR\PRACTICA7\FREEGLUT PROJECT 3D\DEBUG\FACE.OBJ
C:\HLOCAL\IGR\PRACTICA7\FREEGLUT PROJECT 3D\DEBUG\FOG.OBJ
C:\HLOCAL\IGR\PRACTICA7\FREEGLUT PROJECT 3D\DEBUG\LEG.OBJ
C:\HLOCAL\IGR\PRACTICA7\FREEGLUT PROJECT 3D\DEBUG\LIGHT.OBJ
C:\HLOCAL\IGR\PRACTICA7\FREEGLUT PROJECT 3D\DEBUG\MESH.OBJ
C:\HLOCAL\IGR\PRACTICA7\FREEGLUT PROJECT 3D\DEBUG\OBJECT3D.OBJ
C:\HLOCAL\IGR\PRACTICA7\FREEGLUT PROJECT 3D\DEBUG\VC110.PDB
C:\HLOCAL\IGR\PRACTICA7\DEBUG\PRACTICA7.ILK
C:\HLOCAL\IGR\PRACTICA7\DEBUG\PRACTICA7.EXE
C:\HLOCAL\IGR\PRACTICA7\DEBUG\PRACTICA7.PDB
C:\hlocal\igr\practica7\freeglut project 3D\Debug\AffineT.obj
C:\hlocal\igr\practica7\freeglut project 3D\Debug\Ball.obj
C:\hlocal\igr\practica7\freeglut project 3D\Debug\Balls.obj
C:\hlocal\igr\practica7\freeglut project 3D\Debug\Bed.obj
C:\hlocal\igr\practica7\freeglut project 3D\Debug\BilliardScene.obj
C:\hlocal\igr\practica7\freeglut project 3D\Debug\BilliardTable.obj
C:\hlocal\igr\practica7\freeglut project 3D\Debug\Camera.obj
C:\hlocal\igr\practica7\freeglut project 3D\Debug\Car.obj
C:\hlocal\igr\practica7\freeglut project 3D\Debug\Chalk.obj
C:\hlocal\igr\practica7\freeglut project 3D\Debug\CompositeObject.obj
C:\hlocal\igr\practica7\freeglut project 3D\Debug\CurveCirc.obj
C:\hlocal\igr\practica7\freeglut project 3D\Debug\CurveP5.obj
C:\hlocal\igr\practica7\freeglut project 3D\Debug\Cylinder.obj
C:\hlocal\igr\practica7\freeglut project 3D\Debug\Disk.obj
C:\hlocal\igr\practica7\freeglut project 3D\Debug\Face.obj
C:\hlocal\igr\practica7\freeglut project 3D\Debug\Fog.obj
C:\hlocal\igr\practica7\freeglut project 3D\Debug\Leg.obj
C:\hlocal\igr\practica7\freeglut project 3D\Debug\Light.obj
C:\hlocal\igr\practica7\freeglut project 3D\Debug\main.obj
C:\hlocal\igr\practica7\freeglut project 3D\Debug\Mesh.obj
C:\hlocal\igr\practica7\freeglut project 3D\Debug\Object3D.obj
C:\hlocal\igr\practica7\freeglut project 3D\Debug\Pair_VertexNormal.obj
C:\hlocal\igr\practica7\freeglut project 3D\Debug\Parallelepiped.obj
C:\hlocal\igr\practica7\freeglut project 3D\Debug\ParametricCurve.obj
C:\hlocal\igr\practica7\freeglut project 3D\Debug\Pixmap.obj
C:\hlocal\igr\practica7\freeglut project 3D\Debug\PixmapRGB.obj
C:\hlocal\igr\practica7\freeglut project 3D\Debug\PixmapY.obj
C:\hlocal\igr\practica7\freeglut project 3D\Debug\Polygon3D.obj
C:\hlocal\igr\practica7\freeglut project 3D\Debug\PV2D.obj
C:\hlocal\igr\practica7\freeglut project 3D\Debug\PV3D.obj
C:\hlocal\igr\practica7\freeglut project 3D\Debug\RegularPolygon.obj
C:\hlocal\igr\practica7\freeglut project 3D\Debug\RGBColor.obj
C:\hlocal\igr\practica7\freeglut project 3D\Debug\RollerCoaster.obj
C:\hlocal\igr\practica7\freeglut project 3D\Debug\Scene.obj
C:\hlocal\igr\practica7\freeglut project 3D\Debug\SetOfLights.obj
C:\hlocal\igr\practica7\freeglut project 3D\Debug\Sphere.obj
C:\hlocal\igr\practica7\freeglut project 3D\Debug\Spotlight.obj
C:\hlocal\igr\practica7\freeglut project 3D\Debug\TextureLoader.obj
C:\hlocal\igr\practica7\freeglut project 3D\Debug\TextureSaver.obj
C:\hlocal\igr\practica7\freeglut project 3D\Debug\Wheel.obj
C:\hlocal\igr\practica7\freeglut project 3D\Debug\cl.command.1.tlog
C:\hlocal\igr\practica7\freeglut project 3D\Debug\CL.read.1.tlog
C:\hlocal\igr\practica7\freeglut project 3D\Debug\CL.write.1.tlog
C:\hlocal\igr\practica7\freeglut project 3D\Debug\link-cvtres.read.1.tlog
C:\hlocal\igr\practica7\freeglut project 3D\Debug\link-cvtres.write.1.tlog
C:\hlocal\igr\practica7\freeglut project 3D\Debug\link-rc.read.1.tlog
C:\hlocal\igr\practica7\freeglut project 3D\Debug\link-rc.write.1.tlog
C:\hlocal\igr\practica7\freeglut project 3D\Debug\link.5684-cvtres.read.1.tlog
C:\hlocal\igr\practica7\freeglut project 3D\Debug\link.5684-cvtres.write.1.tlog
C:\hlocal\igr\practica7\freeglut project 3D\Debug\link.5684-rc.read.1.tlog
C:\hlocal\igr\practica7\freeglut project 3D\Debug\link.5684-rc.write.1.tlog
C:\hlocal\igr\practica7\freeglut project 3D\Debug\link.5684.read.1.tlog
C:\hlocal\igr\practica7\freeglut project 3D\Debug\link.5684.write.1.tlog
C:\hlocal\igr\practica7\freeglut project 3D\Debug\link.command.1.tlog
C:\hlocal\igr\practica7\freeglut project 3D\Debug\link.read.1.tlog
C:\hlocal\igr\practica7\freeglut project 3D\Debug\link.write.1.tlog
C:\hlocal\igr\practica7\freeglut project 3D\Debug\vc110.idb
C:\hlocal\igr\practica7\freeglut project 3D\Debug\vc110.pdb
C:\hlocal\igr\practica7\Debug\practica7.pdb
C:\hlocal\igr\practica7\Debug\practica7.exe
C:\hlocal\igr\practica7\Debug\practica7.ilk
